<?xml version="1.0" encoding="UTF-8"?>
<testsuite xmlns:xsi="http://www.w3.org/2001/XMLSchema-instance" xsi:noNamespaceSchemaLocation="https://maven.apache.org/surefire/maven-surefire-plugin/xsd/surefire-test-report-3.0.xsd" version="3.0" name="examples.tests.TestRunner" time="51.209" tests="1" errors="0" skipped="0" failures="1">
  <properties>
    <property name="java.specification.version" value="17"/>
    <property name="sun.cpu.isalist" value="amd64"/>
    <property name="sun.jnu.encoding" value="Cp1252"/>
    <property name="java.class.path" value="C:\Users\PC114_Zenity\Desktop\Ulrich\projets\KarateAPI\target\test-classes;C:\Users\PC114_Zenity\Desktop\Ulrich\projets\KarateAPI\target\classes;C:\Users\PC114_Zenity\.m2\repository\com\intuit\karate\karate-junit4\1.0.0\karate-junit4-1.0.0.jar;C:\Users\PC114_Zenity\.m2\repository\junit\junit\4.13.1\junit-4.13.1.jar;C:\Users\PC114_Zenity\.m2\repository\org\hamcrest\hamcrest-core\1.3\hamcrest-core-1.3.jar;C:\Users\PC114_Zenity\.m2\repository\com\intuit\karate\karate-core\1.0.1\karate-core-1.0.1.jar;C:\Users\PC114_Zenity\.m2\repository\org\graalvm\js\js-scriptengine\21.0.0\js-scriptengine-21.0.0.jar;C:\Users\PC114_Zenity\.m2\repository\org\graalvm\sdk\graal-sdk\21.0.0\graal-sdk-21.0.0.jar;C:\Users\PC114_Zenity\.m2\repository\org\graalvm\js\js\21.0.0\js-21.0.0.jar;C:\Users\PC114_Zenity\.m2\repository\org\graalvm\regex\regex\21.0.0\regex-21.0.0.jar;C:\Users\PC114_Zenity\.m2\repository\org\graalvm\truffle\truffle-api\21.0.0\truffle-api-21.0.0.jar;C:\Users\PC114_Zenity\.m2\repository\com\ibm\icu\icu4j\67.1\icu4j-67.1.jar;C:\Users\PC114_Zenity\.m2\repository\ch\qos\logback\logback-classic\1.2.3\logback-classic-1.2.3.jar;C:\Users\PC114_Zenity\.m2\repository\ch\qos\logback\logback-core\1.2.3\logback-core-1.2.3.jar;C:\Users\PC114_Zenity\.m2\repository\org\slf4j\slf4j-api\1.7.25\slf4j-api-1.7.25.jar;C:\Users\PC114_Zenity\.m2\repository\org\slf4j\jcl-over-slf4j\1.7.25\jcl-over-slf4j-1.7.25.jar;C:\Users\PC114_Zenity\.m2\repository\com\jayway\jsonpath\json-path\2.5.0\json-path-2.5.0.jar;C:\Users\PC114_Zenity\.m2\repository\net\minidev\json-smart\2.3\json-smart-2.3.jar;C:\Users\PC114_Zenity\.m2\repository\net\minidev\accessors-smart\1.2\accessors-smart-1.2.jar;C:\Users\PC114_Zenity\.m2\repository\org\ow2\asm\asm\5.0.4\asm-5.0.4.jar;C:\Users\PC114_Zenity\.m2\repository\info\cukes\cucumber-java\1.2.5\cucumber-java-1.2.5.jar;C:\Users\PC114_Zenity\.m2\repository\info\cukes\cucumber-core\1.2.5\cucumber-core-1.2.5.jar;C:\Users\PC114_Zenity\.m2\repository\org\yaml\snakeyaml\1.27\snakeyaml-1.27.jar;C:\Users\PC114_Zenity\.m2\repository\de\siegmar\fastcsv\1.0.4\fastcsv-1.0.4.jar;C:\Users\PC114_Zenity\.m2\repository\info\picocli\picocli\4.5.2\picocli-4.5.2.jar;C:\Users\PC114_Zenity\.m2\repository\com\intuit\karate\karate-apache\0.9.6\karate-apache-0.9.6.jar;C:\Users\PC114_Zenity\.m2\repository\org\apache\httpcomponents\httpclient\4.5.12\httpclient-4.5.12.jar;C:\Users\PC114_Zenity\.m2\repository\org\apache\httpcomponents\httpcore\4.4.13\httpcore-4.4.13.jar;C:\Users\PC114_Zenity\.m2\repository\commons-codec\commons-codec\1.11\commons-codec-1.11.jar;C:\Users\PC114_Zenity\.m2\repository\org\apache\httpcomponents\httpmime\4.5.12\httpmime-4.5.12.jar;C:\Users\PC114_Zenity\.m2\repository\net\masterthought\cucumber-reporting\5.7.2\cucumber-reporting-5.7.2.jar;C:\Users\PC114_Zenity\.m2\repository\com\fasterxml\jackson\core\jackson-databind\2.13.2.2\jackson-databind-2.13.2.2.jar;C:\Users\PC114_Zenity\.m2\repository\com\fasterxml\jackson\core\jackson-annotations\2.13.2\jackson-annotations-2.13.2.jar;C:\Users\PC114_Zenity\.m2\repository\com\fasterxml\jackson\core\jackson-core\2.13.2\jackson-core-2.13.2.jar;C:\Users\PC114_Zenity\.m2\repository\com\fasterxml\jackson\datatype\jackson-datatype-jsr310\2.13.2\jackson-datatype-jsr310-2.13.2.jar;C:\Users\PC114_Zenity\.m2\repository\org\apache\velocity\velocity-engine-core\2.3\velocity-engine-core-2.3.jar;C:\Users\PC114_Zenity\.m2\repository\commons-collections\commons-collections\3.2.2\commons-collections-3.2.2.jar;C:\Users\PC114_Zenity\.m2\repository\joda-time\joda-time\2.10.14\joda-time-2.10.14.jar;C:\Users\PC114_Zenity\.m2\repository\org\apache\commons\commons-lang3\3.12.0\commons-lang3-3.12.0.jar;C:\Users\PC114_Zenity\.m2\repository\commons-io\commons-io\2.7\commons-io-2.7.jar;C:\Users\PC114_Zenity\.m2\repository\org\codehaus\plexus\plexus-utils\3.4.2\plexus-utils-3.4.2.jar;C:\Users\PC114_Zenity\.m2\repository\org\jsoup\jsoup\1.15.1\jsoup-1.15.1.jar;C:\Users\PC114_Zenity\.m2\repository\com\google\guava\guava\31.1-jre\guava-31.1-jre.jar;C:\Users\PC114_Zenity\.m2\repository\com\google\guava\failureaccess\1.0.1\failureaccess-1.0.1.jar;C:\Users\PC114_Zenity\.m2\repository\com\google\guava\listenablefuture\9999.0-empty-to-avoid-conflict-with-guava\listenablefuture-9999.0-empty-to-avoid-conflict-with-guava.jar;C:\Users\PC114_Zenity\.m2\repository\com\google\code\findbugs\jsr305\3.0.2\jsr305-3.0.2.jar;C:\Users\PC114_Zenity\.m2\repository\org\checkerframework\checker-qual\3.12.0\checker-qual-3.12.0.jar;C:\Users\PC114_Zenity\.m2\repository\com\google\errorprone\error_prone_annotations\2.11.0\error_prone_annotations-2.11.0.jar;C:\Users\PC114_Zenity\.m2\repository\com\google\j2objc\j2objc-annotations\1.3\j2objc-annotations-1.3.jar;C:\Users\PC114_Zenity\.m2\repository\com\googlecode\owasp-java-html-sanitizer\owasp-java-html-sanitizer\20211018.2\owasp-java-html-sanitizer-20211018.2.jar;C:\Users\PC114_Zenity\.m2\repository\commons-configuration\commons-configuration\1.10\commons-configuration-1.10.jar;C:\Users\PC114_Zenity\.m2\repository\commons-lang\commons-lang\2.6\commons-lang-2.6.jar;C:\Users\PC114_Zenity\.m2\repository\commons-logging\commons-logging\1.1.1\commons-logging-1.1.1.jar;"/>
    <property name="java.vm.vendor" value="Oracle Corporation"/>
    <property name="sun.arch.data.model" value="64"/>
    <property name="user.variant" value=""/>
    <property name="java.vendor.url" value="https://java.oracle.com/"/>
    <property name="user.timezone" value="Europe/Paris"/>
    <property name="os.name" value="Windows 10"/>
    <property name="java.vm.specification.version" value="17"/>
    <property name="sun.java.launcher" value="SUN_STANDARD"/>
    <property name="user.country" value="FR"/>
    <property name="sun.boot.library.path" value="C:\Users\PC114_Zenity\Desktop\Ulrich\JAVA\jdk-17.0.1\bin"/>
    <property name="sun.java.command" value="C:\Users\PC114_Zenity\AppData\Local\Temp\surefire10465040946462150229\surefirebooter16162064525068001610.jar C:\Users\PC114_Zenity\AppData\Local\Temp\surefire10465040946462150229 2023-02-16T16-49-04_936-jvmRun1 surefire9337476614267783482tmp surefire_083712657920213910tmp"/>
    <property name="jdk.debug" value="release"/>
    <property name="surefire.test.class.path" value="C:\Users\PC114_Zenity\Desktop\Ulrich\projets\KarateAPI\target\test-classes;C:\Users\PC114_Zenity\Desktop\Ulrich\projets\KarateAPI\target\classes;C:\Users\PC114_Zenity\.m2\repository\com\intuit\karate\karate-junit4\1.0.0\karate-junit4-1.0.0.jar;C:\Users\PC114_Zenity\.m2\repository\junit\junit\4.13.1\junit-4.13.1.jar;C:\Users\PC114_Zenity\.m2\repository\org\hamcrest\hamcrest-core\1.3\hamcrest-core-1.3.jar;C:\Users\PC114_Zenity\.m2\repository\com\intuit\karate\karate-core\1.0.1\karate-core-1.0.1.jar;C:\Users\PC114_Zenity\.m2\repository\org\graalvm\js\js-scriptengine\21.0.0\js-scriptengine-21.0.0.jar;C:\Users\PC114_Zenity\.m2\repository\org\graalvm\sdk\graal-sdk\21.0.0\graal-sdk-21.0.0.jar;C:\Users\PC114_Zenity\.m2\repository\org\graalvm\js\js\21.0.0\js-21.0.0.jar;C:\Users\PC114_Zenity\.m2\repository\org\graalvm\regex\regex\21.0.0\regex-21.0.0.jar;C:\Users\PC114_Zenity\.m2\repository\org\graalvm\truffle\truffle-api\21.0.0\truffle-api-21.0.0.jar;C:\Users\PC114_Zenity\.m2\repository\com\ibm\icu\icu4j\67.1\icu4j-67.1.jar;C:\Users\PC114_Zenity\.m2\repository\ch\qos\logback\logback-classic\1.2.3\logback-classic-1.2.3.jar;C:\Users\PC114_Zenity\.m2\repository\ch\qos\logback\logback-core\1.2.3\logback-core-1.2.3.jar;C:\Users\PC114_Zenity\.m2\repository\org\slf4j\slf4j-api\1.7.25\slf4j-api-1.7.25.jar;C:\Users\PC114_Zenity\.m2\repository\org\slf4j\jcl-over-slf4j\1.7.25\jcl-over-slf4j-1.7.25.jar;C:\Users\PC114_Zenity\.m2\repository\com\jayway\jsonpath\json-path\2.5.0\json-path-2.5.0.jar;C:\Users\PC114_Zenity\.m2\repository\net\minidev\json-smart\2.3\json-smart-2.3.jar;C:\Users\PC114_Zenity\.m2\repository\net\minidev\accessors-smart\1.2\accessors-smart-1.2.jar;C:\Users\PC114_Zenity\.m2\repository\org\ow2\asm\asm\5.0.4\asm-5.0.4.jar;C:\Users\PC114_Zenity\.m2\repository\info\cukes\cucumber-java\1.2.5\cucumber-java-1.2.5.jar;C:\Users\PC114_Zenity\.m2\repository\info\cukes\cucumber-core\1.2.5\cucumber-core-1.2.5.jar;C:\Users\PC114_Zenity\.m2\repository\org\yaml\snakeyaml\1.27\snakeyaml-1.27.jar;C:\Users\PC114_Zenity\.m2\repository\de\siegmar\fastcsv\1.0.4\fastcsv-1.0.4.jar;C:\Users\PC114_Zenity\.m2\repository\info\picocli\picocli\4.5.2\picocli-4.5.2.jar;C:\Users\PC114_Zenity\.m2\repository\com\intuit\karate\karate-apache\0.9.6\karate-apache-0.9.6.jar;C:\Users\PC114_Zenity\.m2\repository\org\apache\httpcomponents\httpclient\4.5.12\httpclient-4.5.12.jar;C:\Users\PC114_Zenity\.m2\repository\org\apache\httpcomponents\httpcore\4.4.13\httpcore-4.4.13.jar;C:\Users\PC114_Zenity\.m2\repository\commons-codec\commons-codec\1.11\commons-codec-1.11.jar;C:\Users\PC114_Zenity\.m2\repository\org\apache\httpcomponents\httpmime\4.5.12\httpmime-4.5.12.jar;C:\Users\PC114_Zenity\.m2\repository\net\masterthought\cucumber-reporting\5.7.2\cucumber-reporting-5.7.2.jar;C:\Users\PC114_Zenity\.m2\repository\com\fasterxml\jackson\core\jackson-databind\2.13.2.2\jackson-databind-2.13.2.2.jar;C:\Users\PC114_Zenity\.m2\repository\com\fasterxml\jackson\core\jackson-annotations\2.13.2\jackson-annotations-2.13.2.jar;C:\Users\PC114_Zenity\.m2\repository\com\fasterxml\jackson\core\jackson-core\2.13.2\jackson-core-2.13.2.jar;C:\Users\PC114_Zenity\.m2\repository\com\fasterxml\jackson\datatype\jackson-datatype-jsr310\2.13.2\jackson-datatype-jsr310-2.13.2.jar;C:\Users\PC114_Zenity\.m2\repository\org\apache\velocity\velocity-engine-core\2.3\velocity-engine-core-2.3.jar;C:\Users\PC114_Zenity\.m2\repository\commons-collections\commons-collections\3.2.2\commons-collections-3.2.2.jar;C:\Users\PC114_Zenity\.m2\repository\joda-time\joda-time\2.10.14\joda-time-2.10.14.jar;C:\Users\PC114_Zenity\.m2\repository\org\apache\commons\commons-lang3\3.12.0\commons-lang3-3.12.0.jar;C:\Users\PC114_Zenity\.m2\repository\commons-io\commons-io\2.7\commons-io-2.7.jar;C:\Users\PC114_Zenity\.m2\repository\org\codehaus\plexus\plexus-utils\3.4.2\plexus-utils-3.4.2.jar;C:\Users\PC114_Zenity\.m2\repository\org\jsoup\jsoup\1.15.1\jsoup-1.15.1.jar;C:\Users\PC114_Zenity\.m2\repository\com\google\guava\guava\31.1-jre\guava-31.1-jre.jar;C:\Users\PC114_Zenity\.m2\repository\com\google\guava\failureaccess\1.0.1\failureaccess-1.0.1.jar;C:\Users\PC114_Zenity\.m2\repository\com\google\guava\listenablefuture\9999.0-empty-to-avoid-conflict-with-guava\listenablefuture-9999.0-empty-to-avoid-conflict-with-guava.jar;C:\Users\PC114_Zenity\.m2\repository\com\google\code\findbugs\jsr305\3.0.2\jsr305-3.0.2.jar;C:\Users\PC114_Zenity\.m2\repository\org\checkerframework\checker-qual\3.12.0\checker-qual-3.12.0.jar;C:\Users\PC114_Zenity\.m2\repository\com\google\errorprone\error_prone_annotations\2.11.0\error_prone_annotations-2.11.0.jar;C:\Users\PC114_Zenity\.m2\repository\com\google\j2objc\j2objc-annotations\1.3\j2objc-annotations-1.3.jar;C:\Users\PC114_Zenity\.m2\repository\com\googlecode\owasp-java-html-sanitizer\owasp-java-html-sanitizer\20211018.2\owasp-java-html-sanitizer-20211018.2.jar;C:\Users\PC114_Zenity\.m2\repository\commons-configuration\commons-configuration\1.10\commons-configuration-1.10.jar;C:\Users\PC114_Zenity\.m2\repository\commons-lang\commons-lang\2.6\commons-lang-2.6.jar;C:\Users\PC114_Zenity\.m2\repository\commons-logging\commons-logging\1.1.1\commons-logging-1.1.1.jar;"/>
    <property name="sun.cpu.endian" value="little"/>
    <property name="user.home" value="C:\Users\PC114_Zenity"/>
    <property name="user.language" value="fr"/>
    <property name="java.specification.vendor" value="Oracle Corporation"/>
    <property name="java.version.date" value="2021-10-19"/>
    <property name="java.home" value="C:\Users\PC114_Zenity\Desktop\Ulrich\JAVA\jdk-17.0.1"/>
    <property name="file.separator" value="\"/>
    <property name="basedir" value="C:\Users\PC114_Zenity\Desktop\Ulrich\projets\KarateAPI"/>
    <property name="java.vm.compressedOopsMode" value="Zero based"/>
    <property name="line.separator" value="&#10;"/>
    <property name="java.vm.specification.vendor" value="Oracle Corporation"/>
    <property name="java.specification.name" value="Java Platform API Specification"/>
    <property name="surefire.real.class.path" value="C:\Users\PC114_Zenity\AppData\Local\Temp\surefire10465040946462150229\surefirebooter16162064525068001610.jar"/>
    <property name="user.script" value=""/>
    <property name="sun.management.compiler" value="HotSpot 64-Bit Tiered Compilers"/>
    <property name="java.runtime.version" value="17.0.1+12-LTS-39"/>
    <property name="user.name" value="PC114_Zenity"/>
    <property name="path.separator" value=";"/>
    <property name="os.version" value="10.0"/>
    <property name="java.runtime.name" value="Java(TM) SE Runtime Environment"/>
    <property name="file.encoding" value="UTF-8"/>
    <property name="java.vm.name" value="Java HotSpot(TM) 64-Bit Server VM"/>
    <property name="localRepository" value="C:\Users\PC114_Zenity\.m2\repository"/>
    <property name="java.vendor.url.bug" value="https://bugreport.java.com/bugreport/"/>
    <property name="java.io.tmpdir" value="C:\Users\PC114_~1\AppData\Local\Temp\"/>
    <property name="java.version" value="17.0.1"/>
    <property name="cucumber.filter.tags" value="@Login"/>
    <property name="user.dir" value="C:\Users\PC114_Zenity\Desktop\Ulrich\projets\KarateAPI"/>
    <property name="os.arch" value="amd64"/>
    <property name="java.vm.specification.name" value="Java Virtual Machine Specification"/>
    <property name="sun.os.patch.level" value=""/>
    <property name="native.encoding" value="Cp1252"/>
    <property name="java.library.path" value="C:\Users\PC114_Zenity\Desktop\Ulrich\JAVA\jdk-17.0.1\bin;C:\Windows\Sun\Java\bin;C:\Windows\system32;C:\Windows;C:\Windows\system32;C:\Windows;C:\Windows\System32\Wbem;C:\Windows\System32\WindowsPowerShell\v1.0\;C:\Windows\System32\OpenSSH\;C:\Program Files\Intel\WiFi\bin\;C:\Program Files\Common Files\Intel\WirelessCommon\;C:\Program Files (x86)\Intel\Intel(R) Management Engine Components\DAL;C:\Program Files\Intel\Intel(R) Management Engine Components\DAL;C:\Users\PC114_Zenity\Desktop\Ulrich\JAVA\Maven\apache-maven-3.8.5\bin;C:\Users\PC114_Zenity\Desktop\Ulrich\JAVA\jdk-17.0.1\bin;C:\Program Files\Git\cmd;C:\Program Files\nodejs\;C:\Users\PC114_Zenity\scoop\shims;C:\Users\PC114_Zenity\AppData\Local\Android\Sdk\cmdline-tools\tools\bin;C:\Users\PC114_Zenity\AppData\Local\Android\Sdk\platform-tools;C:\Users\PC114_Zenity\AppData\Local\Android\Sdk\emulator;C:\Program Files\dotnet\;C:\Users\PC114_Zenity\scoop\shims;C:\Users\PC114_Zenity\AppData\Local\Microsoft\WindowsApps;C:\Users\PC114_Zenity\Desktop\Ulrich\JAVA\Maven\apache-maven-3.8.5\bin;C:\Users\PC114_Zenity\Desktop\Ulrich\JAVA\jdk-17.0.1\bin;C:\Program Files\Git\cmd;C:\Users\PC114_Zenity\AppData\Roaming\npm;C:\Users\PC114_Zenity\scoop\shims;C:\Users\PC114_Zenity\AppData\Local\Android\Sdk\cmdline-tools\tools\bin;C:\Users\PC114_Zenity\AppData\Local\Android\Sdk\platform-tools;C:\Users\PC114_Zenity\AppData\Local\Android\Sdk\emulator;;."/>
    <property name="java.vm.info" value="mixed mode, sharing"/>
    <property name="java.vendor" value="Oracle Corporation"/>
    <property name="java.vm.version" value="17.0.1+12-LTS-39"/>
    <property name="sun.io.unicode.encoding" value="UnicodeLittle"/>
    <property name="java.class.version" value="61.0"/>
  </properties>
  <testcase name="testParallel" classname="examples.tests.TestRunner" time="51.151">
    <failure message="status code was: 400, expected: 201, response time in milliseconds: 1022, url: https://pesa-backend-production.up.railway.app/api/v1/user/register, response: &#10;{&quot;statusCode&quot;:400,&quot;message&quot;:&quot;Cet utilisateur existe déjà&quot;}&#10;classpath:examples/tests/Post.feature:17&#10;status code was: 500, expected: 201, response time in milliseconds: 2345, url: https://pesa-backend-production.up.railway.app/api/v1/product-subscription, response: &#10;{&quot;statusCode&quot;:500,&quot;message&quot;:&quot;Internal server error&quot;}&#10;classpath:examples/tests/Post.feature:45&#10;did not evaluate to &apos;true&apos;: response.length == 38&#10;classpath:examples/tests/Get.feature:36&#10;http call failed after 5006 milliseconds for url: https://pesa-backend-production.up.railway.app/api/v1/wallet/63df5c36ad437ea9f60e8034&#10;classpath:examples/tests/Get.feature:43&#10;match failed: EQUALS&#10;  $ | data types don&apos;t match (NULL:STRING)&#10;  null&#10;  &apos;SC GRé&apos;&#10;&#10;classpath:examples/tests/Get.feature:76" type="junit.framework.AssertionFailedError"><![CDATA[junit.framework.AssertionFailedError: 
status code was: 400, expected: 201, response time in milliseconds: 1022, url: https://pesa-backend-production.up.railway.app/api/v1/user/register, response: 
{"statusCode":400,"message":"Cet utilisateur existe déjà"}
classpath:examples/tests/Post.feature:17
status code was: 500, expected: 201, response time in milliseconds: 2345, url: https://pesa-backend-production.up.railway.app/api/v1/product-subscription, response: 
{"statusCode":500,"message":"Internal server error"}
classpath:examples/tests/Post.feature:45
did not evaluate to 'true': response.length == 38
classpath:examples/tests/Get.feature:36
http call failed after 5006 milliseconds for url: https://pesa-backend-production.up.railway.app/api/v1/wallet/63df5c36ad437ea9f60e8034
classpath:examples/tests/Get.feature:43
match failed: EQUALS
  $ | data types don't match (NULL:STRING)
  null
  'SC GRé'

classpath:examples/tests/Get.feature:76
	at examples.tests.TestRunner.testParallel(TestRunner.java:45)
]]></failure>
    <system-out><![CDATA[Deleteing files: target\cucumber-html-reports\css
Deleteing files: target\cucumber-html-reports\embeddings
Deleteing files: target\cucumber-html-reports\fonts
Deleteing files: target\cucumber-html-reports\images
Deleteing files: target\cucumber-html-reports\js
Deleteing files: target\cucumber-html-reports\overview-failures.html
Deleteing files: target\cucumber-html-reports\overview-features.html
Deleteing files: target\cucumber-html-reports\overview-steps.html
Deleteing files: target\cucumber-html-reports\overview-tags.html
Deleteing files: target\cucumber-html-reports\report-feature_1759317257.html
Deleteing files: target\cucumber-html-reports\report-feature_1_1737424700.html
Deleteing files: target\cucumber-html-reports\report-feature_2_3771396219.html
Deleteing files: target\cucumber-html-reports\report-tag_1214558976.html
Deleteing files: target\cucumber-html-reports\report-tag_1214558977.html
Deleteing files: target\cucumber-html-reports\report-tag_1214558978.html
Deleteing files: target\cucumber-html-reports\report-tag_1214558979.html
Deleteing files: target\cucumber-html-reports\report-tag_3641623727.html
Deleteing files: target\cucumber-html-reports\report-tag_4048441206.html
Deleteing files: target\cucumber-html-reports\report-tag_4048441207.html
Deleteing files: target\cucumber-html-reports\report-tag_4048441208.html
Deleteing files: target\cucumber-html-reports\report-tag_4048441209.html
Deleteing files: target\cucumber-html-reports\report-tag_4048441210.html
Deleteing files: target\cucumber-html-reports\report-tag_4048441211.html
Deleteing files: target\cucumber-html-reports\report-tag_4048441212.html
Deleteing files: target\cucumber-html-reports\report-tag_4048441213.html
Deleteing files: target\cucumber-html-reports\report-tag_4048441214.html
Deleteing files: target\cucumber-html-reports\report-tag_4048441236.html
Deleteing files: target\cucumber-html-reports\report-tag_4048441237.html
Deleteing files: target\cucumber-html-reports\report-tag_4053346056.html
Deleteing files: target\cucumber-html-reports\report-tag_4082896900.html
Deleteing files: target\cucumber-html-reports\report-tag_494055589.html
16:49:07.461 [main] DEBUG com.intuit.karate.Suite - [config] classpath:karate-config.js
16:49:07.467 [main] INFO  com.intuit.karate.Suite - backed up existing 'target\karate-reports' dir to: target\karate-reports_1676562547466
16:49:08.517 [main] INFO  com.intuit.karate - >> lock acquired, begin callSingle: login.feature
16:49:09.028 [main] DEBUG com.intuit.karate - request:
1 > POST https://pesa-backend-production.up.railway.app/api/v1/auth/login
1 > Content-type: application/json; charset=UTF-8
1 > Content-Length: 51
1 > Host: pesa-backend-production.up.railway.app
1 > Connection: Keep-Alive
1 > User-Agent: Apache-HttpClient/4.5.13 (Java/17.0.1)
1 > Accept-Encoding: gzip,deflate
{"password":123457,"email":"gabitendong@gmail.com"}

16:49:11.705 [main] DEBUG com.intuit.karate - response time in milliseconds: 2674
1 < 201
1 < x-powered-by: Express
1 < access-control-allow-origin: *
1 < content-type: application/json; charset=utf-8
1 < content-length: 524
1 < etag: W/"20c-V7TVacu8dqMdNWbAhoK212FoxQI"
1 < date: Thu, 16 Feb 2023 15:49:11 GMT
1 < x-envoy-upstream-service-time: 547
1 < server: railway
{"user":{"birth_day":"2003-02-15T00:00:00.000Z","password":"$2b$10$P8AGzDh6FQ0R0DYi9sG3VeVJmVsLBVFFg85OUiFmxBbLOtmNBo2ki","role":["User"],"phone":"655757902","isCreatedByAdmin":false,"__v":0,"last_name":"Tendong","_id":"63eca75c21e6713f8b9f54bf","isActive":true,"first_name":"Gabriel","email":"gabitendong@gmail.com","isEmailConfirmed":true},"token":"eyJhbGciOiJIUzI1NiIsInR5cCI6IkpXVCJ9.eyJpZCI6IjYzZWNhNzVjMjFlNjcxM2Y4YjlmNTRiZiIsImlhdCI6MTY3NjU2MjU1MSwiZXhwIjoxNjc2NjQ4OTUxfQ.EmMsSpapiWV59ThGDr6mymQ2_M9OcsPSAQlJ073yrn4"}
16:49:11.712 [main] INFO  com.intuit.karate - [print] {
  "user": {
    "birth_day": "2003-02-15T00:00:00.000Z",
    "password": "$2b$10$P8AGzDh6FQ0R0DYi9sG3VeVJmVsLBVFFg85OUiFmxBbLOtmNBo2ki",
    "role": [
      "User"
    ],
    "phone": "655757902",
    "isCreatedByAdmin": false,
    "__v": 0,
    "last_name": "Tendong",
    "_id": "63eca75c21e6713f8b9f54bf",
    "isActive": true,
    "first_name": "Gabriel",
    "email": "gabitendong@gmail.com",
    "isEmailConfirmed": true
  },
  "token": "eyJhbGciOiJIUzI1NiIsInR5cCI6IkpXVCJ9.eyJpZCI6IjYzZWNhNzVjMjFlNjcxM2Y4YjlmNTRiZiIsImlhdCI6MTY3NjU2MjU1MSwiZXhwIjoxNjc2NjQ4OTUxfQ.EmMsSpapiWV59ThGDr6mymQ2_M9OcsPSAQlJ073yrn4"
}
 
16:49:11.714 [main] INFO  com.intuit.karate - << lock released, cached callSingle: login.feature
16:49:11.724 [main] DEBUG com.intuit.karate - request:
1 > GET https://pesa-backend-production.up.railway.app/api/v1/user
1 > Content-type: application/json
1 > Authorization: Bearer eyJhbGciOiJIUzI1NiIsInR5cCI6IkpXVCJ9.eyJpZCI6IjYzZWNhNzVjMjFlNjcxM2Y4YjlmNTRiZiIsImlhdCI6MTY3NjU2MjU1MSwiZXhwIjoxNjc2NjQ4OTUxfQ.EmMsSpapiWV59ThGDr6mymQ2_M9OcsPSAQlJ073yrn4
1 > Host: pesa-backend-production.up.railway.app
1 > Connection: Keep-Alive
1 > User-Agent: Apache-HttpClient/4.5.13 (Java/17.0.1)
1 > Accept-Encoding: gzip,deflate


16:49:15.184 [main] DEBUG com.intuit.karate - response time in milliseconds: 3458
1 < 200
1 < x-powered-by: Express
1 < access-control-allow-origin: *
1 < content-type: application/json; charset=utf-8
1 < content-length: 7156
1 < etag: W/"1bf4-bHpO139bK8XAfP0B69HMbBRE590"
1 < date: Thu, 16 Feb 2023 15:49:14 GMT
1 < x-envoy-upstream-service-time: 525
1 < server: railway
[{"birth_day":"1970-01-01T05:33:10.501Z","password":"$2b$10$guLY3aS7eMyjqyLCghgMdu6Y4WfOWbsOsOIMzP5K9APtvXLcYOUga","role":["SuperAdmin"],"phone":"696074199","isCreatedByAdmin":false,"__v":0,"last_name":"fafniru","_id":"63ca63e13b641efd19438730","isActive":true,"first_name":"Fafniru","email":"root@gmail.com","isEmailConfirmed":true},{"birth_day":"2000-01-24T00:00:00.000Z","password":"$2b$10$gEIs1rvdZKl1rm26qjYEjebygzCnDj.xoRSOeSTWmzdcySIF5X7Cm","role":["User"],"phone":"654785425","isCreatedByAdmin":false,"__v":0,"last_name":"Tendong","_id":"63cfa0075c79aca924389367","isActive":true,"first_name":"Gabriel","email":"gabriel.tendongpk71@gmail.com","isEmailConfirmed":true},{"birth_day":"2004-12-18T00:00:00.000Z","password":"$2b$10$mp.wTtDMMVMOSq.M0TviXeFMgspoZr6B1WcRjo1CA9mwDpK3vxRMq","role":["Admin"],"phone":"+237696074190","isCreatedByAdmin":false,"__v":0,"last_name":"AHMADOU","_id":"63cfb71d07003e7ecec8115a","isActive":true,"first_name":"Hamman bello","email":"gabitendongoff@gmail.com","isEmailConfirmed":true},{"birth_day":"1970-01-01T05:33:10.501Z","password":"$2b$10$wW356.N\/ruscwy1Vwzn7..DieIemLFb9zedwJIAXFtAPP5xQ.BEG.","role":["User"],"phone":"696074199","isCreatedByAdmin":false,"__v":0,"last_name":"Merkelom","_id":"63da93afd78544f455dab69c","isActive":true,"first_name":"Batch4","email":"batch1956@amysy.com","isEmailConfirmed":false},{"birth_day":"2004-12-09T00:00:00.000Z","password":"$2b$10$rhqmsRb9dt9lejVLe8UDwewqIN7R\/Xkojf5LAwlZ.RdFWr5pw880W","role":["Admin"],"phone":"+334567898765","isCreatedByAdmin":true,"__v":0,"last_name":"L. Luttrell","_id":"63e27048993b5f9a52eb82ac","isActive":true,"first_name":"Daniel ","email":"dankiel.luttrell@yopmail.com","isEmailConfirmed":true},{"birth_day":"2004-12-09T00:00:00.000Z","password":"$2b$10$sP.A0rPhSmxKb0cHZeYkAeAOpC.VeBhwSU\/.H.yAtCxvWYnDvKePq","role":["Admin"],"phone":"+237696074190","isCreatedByAdmin":true,"__v":0,"last_name":"POLA","_id":"63e27913993b5f9a52eb83d3","isActive":true,"first_name":"AHMADOU","email":"dankiel.luttrfell@yopmail.com","isEmailConfirmed":true},{"birth_day":"2004-12-09T00:00:00.000Z","password":"$2b$10$KkZCbA3Uply7zeFH7i5oq.NiBqeSsSSysvv4JxNJ27vNQkSPdxla.","role":["Admin"],"phone":"+336767898765","isCreatedByAdmin":true,"__v":0,"last_name":"E. Bryan","_id":"63e283ad993b5f9a52eb859d","isActive":true,"first_name":"judith","email":"judith.bryan@yopmail.com","isEmailConfirmed":true},{"birth_day":"2004-12-09T00:00:00.000Z","password":"$2b$10$uq12Jk0e2MbTggvNE8kbIOEbZ2zzNcjeSubFJO2DJpt557SF\/hDba","role":["Admin"],"phone":"+330236999380","isCreatedByAdmin":true,"__v":0,"last_name":"Vernadeau","_id":"63e3804224786384b87f177a","isActive":true,"first_name":"Huette","email":"dorothee.thibodeau@yopmail.com","isEmailConfirmed":true},{"birth_day":"2004-12-09T00:00:00.000Z","password":"$2b$10$1q6UFCHlYHm1g\/o.3G0cSegtBCVXg8KB0E0lVWTF7lkqTJkJslJfa","role":["Admin"],"phone":"+335678987654","isCreatedByAdmin":true,"__v":0,"last_name":"BOSS","_id":"63e523ade1cbdc16bbbea1fc","isActive":true,"first_name":"Eric Jacques","email":"eric.boss@yopmail.com","isEmailConfirmed":true},{"birth_day":"2004-12-09T00:00:00.000Z","password":"$2b$10$yv06XX7izet8dxzpc8l2iOvPg409Wkd.WWu4TRz2QXPYedGZfvNaa","role":["Admin"],"phone":"0274597637","isCreatedByAdmin":true,"__v":0,"last_name":"Fluet","_id":"63eb9ddc475413c1984e04c8","isActive":true,"first_name":"mariette","email":"fluet.mariette@yopmail.com","isEmailConfirmed":true},{"birth_day":"2004-12-09T00:00:00.000Z","password":"$2b$10$nBA5IugESftbSIcdr9oOYujN0VP77FDCbYxAit0qfgLz9feKy5HvW","role":["Admin"],"phone":"0261566377","isCreatedByAdmin":true,"__v":0,"last_name":"Leverett ","_id":"63eba2a7fcce97226f762a4a","isActive":true,"first_name":"pirouet","email":"pirouet.leverett@yopmail.com","isEmailConfirmed":true},{"birth_day":"1970-01-01T05:33:10.509Z","password":"$2b$10$IVEppXxuipoFaZJ.nnMW5OQ.M.0i32Jb1KX.b65ykbTg0F3ZY0txe","role":["Admin"],"phone":"696894199","isCreatedByAdmin":true,"__v":0,"last_name":"mappuye","_id":"63eba61dced4433df65d54ac","isActive":true,"first_name":"praufe","email":"praufeimmappuye-6059@yopmail.com","isEmailConfirmed":true},{"birth_day":"1976-02-12T23:00:00.000Z","password":"$2b$10$l7tdbMjE3Hr0r7JEBpJS1uEBNgPiC5lCMr.PPu8fn9figqVgC7YFi","role":["User"],"phone":"0130804537","isCreatedByAdmin":true,"__v":0,"last_name":"Brochu","_id":"63eba64aced4433df65d54b3","isActive":true,"first_name":" Marie Christiane ","email":"marie.brochu@yopmail.com","isEmailConfirmed":true},{"birth_day":"2004-12-09T00:00:00.000Z","password":"$2b$10$.mqVfGrCpAJv2TXsmwYCTO.F7JRBlTHqFlFQo8RB\/yrFNfkHZEsmW","role":["Admin"],"phone":"123456789","isCreatedByAdmin":true,"__v":0,"last_name":"Rossignol","_id":"63eba7e3ced4433df65d54ce","isActive":true,"first_name":"Stéphane ","email":"stephane.ross@yopmail.com","isEmailConfirmed":true},{"birth_day":"2016-12-31T23:00:00.000Z","password":"$2b$10$AJCOW02oFEeklV14KLLIf.e.m35sisNyVg2K32218Hqnj9Q6Tatbe","role":["User"],"phone":"0127376454","isCreatedByAdmin":true,"__v":0,"last_name":"Chrétien","_id":"63ebabf2ced4433df65d54e1","isActive":true,"first_name":"Gaston ","email":"gaston.chretien@yopmail.com","isEmailConfirmed":false},{"birth_day":"2003-02-15T00:00:00.000Z","password":"$2b$10$P8AGzDh6FQ0R0DYi9sG3VeVJmVsLBVFFg85OUiFmxBbLOtmNBo2ki","role":["User"],"phone":"655757902","isCreatedByAdmin":false,"__v":0,"last_name":"Tendong","_id":"63eca75c21e6713f8b9f54bf","isActive":true,"first_name":"Gabriel","email":"gabitendong@gmail.com","isEmailConfirmed":true},{"birth_day":"2000-12-12T00:00:00.000Z","password":"$2b$10$vjCSrc3bqwG0QCcEVlUB1.J6mm2nZl33vRdd2Bp1onct3XEXRm4Ra","role":["SuperAdmin"],"phone":"655797902","isCreatedByAdmin":false,"__v":0,"last_name":"Okourou","_id":"63eca87e265224556e41266e","isActive":true,"first_name":"Francine","email":"francine.okourou@gmail.com","isEmailConfirmed":true},{"birth_day":"2016-12-31T23:00:00.000Z","password":"$2b$10$DJJedtFoORIMJ6Rr\/xq\/eez8pZH3KoOwnSL6xB2.u4P303r4ixPFG","role":["User"],"phone":"06789876765","isCreatedByAdmin":true,"__v":0,"last_name":"Elechi","_id":"63ecae576cb610809cab445c","isActive":true,"first_name":"Okoli ","email":"rolland.aka@yopmail.com","isEmailConfirmed":true},{"birth_day":"2016-12-31T23:00:00.000Z","password":"$2b$10$x68m6VfAPXk2eCh9O6\/7FufhvJ9v2Z0MHWniDUpfhP4X6Uu8VAoIa","role":["User"],"phone":"0987654321","isCreatedByAdmin":true,"__v":0,"last_name":"Zinachidi","_id":"63ecaf666cb610809cab4473","isActive":true,"first_name":"Chinemeremma ","email":"zina.aka@yopmail.com","isEmailConfirmed":true},{"birth_day":"2005-02-07T23:00:00.000Z","password":"$2b$10$eF9hDrRyEGVXUK9ZVE3b\/uh4e80zEQTZ9JK5zIJG3BvmFeXP9nH4i","role":["User"],"phone":"0987654321","isCreatedByAdmin":true,"__v":0,"last_name":"Iweobiegbulam","_id":"63ecb02c6cb610809cab4485","isActive":true,"first_name":"Dike ","email":"dike.aka@yopmail.com","isEmailConfirmed":true},{"birth_day":"1970-01-01T05:33:10.509Z","password":"$2b$10$YpLDon1zoWxoGFnPzOzmfuPdELs.QO68EuOIz7eZrp\/PwRIctmytG","role":["User"],"phone":"696894199","isCreatedByAdmin":true,"__v":0,"last_name":"Zara","_id":"63ecdfd46cb610809cab45c5","isActive":true,"first_name":"Tesfaye7","email":"tesf5@gmail.com","isEmailConfirmed":false}]
16:49:15.188 [main] INFO  com.intuit.karate - [print] [
  {
    "birth_day": "1970-01-01T05:33:10.501Z",
    "password": "$2b$10$guLY3aS7eMyjqyLCghgMdu6Y4WfOWbsOsOIMzP5K9APtvXLcYOUga",
    "role": [
      "SuperAdmin"
    ],
    "phone": "696074199",
    "isCreatedByAdmin": false,
    "__v": 0,
    "last_name": "fafniru",
    "_id": "63ca63e13b641efd19438730",
    "isActive": true,
    "first_name": "Fafniru",
    "email": "root@gmail.com",
    "isEmailConfirmed": true
  },
  {
    "birth_day": "2000-01-24T00:00:00.000Z",
    "password": "$2b$10$gEIs1rvdZKl1rm26qjYEjebygzCnDj.xoRSOeSTWmzdcySIF5X7Cm",
    "role": [
      "User"
    ],
    "phone": "654785425",
    "isCreatedByAdmin": false,
    "__v": 0,
    "last_name": "Tendong",
    "_id": "63cfa0075c79aca924389367",
    "isActive": true,
    "first_name": "Gabriel",
    "email": "gabriel.tendongpk71@gmail.com",
    "isEmailConfirmed": true
  },
  {
    "birth_day": "2004-12-18T00:00:00.000Z",
    "password": "$2b$10$mp.wTtDMMVMOSq.M0TviXeFMgspoZr6B1WcRjo1CA9mwDpK3vxRMq",
    "role": [
      "Admin"
    ],
    "phone": "+237696074190",
    "isCreatedByAdmin": false,
    "__v": 0,
    "last_name": "AHMADOU",
    "_id": "63cfb71d07003e7ecec8115a",
    "isActive": true,
    "first_name": "Hamman bello",
    "email": "gabitendongoff@gmail.com",
    "isEmailConfirmed": true
  },
  {
    "birth_day": "1970-01-01T05:33:10.501Z",
    "password": "$2b$10$wW356.N/ruscwy1Vwzn7..DieIemLFb9zedwJIAXFtAPP5xQ.BEG.",
    "role": [
      "User"
    ],
    "phone": "696074199",
    "isCreatedByAdmin": false,
    "__v": 0,
    "last_name": "Merkelom",
    "_id": "63da93afd78544f455dab69c",
    "isActive": true,
    "first_name": "Batch4",
    "email": "batch1956@amysy.com",
    "isEmailConfirmed": false
  },
  {
    "birth_day": "2004-12-09T00:00:00.000Z",
    "password": "$2b$10$rhqmsRb9dt9lejVLe8UDwewqIN7R/Xkojf5LAwlZ.RdFWr5pw880W",
    "role": [
      "Admin"
    ],
    "phone": "+334567898765",
    "isCreatedByAdmin": true,
    "__v": 0,
    "last_name": "L. Luttrell",
    "_id": "63e27048993b5f9a52eb82ac",
    "isActive": true,
    "first_name": "Daniel ",
    "email": "dankiel.luttrell@yopmail.com",
    "isEmailConfirmed": true
  },
  {
    "birth_day": "2004-12-09T00:00:00.000Z",
    "password": "$2b$10$sP.A0rPhSmxKb0cHZeYkAeAOpC.VeBhwSU/.H.yAtCxvWYnDvKePq",
    "role": [
      "Admin"
    ],
    "phone": "+237696074190",
    "isCreatedByAdmin": true,
    "__v": 0,
    "last_name": "POLA",
    "_id": "63e27913993b5f9a52eb83d3",
    "isActive": true,
    "first_name": "AHMADOU",
    "email": "dankiel.luttrfell@yopmail.com",
    "isEmailConfirmed": true
  },
  {
    "birth_day": "2004-12-09T00:00:00.000Z",
    "password": "$2b$10$KkZCbA3Uply7zeFH7i5oq.NiBqeSsSSysvv4JxNJ27vNQkSPdxla.",
    "role": [
      "Admin"
    ],
    "phone": "+336767898765",
    "isCreatedByAdmin": true,
    "__v": 0,
    "last_name": "E. Bryan",
    "_id": "63e283ad993b5f9a52eb859d",
    "isActive": true,
    "first_name": "judith",
    "email": "judith.bryan@yopmail.com",
    "isEmailConfirmed": true
  },
  {
    "birth_day": "2004-12-09T00:00:00.000Z",
    "password": "$2b$10$uq12Jk0e2MbTggvNE8kbIOEbZ2zzNcjeSubFJO2DJpt557SF/hDba",
    "role": [
      "Admin"
    ],
    "phone": "+330236999380",
    "isCreatedByAdmin": true,
    "__v": 0,
    "last_name": "Vernadeau",
    "_id": "63e3804224786384b87f177a",
    "isActive": true,
    "first_name": "Huette",
    "email": "dorothee.thibodeau@yopmail.com",
    "isEmailConfirmed": true
  },
  {
    "birth_day": "2004-12-09T00:00:00.000Z",
    "password": "$2b$10$1q6UFCHlYHm1g/o.3G0cSegtBCVXg8KB0E0lVWTF7lkqTJkJslJfa",
    "role": [
      "Admin"
    ],
    "phone": "+335678987654",
    "isCreatedByAdmin": true,
    "__v": 0,
    "last_name": "BOSS",
    "_id": "63e523ade1cbdc16bbbea1fc",
    "isActive": true,
    "first_name": "Eric Jacques",
    "email": "eric.boss@yopmail.com",
    "isEmailConfirmed": true
  },
  {
    "birth_day": "2004-12-09T00:00:00.000Z",
    "password": "$2b$10$yv06XX7izet8dxzpc8l2iOvPg409Wkd.WWu4TRz2QXPYedGZfvNaa",
    "role": [
      "Admin"
    ],
    "phone": "0274597637",
    "isCreatedByAdmin": true,
    "__v": 0,
    "last_name": "Fluet",
    "_id": "63eb9ddc475413c1984e04c8",
    "isActive": true,
    "first_name": "mariette",
    "email": "fluet.mariette@yopmail.com",
    "isEmailConfirmed": true
  },
  {
    "birth_day": "2004-12-09T00:00:00.000Z",
    "password": "$2b$10$nBA5IugESftbSIcdr9oOYujN0VP77FDCbYxAit0qfgLz9feKy5HvW",
    "role": [
      "Admin"
    ],
    "phone": "0261566377",
    "isCreatedByAdmin": true,
    "__v": 0,
    "last_name": "Leverett ",
    "_id": "63eba2a7fcce97226f762a4a",
    "isActive": true,
    "first_name": "pirouet",
    "email": "pirouet.leverett@yopmail.com",
    "isEmailConfirmed": true
  },
  {
    "birth_day": "1970-01-01T05:33:10.509Z",
    "password": "$2b$10$IVEppXxuipoFaZJ.nnMW5OQ.M.0i32Jb1KX.b65ykbTg0F3ZY0txe",
    "role": [
      "Admin"
    ],
    "phone": "696894199",
    "isCreatedByAdmin": true,
    "__v": 0,
    "last_name": "mappuye",
    "_id": "63eba61dced4433df65d54ac",
    "isActive": true,
    "first_name": "praufe",
    "email": "praufeimmappuye-6059@yopmail.com",
    "isEmailConfirmed": true
  },
  {
    "birth_day": "1976-02-12T23:00:00.000Z",
    "password": "$2b$10$l7tdbMjE3Hr0r7JEBpJS1uEBNgPiC5lCMr.PPu8fn9figqVgC7YFi",
    "role": [
      "User"
    ],
    "phone": "0130804537",
    "isCreatedByAdmin": true,
    "__v": 0,
    "last_name": "Brochu",
    "_id": "63eba64aced4433df65d54b3",
    "isActive": true,
    "first_name": " Marie Christiane ",
    "email": "marie.brochu@yopmail.com",
    "isEmailConfirmed": true
  },
  {
    "birth_day": "2004-12-09T00:00:00.000Z",
    "password": "$2b$10$.mqVfGrCpAJv2TXsmwYCTO.F7JRBlTHqFlFQo8RB/yrFNfkHZEsmW",
    "role": [
      "Admin"
    ],
    "phone": "123456789",
    "isCreatedByAdmin": true,
    "__v": 0,
    "last_name": "Rossignol",
    "_id": "63eba7e3ced4433df65d54ce",
    "isActive": true,
    "first_name": "Stéphane ",
    "email": "stephane.ross@yopmail.com",
    "isEmailConfirmed": true
  },
  {
    "birth_day": "2016-12-31T23:00:00.000Z",
    "password": "$2b$10$AJCOW02oFEeklV14KLLIf.e.m35sisNyVg2K32218Hqnj9Q6Tatbe",
    "role": [
      "User"
    ],
    "phone": "0127376454",
    "isCreatedByAdmin": true,
    "__v": 0,
    "last_name": "Chrétien",
    "_id": "63ebabf2ced4433df65d54e1",
    "isActive": true,
    "first_name": "Gaston ",
    "email": "gaston.chretien@yopmail.com",
    "isEmailConfirmed": false
  },
  {
    "birth_day": "2003-02-15T00:00:00.000Z",
    "password": "$2b$10$P8AGzDh6FQ0R0DYi9sG3VeVJmVsLBVFFg85OUiFmxBbLOtmNBo2ki",
    "role": [
      "User"
    ],
    "phone": "655757902",
    "isCreatedByAdmin": false,
    "__v": 0,
    "last_name": "Tendong",
    "_id": "63eca75c21e6713f8b9f54bf",
    "isActive": true,
    "first_name": "Gabriel",
    "email": "gabitendong@gmail.com",
    "isEmailConfirmed": true
  },
  {
    "birth_day": "2000-12-12T00:00:00.000Z",
    "password": "$2b$10$vjCSrc3bqwG0QCcEVlUB1.J6mm2nZl33vRdd2Bp1onct3XEXRm4Ra",
    "role": [
      "SuperAdmin"
    ],
    "phone": "655797902",
    "isCreatedByAdmin": false,
    "__v": 0,
    "last_name": "Okourou",
    "_id": "63eca87e265224556e41266e",
    "isActive": true,
    "first_name": "Francine",
    "email": "francine.okourou@gmail.com",
    "isEmailConfirmed": true
  },
  {
    "birth_day": "2016-12-31T23:00:00.000Z",
    "password": "$2b$10$DJJedtFoORIMJ6Rr/xq/eez8pZH3KoOwnSL6xB2.u4P303r4ixPFG",
    "role": [
      "User"
    ],
    "phone": "06789876765",
    "isCreatedByAdmin": true,
    "__v": 0,
    "last_name": "Elechi",
    "_id": "63ecae576cb610809cab445c",
    "isActive": true,
    "first_name": "Okoli ",
    "email": "rolland.aka@yopmail.com",
    "isEmailConfirmed": true
  },
  {
    "birth_day": "2016-12-31T23:00:00.000Z",
    "password": "$2b$10$x68m6VfAPXk2eCh9O6/7FufhvJ9v2Z0MHWniDUpfhP4X6Uu8VAoIa",
    "role": [
      "User"
    ],
    "phone": "0987654321",
    "isCreatedByAdmin": true,
    "__v": 0,
    "last_name": "Zinachidi",
    "_id": "63ecaf666cb610809cab4473",
    "isActive": true,
    "first_name": "Chinemeremma ",
    "email": "zina.aka@yopmail.com",
    "isEmailConfirmed": true
  },
  {
    "birth_day": "2005-02-07T23:00:00.000Z",
    "password": "$2b$10$eF9hDrRyEGVXUK9ZVE3b/uh4e80zEQTZ9JK5zIJG3BvmFeXP9nH4i",
    "role": [
      "User"
    ],
    "phone": "0987654321",
    "isCreatedByAdmin": true,
    "__v": 0,
    "last_name": "Iweobiegbulam",
    "_id": "63ecb02c6cb610809cab4485",
    "isActive": true,
    "first_name": "Dike ",
    "email": "dike.aka@yopmail.com",
    "isEmailConfirmed": true
  },
  {
    "birth_day": "1970-01-01T05:33:10.509Z",
    "password": "$2b$10$YpLDon1zoWxoGFnPzOzmfuPdELs.QO68EuOIz7eZrp/PwRIctmytG",
    "role": [
      "User"
    ],
    "phone": "696894199",
    "isCreatedByAdmin": true,
    "__v": 0,
    "last_name": "Zara",
    "_id": "63ecdfd46cb610809cab45c5",
    "isActive": true,
    "first_name": "Tesfaye7",
    "email": "tesf5@gmail.com",
    "isEmailConfirmed": false
  }
]
 
16:49:15.217 [main] INFO  com.intuit.karate - [print] 200 
16:49:15.232 [main] DEBUG com.intuit.karate - request:
1 > GET https://pesa-backend-production.up.railway.app/api/v1/user/63ca63e13b641efd19438730
1 > Content-type: application/json
1 > Authorization: Bearer eyJhbGciOiJIUzI1NiIsInR5cCI6IkpXVCJ9.eyJpZCI6IjYzZWNhNzVjMjFlNjcxM2Y4YjlmNTRiZiIsImlhdCI6MTY3NjU2MjU1MSwiZXhwIjoxNjc2NjQ4OTUxfQ.EmMsSpapiWV59ThGDr6mymQ2_M9OcsPSAQlJ073yrn4
1 > Host: pesa-backend-production.up.railway.app
1 > Connection: Keep-Alive
1 > User-Agent: Apache-HttpClient/4.5.13 (Java/17.0.1)
1 > Accept-Encoding: gzip,deflate


16:49:17.348 [main] DEBUG com.intuit.karate - response time in milliseconds: 2116
1 < 200
1 < x-powered-by: Express
1 < access-control-allow-origin: *
1 < content-type: application/json; charset=utf-8
1 < content-length: 332
1 < etag: W/"14c-GunSQ3EcUE0hEj9vK9AnIYzgCi0"
1 < date: Thu, 16 Feb 2023 15:49:17 GMT
1 < x-envoy-upstream-service-time: 513
1 < server: railway
{"birth_day":"1970-01-01T05:33:10.501Z","password":"$2b$10$guLY3aS7eMyjqyLCghgMdu6Y4WfOWbsOsOIMzP5K9APtvXLcYOUga","role":["SuperAdmin"],"phone":"696074199","isCreatedByAdmin":false,"__v":0,"last_name":"fafniru","_id":"63ca63e13b641efd19438730","isActive":true,"first_name":"Fafniru","email":"root@gmail.com","isEmailConfirmed":true}
16:49:17.350 [main] INFO  com.intuit.karate - [print] {
  "birth_day": "1970-01-01T05:33:10.501Z",
  "password": "$2b$10$guLY3aS7eMyjqyLCghgMdu6Y4WfOWbsOsOIMzP5K9APtvXLcYOUga",
  "role": [
    "SuperAdmin"
  ],
  "phone": "696074199",
  "isCreatedByAdmin": false,
  "__v": 0,
  "last_name": "fafniru",
  "_id": "63ca63e13b641efd19438730",
  "isActive": true,
  "first_name": "Fafniru",
  "email": "root@gmail.com",
  "isEmailConfirmed": true
}
 
16:49:17.356 [main] INFO  com.intuit.karate - [print] 200 
16:49:17.366 [main] DEBUG com.intuit.karate - request:
1 > GET https://pesa-backend-production.up.railway.app/api/v1/wallet
1 > Content-type: application/json
1 > Authorization: Bearer eyJhbGciOiJIUzI1NiIsInR5cCI6IkpXVCJ9.eyJpZCI6IjYzZWNhNzVjMjFlNjcxM2Y4YjlmNTRiZiIsImlhdCI6MTY3NjU2MjU1MSwiZXhwIjoxNjc2NjQ4OTUxfQ.EmMsSpapiWV59ThGDr6mymQ2_M9OcsPSAQlJ073yrn4
1 > Host: pesa-backend-production.up.railway.app
1 > Connection: Keep-Alive
1 > User-Agent: Apache-HttpClient/4.5.13 (Java/17.0.1)
1 > Accept-Encoding: gzip,deflate


16:49:23.889 [main] DEBUG com.intuit.karate - response time in milliseconds: 6515
1 < 200
1 < x-powered-by: Express
1 < access-control-allow-origin: *
1 < content-type: application/json; charset=utf-8
1 < content-length: 57312
1 < etag: W/"dfe0-hLKVoSVySoqnyjt4/C6LMC+QVHc"
1 < date: Thu, 16 Feb 2023 15:49:19 GMT
1 < x-envoy-upstream-service-time: 1068
1 < server: railway
[{"initial_value":0,"cumulative_performance":0,"liquidity_value":0,"performance_hebdo":0,"liquidity_frequency":0,"ytd":0,"products":[],"gestionnaire":{"birth_day":"1970-01-01T05:28:20.118Z","password":"$2b$10$CmVSy8UmmadypLu7y7d\/eOs4baSNkYk6ja2gsFrI\/4Z74ix0r4PZy","role":["User"],"phone":"696074199","isCreatedByAdmin":false,"__v":0,"last_name":"fafnirukihj","_id":"63c80c13e56165ca64b4a6cb","isActive":false,"first_name":"Fafnirou3kl","email":"hamman2@mail.com","isEmailConfirmed":false},"__v":0,"_id":"63df5c36ad437ea9f60e8034","designation":"Default wallet","cumulative_performance_date":"2023-02-05T07:35:01.012Z","user":{"birth_day":"2000-12-12T00:00:00.000Z","password":"$2b$10$1DVBH2HY8R4WMBDSkdCaEOTLIe\/\/6tXF9BbrxEmYz5atQYQbf7iK.","role":["User"],"phone":"655757902","isCreatedByAdmin":false,"__v":0,"last_name":"Gabriel","_id":"63df5c36ad437ea9f60e8033","isActive":false,"first_name":"Tendong","email":"gabitendong1@gmail.com","isEmailConfirmed":false}},{"product":[],"initial_value":0,"cumulative_performance":0,"liquidity_value":0,"performance_hebdo":0,"liquidity_frequency":0,"ytd":0,"products":[],"gestionnaire":{"birth_day":"1970-01-01T05:28:20.118Z","password":"$2b$10$CmVSy8UmmadypLu7y7d\/eOs4baSNkYk6ja2gsFrI\/4Z74ix0r4PZy","role":["User"],"phone":"696074199","isCreatedByAdmin":false,"__v":0,"last_name":"fafnirukihj","_id":"63c80c13e56165ca64b4a6cb","isActive":false,"first_name":"Fafnirou3kl","email":"hamman2@mail.com","isEmailConfirmed":false},"__v":0,"_id":"63e250f6993b5f9a52eb8009","designation":"Default wallet","cumulative_performance_date":"2023-02-07T09:48:26.239Z","user":{"birth_day":"1999-02-06T00:00:00.000Z","password":"$2b$10$PbKmpsh7.ZPP40kT56FYAub5.p6NWrIJrI8D5sMWmvbQaJ8ybjMMi","role":["Admin"],"phone":"696074199'#string'","isCreatedByAdmin":false,"__v":0,"last_name":"fafniruER","_id":"63e250f6993b5f9a52eb8008","isActive":false,"first_name":"Tcheuguen","email":"fredy@mail.com","isEmailConfirmed":true}},{"product":[],"initial_value":0,"cumulative_performance":0,"liquidity_value":0,"performance_hebdo":0,"liquidity_frequency":0,"ytd":0,"products":[],"gestionnaire":{"birth_day":"1970-01-01T05:28:20.118Z","password":"$2b$10$CmVSy8UmmadypLu7y7d\/eOs4baSNkYk6ja2gsFrI\/4Z74ix0r4PZy","role":["User"],"phone":"696074199","isCreatedByAdmin":false,"__v":0,"last_name":"fafnirukihj","_id":"63c80c13e56165ca64b4a6cb","isActive":false,"first_name":"Fafnirou3kl","email":"hamman2@mail.com","isEmailConfirmed":false},"__v":0,"_id":"63e26e62993b5f9a52eb825a","designation":"Default wallet","cumulative_performance_date":"2023-02-07T09:48:26.239Z","user":{"birth_day":"2004-12-09T00:00:00.000Z","password":"$2b$10$XhZiWjmSyJod8dFtueiKP.52OoaJsSiucn6RM7kapHMV3yzPPbtiC","role":["Admin"],"phone":"+33607703069","isCreatedByAdmin":true,"__v":0,"last_name":"Luttrell.L","_id":"63e26e62993b5f9a52eb8259","isActive":false,"first_name":"Daniel ","email":"daniel.luttrell@yopmail.com","isEmailConfirmed":true}},{"product":[],"initial_value":0,"cumulative_performance":0,"liquidity_value":0,"performance_hebdo":0,"liquidity_frequency":0,"ytd":0,"products":[],"gestionnaire":{"birth_day":"1970-01-01T05:28:20.118Z","password":"$2b$10$CmVSy8UmmadypLu7y7d\/eOs4baSNkYk6ja2gsFrI\/4Z74ix0r4PZy","role":["User"],"phone":"696074199","isCreatedByAdmin":false,"__v":0,"last_name":"fafnirukihj","_id":"63c80c13e56165ca64b4a6cb","isActive":false,"first_name":"Fafnirou3kl","email":"hamman2@mail.com","isEmailConfirmed":false},"__v":0,"_id":"63e27048993b5f9a52eb82ad","designation":"Default wallet","cumulative_performance_date":"2023-02-07T09:48:26.239Z","user":{"birth_day":"2004-12-09T00:00:00.000Z","password":"$2b$10$rhqmsRb9dt9lejVLe8UDwewqIN7R\/Xkojf5LAwlZ.RdFWr5pw880W","role":["Admin"],"phone":"+334567898765","isCreatedByAdmin":true,"__v":0,"last_name":"L. Luttrell","_id":"63e27048993b5f9a52eb82ac","isActive":true,"first_name":"Daniel ","email":"dankiel.luttrell@yopmail.com","isEmailConfirmed":true}},{"product":[],"initial_value":0,"cumulative_performance":0,"liquidity_value":0,"performance_hebdo":0,"liquidity_frequency":0,"ytd":0,"products":[],"gestionnaire":{"birth_day":"1970-01-01T05:28:20.118Z","password":"$2b$10$CmVSy8UmmadypLu7y7d\/eOs4baSNkYk6ja2gsFrI\/4Z74ix0r4PZy","role":["User"],"phone":"696074199","isCreatedByAdmin":false,"__v":0,"last_name":"fafnirukihj","_id":"63c80c13e56165ca64b4a6cb","isActive":false,"first_name":"Fafnirou3kl","email":"hamman2@mail.com","isEmailConfirmed":false},"__v":0,"_id":"63e271d6993b5f9a52eb8306","designation":"Default wallet","cumulative_performance_date":"2023-02-07T09:48:26.239Z","user":{"birth_day":"2004-12-09T00:00:00.000Z","password":"$2b$10$YWQxjT7rTY4mTrMzqWP\/r.iE9jSPk\/g68Z1FoTJOOOM77CnCt3XiC","role":["Admin"],"phone":"333333333","isCreatedByAdmin":true,"__v":0,"last_name":"ffffffffffffffff","_id":"63e271d6993b5f9a52eb8305","isActive":false,"first_name":"fffffffffff","email":"ffffffffff@fff.fff","isEmailConfirmed":true}},{"product":[],"initial_value":0,"cumulative_performance":0,"liquidity_value":0,"performance_hebdo":0,"liquidity_frequency":0,"ytd":0,"products":[],"gestionnaire":{"birth_day":"1970-01-01T05:28:20.118Z","password":"$2b$10$CmVSy8UmmadypLu7y7d\/eOs4baSNkYk6ja2gsFrI\/4Z74ix0r4PZy","role":["User"],"phone":"696074199","isCreatedByAdmin":false,"__v":0,"last_name":"fafnirukihj","_id":"63c80c13e56165ca64b4a6cb","isActive":false,"first_name":"Fafnirou3kl","email":"hamman2@mail.com","isEmailConfirmed":false},"__v":0,"_id":"63e27913993b5f9a52eb83d4","designation":"Default wallet","cumulative_performance_date":"2023-02-07T09:48:26.239Z","user":{"birth_day":"2004-12-09T00:00:00.000Z","password":"$2b$10$sP.A0rPhSmxKb0cHZeYkAeAOpC.VeBhwSU\/.H.yAtCxvWYnDvKePq","role":["Admin"],"phone":"+237696074190","isCreatedByAdmin":true,"__v":0,"last_name":"POLA","_id":"63e27913993b5f9a52eb83d3","isActive":true,"first_name":"AHMADOU","email":"dankiel.luttrfell@yopmail.com","isEmailConfirmed":true}},{"product":[],"initial_value":0,"cumulative_performance":0,"liquidity_value":0,"performance_hebdo":0,"liquidity_frequency":0,"ytd":0,"products":[],"gestionnaire":{"birth_day":"1970-01-01T05:28:20.118Z","password":"$2b$10$CmVSy8UmmadypLu7y7d\/eOs4baSNkYk6ja2gsFrI\/4Z74ix0r4PZy","role":["User"],"phone":"696074199","isCreatedByAdmin":false,"__v":0,"last_name":"fafnirukihj","_id":"63c80c13e56165ca64b4a6cb","isActive":false,"first_name":"Fafnirou3kl","email":"hamman2@mail.com","isEmailConfirmed":false},"__v":0,"_id":"63e283ad993b5f9a52eb859e","designation":"Default wallet","cumulative_performance_date":"2023-02-07T09:48:26.239Z","user":{"birth_day":"2004-12-09T00:00:00.000Z","password":"$2b$10$KkZCbA3Uply7zeFH7i5oq.NiBqeSsSSysvv4JxNJ27vNQkSPdxla.","role":["Admin"],"phone":"+336767898765","isCreatedByAdmin":true,"__v":0,"last_name":"E. Bryan","_id":"63e283ad993b5f9a52eb859d","isActive":true,"first_name":"judith","email":"judith.bryan@yopmail.com","isEmailConfirmed":true}},{"product":[],"initial_value":0,"cumulative_performance":0,"liquidity_value":0,"performance_hebdo":0,"liquidity_frequency":0,"ytd":0,"products":[],"gestionnaire":{"birth_day":"1970-01-01T05:28:20.118Z","password":"$2b$10$CmVSy8UmmadypLu7y7d\/eOs4baSNkYk6ja2gsFrI\/4Z74ix0r4PZy","role":["User"],"phone":"696074199","isCreatedByAdmin":false,"__v":0,"last_name":"fafnirukihj","_id":"63c80c13e56165ca64b4a6cb","isActive":false,"first_name":"Fafnirou3kl","email":"hamman2@mail.com","isEmailConfirmed":false},"__v":0,"_id":"63e28411993b5f9a52eb85ae","designation":"Default wallet","cumulative_performance_date":"2023-02-07T09:48:26.239Z","user":{"birth_day":"2004-12-09T00:00:00.000Z","password":"$2b$10$bTdx0dm\/lrnml2xbOmdCze6oI9POIkS9eWffZWiNGHpy6woaaYVYS","role":["Admin"],"phone":"+2378987654346788","isCreatedByAdmin":true,"__v":0,"last_name":"BRYAN","_id":"63e28411993b5f9a52eb85ad","isActive":false,"first_name":"FRANCINE","email":"judith.bryan1@yopmail.com","isEmailConfirmed":true}},{"product":[],"initial_value":0,"cumulative_performance":0,"liquidity_value":0,"performance_hebdo":0,"liquidity_frequency":0,"ytd":0,"products":[],"gestionnaire":{"birth_day":"1970-01-01T05:28:20.118Z","password":"$2b$10$CmVSy8UmmadypLu7y7d\/eOs4baSNkYk6ja2gsFrI\/4Z74ix0r4PZy","role":["User"],"phone":"696074199","isCreatedByAdmin":false,"__v":0,"last_name":"fafnirukihj","_id":"63c80c13e56165ca64b4a6cb","isActive":false,"first_name":"Fafnirou3kl","email":"hamman2@mail.com","isEmailConfirmed":false},"__v":0,"_id":"63e2f211993b5f9a52eb8629","designation":"Default wallet","cumulative_performance_date":"2023-02-07T09:48:26.239Z","user":{"birth_day":"1970-01-01T05:33:10.501Z","password":"$2b$10$TfsTrWwwwaz5bw65.mCQ5e5\/B3uId2BLVUnfcN0XklujN0ugLCU\/S","role":["Admin"],"phone":"696074199","isCreatedByAdmin":false,"__v":0,"last_name":"fafniru","_id":"63e2f211993b5f9a52eb8628","isActive":false,"first_name":"Fan","email":"fafnfni@mail.com","isEmailConfirmed":true}},{"initial_value":0,"cumulative_performance":0,"liquidity_value":0,"performance_hebdo":0,"liquidity_frequency":0,"ytd":0,"products":[],"gestionnaire":{"birth_day":"1970-01-01T05:28:20.118Z","password":"$2b$10$CmVSy8UmmadypLu7y7d\/eOs4baSNkYk6ja2gsFrI\/4Z74ix0r4PZy","role":["User"],"phone":"696074199","isCreatedByAdmin":false,"__v":0,"last_name":"fafnirukihj","_id":"63c80c13e56165ca64b4a6cb","isActive":false,"first_name":"Fafnirou3kl","email":"hamman2@mail.com","isEmailConfirmed":false},"__v":0,"_id":"63e3776434feb34417e49c35","designation":"Default wallet","cumulative_performance_date":"2023-02-08T10:18:16.410Z","user":{"birth_day":"1970-01-01T05:33:10.509Z","password":"$2b$10$i9Ol5msNbjde\/rym8fIXO.wteSdPrQHeA\/qvnyi7fAgH\/fRGktwYG","role":["User"],"phone":"696894199","isCreatedByAdmin":false,"__v":0,"last_name":"Lopezou","_id":"63e3776434feb34417e49c31","isActive":false,"first_name":"Harvery","email":"hambello5@gmail.com","isEmailConfirmed":false}},{"initial_value":0,"cumulative_performance":0,"liquidity_value":0,"performance_hebdo":0,"liquidity_frequency":0,"ytd":0,"products":[],"gestionnaire":{"birth_day":"1970-01-01T05:28:20.118Z","password":"$2b$10$CmVSy8UmmadypLu7y7d\/eOs4baSNkYk6ja2gsFrI\/4Z74ix0r4PZy","role":["User"],"phone":"696074199","isCreatedByAdmin":false,"__v":0,"last_name":"fafnirukihj","_id":"63c80c13e56165ca64b4a6cb","isActive":false,"first_name":"Fafnirou3kl","email":"hamman2@mail.com","isEmailConfirmed":false},"__v":0,"_id":"63e3804224786384b87f177e","designation":"Default wallet","cumulative_performance_date":"2023-02-08T10:46:52.500Z","user":{"birth_day":"2004-12-09T00:00:00.000Z","password":"$2b$10$uq12Jk0e2MbTggvNE8kbIOEbZ2zzNcjeSubFJO2DJpt557SF\/hDba","role":["Admin"],"phone":"+330236999380","isCreatedByAdmin":true,"__v":0,"last_name":"Vernadeau","_id":"63e3804224786384b87f177a","isActive":true,"first_name":"Huette","email":"dorothee.thibodeau@yopmail.com","isEmailConfirmed":true}},{"initial_value":0,"cumulative_performance":0,"liquidity_value":0,"performance_hebdo":0,"liquidity_frequency":0,"ytd":0,"products":[],"gestionnaire":{"birth_day":"1970-01-01T05:28:20.118Z","password":"$2b$10$CmVSy8UmmadypLu7y7d\/eOs4baSNkYk6ja2gsFrI\/4Z74ix0r4PZy","role":["User"],"phone":"696074199","isCreatedByAdmin":false,"__v":0,"last_name":"fafnirukihj","_id":"63c80c13e56165ca64b4a6cb","isActive":false,"first_name":"Fafnirou3kl","email":"hamman2@mail.com","isEmailConfirmed":false},"__v":0,"_id":"63e3849524786384b87f17f3","designation":"Default wallet","cumulative_performance_date":"2023-02-08T10:46:52.500Z","user":{"birth_day":"1972-09-14T23:00:00.000Z","password":"$2b$10$Md7H3pl.3TKv7gqfniudM.5yioqTsH0JtvSFNwnuhNGD0iJrG4\/IG","role":["User"],"phone":"123456789","isCreatedByAdmin":true,"__v":0,"last_name":" Rochefort","_id":"63e3849524786384b87f17ef","isActive":false,"first_name":"Céline ","email":"celinerochefort@dayrep.com","isEmailConfirmed":false}},{"initial_value":0,"cumulative_performance":0,"liquidity_value":0,"performance_hebdo":0,"liquidity_frequency":0,"ytd":0,"products":[],"gestionnaire":{"birth_day":"1970-01-01T05:28:20.118Z","password":"$2b$10$CmVSy8UmmadypLu7y7d\/eOs4baSNkYk6ja2gsFrI\/4Z74ix0r4PZy","role":["User"],"phone":"696074199","isCreatedByAdmin":false,"__v":0,"last_name":"fafnirukihj","_id":"63c80c13e56165ca64b4a6cb","isActive":false,"first_name":"Fafnirou3kl","email":"hamman2@mail.com","isEmailConfirmed":false},"__v":0,"_id":"63e3b4b2647ddb850f36864c","designation":"Default wallet","cumulative_performance_date":"2023-02-08T13:56:13.779Z","user":{"birth_day":"2004-12-09T00:00:00.000Z","password":"$2b$10$OcMY0rWHoK3TVkcxWSREMeRhuTtzuZCnQxfbCjnowytBkpgUORcZO","role":["Admin"],"phone":"+3376787677767","isCreatedByAdmin":true,"__v":0,"last_name":"Bonnet","_id":"63e3b4b1647ddb850f368648","isActive":false,"first_name":"POULETte","email":"francebonnet@rhyta.com","isEmailConfirmed":true}},{"initial_value":0,"cumulative_performance":0,"liquidity_value":0,"performance_hebdo":0,"liquidity_frequency":0,"ytd":0,"products":[],"gestionnaire":{"birth_day":"1970-01-01T05:28:20.118Z","password":"$2b$10$CmVSy8UmmadypLu7y7d\/eOs4baSNkYk6ja2gsFrI\/4Z74ix0r4PZy","role":["User"],"phone":"696074199","isCreatedByAdmin":false,"__v":0,"last_name":"fafnirukihj","_id":"63c80c13e56165ca64b4a6cb","isActive":false,"first_name":"Fafnirou3kl","email":"hamman2@mail.com","isEmailConfirmed":false},"__v":0,"_id":"63e3cb613deb13cdd23e501c","designation":"Default wallet","cumulative_performance_date":"2023-02-08T14:53:36.170Z","user":{"birth_day":"2004-12-09T00:00:00.000Z","password":"$2b$10$PEbLrRoNOIfyZSHMWXMA5eRmFQ78uWlBTilebY0qIyRdEZtqtYYKW","role":["Admin"],"phone":"+23789876543","isCreatedByAdmin":true,"__v":0,"last_name":"RouleauX","_id":"63e3cb603deb13cdd23e5018","isActive":false,"first_name":"TEDDY","email":"telfordrouleau@jourrapide.com","isEmailConfirmed":true}},{"initial_value":0,"cumulative_performance":0,"liquidity_value":0,"performance_hebdo":0,"liquidity_frequency":0,"ytd":0,"products":[],"gestionnaire":{"birth_day":"1970-01-01T05:28:20.118Z","password":"$2b$10$CmVSy8UmmadypLu7y7d\/eOs4baSNkYk6ja2gsFrI\/4Z74ix0r4PZy","role":["User"],"phone":"696074199","isCreatedByAdmin":false,"__v":0,"last_name":"fafnirukihj","_id":"63c80c13e56165ca64b4a6cb","isActive":false,"first_name":"Fafnirou3kl","email":"hamman2@mail.com","isEmailConfirmed":false},"__v":0,"_id":"63e4faf0e1cbdc16bbbe9e01","designation":"Default wallet","cumulative_performance_date":"2023-02-09T13:13:06.847Z","user":{"birth_day":"1958-07-11T23:00:00.000Z","password":"123456","role":["User"],"phone":"+330151197981","isCreatedByAdmin":true,"__v":0,"last_name":"Boileau","_id":"63e4faf0e1cbdc16bbbe9dfd","isActive":false,"first_name":"Susanne ","email":"suzanne.thibodeau@yopmail.com","isEmailConfirmed":true}},{"initial_value":0,"cumulative_performance":0,"liquidity_value":0,"performance_hebdo":0,"liquidity_frequency":0,"ytd":0,"products":[],"gestionnaire":{"birth_day":"1970-01-01T05:28:20.118Z","password":"$2b$10$CmVSy8UmmadypLu7y7d\/eOs4baSNkYk6ja2gsFrI\/4Z74ix0r4PZy","role":["User"],"phone":"696074199","isCreatedByAdmin":false,"__v":0,"last_name":"fafnirukihj","_id":"63c80c13e56165ca64b4a6cb","isActive":false,"first_name":"Fafnirou3kl","email":"hamman2@mail.com","isEmailConfirmed":false},"__v":0,"_id":"63e523ade1cbdc16bbbea202","designation":"Default wallet","cumulative_performance_date":"2023-02-09T13:13:06.847Z","user":{"birth_day":"2004-12-09T00:00:00.000Z","password":"$2b$10$1q6UFCHlYHm1g\/o.3G0cSegtBCVXg8KB0E0lVWTF7lkqTJkJslJfa","role":["Admin"],"phone":"+335678987654","isCreatedByAdmin":true,"__v":0,"last_name":"BOSS","_id":"63e523ade1cbdc16bbbea1fc","isActive":true,"first_name":"Eric Jacques","email":"eric.boss@yopmail.com","isEmailConfirmed":true}},{"initial_value":0,"cumulative_performance":0,"liquidity_value":0,"performance_hebdo":0,"liquidity_frequency":0,"ytd":0,"products":[],"gestionnaire":{"birth_day":"1970-01-01T05:28:20.118Z","password":"$2b$10$CmVSy8UmmadypLu7y7d\/eOs4baSNkYk6ja2gsFrI\/4Z74ix0r4PZy","role":["User"],"phone":"696074199","isCreatedByAdmin":false,"__v":0,"last_name":"fafnirukihj","_id":"63c80c13e56165ca64b4a6cb","isActive":false,"first_name":"Fafnirou3kl","email":"hamman2@mail.com","isEmailConfirmed":false},"__v":0,"_id":"63e61c07e1cbdc16bbbea4d4","designation":"Default wallet","cumulative_performance_date":"2023-02-09T13:13:06.847Z","user":{"birth_day":"1977-01-01T00:00:00.000Z","password":"$2b$10$DStxZyt9VleX6Cxdud\/z0OiUecKiRDmiSdIUKdjSpJTqakzZecjJW","role":["User"],"phone":"987654321","isCreatedByAdmin":false,"__v":0,"last_name":"Francine","_id":"63e61c06e1cbdc16bbbea4d0","isActive":false,"first_name":"POISSONNIER","email":"francine.moi123@yopmail.com","isEmailConfirmed":true}},{"initial_value":0,"cumulative_performance":0,"liquidity_value":0,"performance_hebdo":0,"liquidity_frequency":0,"ytd":0,"products":[],"gestionnaire":{"birth_day":"1970-01-01T05:28:20.118Z","password":"$2b$10$CmVSy8UmmadypLu7y7d\/eOs4baSNkYk6ja2gsFrI\/4Z74ix0r4PZy","role":["User"],"phone":"696074199","isCreatedByAdmin":false,"__v":0,"last_name":"fafnirukihj","_id":"63c80c13e56165ca64b4a6cb","isActive":false,"first_name":"Fafnirou3kl","email":"hamman2@mail.com","isEmailConfirmed":false},"__v":0,"_id":"63e6256de1cbdc16bbbea50f","designation":"Default wallet","cumulative_performance_date":"2023-02-09T13:13:06.847Z","user":{"birth_day":"1987-10-13T23:00:00.000Z","password":"123456","role":["User"],"phone":"0987654321","isCreatedByAdmin":true,"__v":0,"last_name":"POISSONNIER","_id":"63e6256de1cbdc16bbbea50b","isActive":false,"first_name":"Alfred","email":"alfred.poisson@yopmail.com","isEmailConfirmed":true}},{"initial_value":0,"cumulative_performance":0,"liquidity_value":0,"performance_hebdo":0,"liquidity_frequency":0,"ytd":0,"products":[],"gestionnaire":{"birth_day":"1970-01-01T05:28:20.118Z","password":"$2b$10$CmVSy8UmmadypLu7y7d\/eOs4baSNkYk6ja2gsFrI\/4Z74ix0r4PZy","role":["User"],"phone":"696074199","isCreatedByAdmin":false,"__v":0,"last_name":"fafnirukihj","_id":"63c80c13e56165ca64b4a6cb","isActive":false,"first_name":"Fafnirou3kl","email":"hamman2@mail.com","isEmailConfirmed":false},"__v":0,"_id":"63e62ab0e1cbdc16bbbea526","designation":"Default wallet","cumulative_performance_date":"2023-02-09T13:13:06.847Z","user":{"birth_day":"2016-12-31T23:00:00.000Z","password":"123456","role":["User"],"phone":"123456789","isCreatedByAdmin":true,"__v":0,"last_name":"POISSON","_id":"63e62ab0e1cbdc16bbbea522","isActive":false,"first_name":"TRUITE","email":"truite.poisson@yopmail.com","isEmailConfirmed":true}},{"initial_value":0,"cumulative_performance":0,"liquidity_value":0,"performance_hebdo":0,"liquidity_frequency":0,"ytd":0,"products":[],"gestionnaire":{"birth_day":"1970-01-01T05:28:20.118Z","password":"$2b$10$CmVSy8UmmadypLu7y7d\/eOs4baSNkYk6ja2gsFrI\/4Z74ix0r4PZy","role":["User"],"phone":"696074199","isCreatedByAdmin":false,"__v":0,"last_name":"fafnirukihj","_id":"63c80c13e56165ca64b4a6cb","isActive":false,"first_name":"Fafnirou3kl","email":"hamman2@mail.com","isEmailConfirmed":false},"__v":0,"_id":"63e6514a70d0d17c6ca50caf","designation":"Default wallet","cumulative_performance_date":"2023-02-10T13:59:24.823Z","user":{"birth_day":"1970-01-01T05:33:10.509Z","password":"$2b$10$9zr0aZjrY.Hbgd1SA6tQGe74WyLIjloVRy4EUyNFgVPKbRm6hZHFO","role":["User"],"phone":"696894199","isCreatedByAdmin":true,"__v":0,"last_name":"Doris","_id":"63e6514970d0d17c6ca50cab","isActive":false,"first_name":"Swiger","email":"doriskswiger@dayrep.com","isEmailConfirmed":true}},{"initial_value":0,"cumulative_performance":0,"liquidity_value":0,"performance_hebdo":0,"liquidity_frequency":0,"ytd":0,"products":[],"gestionnaire":{"birth_day":"1970-01-01T05:28:20.118Z","password":"$2b$10$CmVSy8UmmadypLu7y7d\/eOs4baSNkYk6ja2gsFrI\/4Z74ix0r4PZy","role":["User"],"phone":"696074199","isCreatedByAdmin":false,"__v":0,"last_name":"fafnirukihj","_id":"63c80c13e56165ca64b4a6cb","isActive":false,"first_name":"Fafnirou3kl","email":"hamman2@mail.com","isEmailConfirmed":false},"__v":0,"_id":"63ea05cb584efc6316540e8b","designation":"Default wallet","cumulative_performance_date":"2023-02-10T16:31:49.155Z","user":null},{"initial_value":0,"cumulative_performance":0,"liquidity_value":0,"performance_hebdo":0,"liquidity_frequency":0,"ytd":0,"products":[],"gestionnaire":{"birth_day":"1970-01-01T05:28:20.118Z","password":"$2b$10$CmVSy8UmmadypLu7y7d\/eOs4baSNkYk6ja2gsFrI\/4Z74ix0r4PZy","role":["User"],"phone":"696074199","isCreatedByAdmin":false,"__v":0,"last_name":"fafnirukihj","_id":"63c80c13e56165ca64b4a6cb","isActive":false,"first_name":"Fafnirou3kl","email":"hamman2@mail.com","isEmailConfirmed":false},"__v":0,"_id":"63eb9ddc475413c1984e04cc","designation":"Default wallet","cumulative_performance_date":"2023-02-14T07:44:47.497Z","user":{"birth_day":"2004-12-09T00:00:00.000Z","password":"$2b$10$yv06XX7izet8dxzpc8l2iOvPg409Wkd.WWu4TRz2QXPYedGZfvNaa","role":["Admin"],"phone":"0274597637","isCreatedByAdmin":true,"__v":0,"last_name":"Fluet","_id":"63eb9ddc475413c1984e04c8","isActive":true,"first_name":"mariette","email":"fluet.mariette@yopmail.com","isEmailConfirmed":true}},{"initial_value":0,"cumulative_performance":0,"liquidity_value":0,"performance_hebdo":0,"liquidity_frequency":0,"ytd":0,"products":[],"gestionnaire":{"birth_day":"1970-01-01T05:28:20.118Z","password":"$2b$10$CmVSy8UmmadypLu7y7d\/eOs4baSNkYk6ja2gsFrI\/4Z74ix0r4PZy","role":["User"],"phone":"696074199","isCreatedByAdmin":false,"__v":0,"last_name":"fafnirukihj","_id":"63c80c13e56165ca64b4a6cb","isActive":false,"first_name":"Fafnirou3kl","email":"hamman2@mail.com","isEmailConfirmed":false},"__v":0,"_id":"63eba2a8fcce97226f762a4e","designation":"Default wallet","cumulative_performance_date":"2023-02-14T15:00:03.307Z","user":{"birth_day":"2004-12-09T00:00:00.000Z","password":"$2b$10$nBA5IugESftbSIcdr9oOYujN0VP77FDCbYxAit0qfgLz9feKy5HvW","role":["Admin"],"phone":"0261566377","isCreatedByAdmin":true,"__v":0,"last_name":"Leverett ","_id":"63eba2a7fcce97226f762a4a","isActive":true,"first_name":"pirouet","email":"pirouet.leverett@yopmail.com","isEmailConfirmed":true}},{"initial_value":0,"cumulative_performance":0,"liquidity_value":0,"performance_hebdo":0,"liquidity_frequency":0,"ytd":0,"products":[],"gestionnaire":{"birth_day":"1970-01-01T05:28:20.118Z","password":"$2b$10$CmVSy8UmmadypLu7y7d\/eOs4baSNkYk6ja2gsFrI\/4Z74ix0r4PZy","role":["User"],"phone":"696074199","isCreatedByAdmin":false,"__v":0,"last_name":"fafnirukihj","_id":"63c80c13e56165ca64b4a6cb","isActive":false,"first_name":"Fafnirou3kl","email":"hamman2@mail.com","isEmailConfirmed":false},"__v":0,"_id":"63eba3a5fcce97226f762a5b","designation":"Default wallet","cumulative_performance_date":"2023-02-14T15:00:03.307Z","user":{"birth_day":"1970-01-01T05:33:10.509Z","password":"$2b$10$Cz7ln1EmQGbmw7iHOBkfNuK548MqmMH1uGVSmlma.DED3FQuc9ZYq","role":["User"],"phone":"696894199","isCreatedByAdmin":true,"__v":0,"last_name":"Dayrep","_id":"63eba3a4fcce97226f762a57","isActive":false,"first_name":"Bired","email":"bired1978@dayrep.com","isEmailConfirmed":true}},{"initial_value":0,"cumulative_performance":0,"liquidity_value":0,"performance_hebdo":0,"liquidity_frequency":0,"ytd":0,"products":[],"gestionnaire":{"birth_day":"1970-01-01T05:28:20.118Z","password":"$2b$10$CmVSy8UmmadypLu7y7d\/eOs4baSNkYk6ja2gsFrI\/4Z74ix0r4PZy","role":["User"],"phone":"696074199","isCreatedByAdmin":false,"__v":0,"last_name":"fafnirukihj","_id":"63c80c13e56165ca64b4a6cb","isActive":false,"first_name":"Fafnirou3kl","email":"hamman2@mail.com","isEmailConfirmed":false},"__v":0,"_id":"63eba437ced4433df65d5490","designation":"Default wallet","cumulative_performance_date":"2023-02-14T15:07:08.843Z","user":{"birth_day":"2004-12-09T00:00:00.000Z","password":"$2b$10$OcquP3sxJqDaP6bUQFVD1.x3FPtemMLv9sW.BufHd0LJ.3ge5lJ9u","role":["Admin"],"phone":"44555566666","isCreatedByAdmin":true,"__v":0,"last_name":"ffff","_id":"63eba437ced4433df65d548b","isActive":false,"first_name":"fffff bghhhh","email":"dd@yopmail.com","isEmailConfirmed":true}},{"initial_value":0,"cumulative_performance":0,"liquidity_value":0,"performance_hebdo":0,"liquidity_frequency":0,"ytd":0,"products":[],"gestionnaire":{"birth_day":"1970-01-01T05:28:20.118Z","password":"$2b$10$CmVSy8UmmadypLu7y7d\/eOs4baSNkYk6ja2gsFrI\/4Z74ix0r4PZy","role":["User"],"phone":"696074199","isCreatedByAdmin":false,"__v":0,"last_name":"fafnirukihj","_id":"63c80c13e56165ca64b4a6cb","isActive":false,"first_name":"Fafnirou3kl","email":"hamman2@mail.com","isEmailConfirmed":false},"__v":0,"_id":"63eba4b8ced4433df65d549e","designation":"Default wallet","cumulative_performance_date":"2023-02-14T15:07:08.843Z","user":{"birth_day":"2004-12-09T00:00:00.000Z","password":"$2b$10$eWBezgi3zwGOu.mLxc7AEOfV1BRIwTwb7bnai0vcIUCVVLWYQq8A.","role":["Admin"],"phone":"123456789","isCreatedByAdmin":true,"__v":0,"last_name":"Gabriaux","_id":"63eba4b8ced4433df65d549a","isActive":false,"first_name":"Gifford ","email":"gifford.leverett@yopmail.com","isEmailConfirmed":true}},{"initial_value":0,"cumulative_performance":0,"liquidity_value":0,"performance_hebdo":0,"liquidity_frequency":0,"ytd":0,"products":[],"gestionnaire":{"birth_day":"1970-01-01T05:28:20.118Z","password":"$2b$10$CmVSy8UmmadypLu7y7d\/eOs4baSNkYk6ja2gsFrI\/4Z74ix0r4PZy","role":["User"],"phone":"696074199","isCreatedByAdmin":false,"__v":0,"last_name":"fafnirukihj","_id":"63c80c13e56165ca64b4a6cb","isActive":false,"first_name":"Fafnirou3kl","email":"hamman2@mail.com","isEmailConfirmed":false},"__v":0,"_id":"63eba61eced4433df65d54b0","designation":"Default wallet","cumulative_performance_date":"2023-02-14T15:07:08.843Z","user":{"birth_day":"1970-01-01T05:33:10.509Z","password":"$2b$10$IVEppXxuipoFaZJ.nnMW5OQ.M.0i32Jb1KX.b65ykbTg0F3ZY0txe","role":["Admin"],"phone":"696894199","isCreatedByAdmin":true,"__v":0,"last_name":"mappuye","_id":"63eba61dced4433df65d54ac","isActive":true,"first_name":"praufe","email":"praufeimmappuye-6059@yopmail.com","isEmailConfirmed":true}},{"initial_value":0,"cumulative_performance":0,"liquidity_value":0,"performance_hebdo":0,"liquidity_frequency":0,"ytd":0,"products":[],"gestionnaire":{"birth_day":"1970-01-01T05:28:20.118Z","password":"$2b$10$CmVSy8UmmadypLu7y7d\/eOs4baSNkYk6ja2gsFrI\/4Z74ix0r4PZy","role":["User"],"phone":"696074199","isCreatedByAdmin":false,"__v":0,"last_name":"fafnirukihj","_id":"63c80c13e56165ca64b4a6cb","isActive":false,"first_name":"Fafnirou3kl","email":"hamman2@mail.com","isEmailConfirmed":false},"__v":0,"_id":"63eba64bced4433df65d54b7","designation":"Default wallet","cumulative_performance_date":"2023-02-14T15:07:08.843Z","user":{"birth_day":"1976-02-12T23:00:00.000Z","password":"$2b$10$l7tdbMjE3Hr0r7JEBpJS1uEBNgPiC5lCMr.PPu8fn9figqVgC7YFi","role":["User"],"phone":"0130804537","isCreatedByAdmin":true,"__v":0,"last_name":"Brochu","_id":"63eba64aced4433df65d54b3","isActive":true,"first_name":" Marie Christiane ","email":"marie.brochu@yopmail.com","isEmailConfirmed":true}},{"initial_value":0,"cumulative_performance":0,"liquidity_value":0,"performance_hebdo":0,"liquidity_frequency":0,"ytd":0,"products":[],"gestionnaire":{"birth_day":"1970-01-01T05:28:20.118Z","password":"$2b$10$CmVSy8UmmadypLu7y7d\/eOs4baSNkYk6ja2gsFrI\/4Z74ix0r4PZy","role":["User"],"phone":"696074199","isCreatedByAdmin":false,"__v":0,"last_name":"fafnirukihj","_id":"63c80c13e56165ca64b4a6cb","isActive":false,"first_name":"Fafnirou3kl","email":"hamman2@mail.com","isEmailConfirmed":false},"__v":0,"_id":"63eba7e3ced4433df65d54d2","designation":"Default wallet","cumulative_performance_date":"2023-02-14T15:07:08.843Z","user":{"birth_day":"2004-12-09T00:00:00.000Z","password":"$2b$10$.mqVfGrCpAJv2TXsmwYCTO.F7JRBlTHqFlFQo8RB\/yrFNfkHZEsmW","role":["Admin"],"phone":"123456789","isCreatedByAdmin":true,"__v":0,"last_name":"Rossignol","_id":"63eba7e3ced4433df65d54ce","isActive":true,"first_name":"Stéphane ","email":"stephane.ross@yopmail.com","isEmailConfirmed":true}},{"initial_value":0,"cumulative_performance":0,"liquidity_value":0,"performance_hebdo":0,"liquidity_frequency":0,"ytd":0,"products":[],"gestionnaire":{"birth_day":"1970-01-01T05:28:20.118Z","password":"$2b$10$CmVSy8UmmadypLu7y7d\/eOs4baSNkYk6ja2gsFrI\/4Z74ix0r4PZy","role":["User"],"phone":"696074199","isCreatedByAdmin":false,"__v":0,"last_name":"fafnirukihj","_id":"63c80c13e56165ca64b4a6cb","isActive":false,"first_name":"Fafnirou3kl","email":"hamman2@mail.com","isEmailConfirmed":false},"__v":0,"_id":"63ebabf3ced4433df65d54e5","designation":"Default wallet","cumulative_performance_date":"2023-02-14T15:07:08.843Z","user":{"birth_day":"2016-12-31T23:00:00.000Z","password":"$2b$10$AJCOW02oFEeklV14KLLIf.e.m35sisNyVg2K32218Hqnj9Q6Tatbe","role":["User"],"phone":"0127376454","isCreatedByAdmin":true,"__v":0,"last_name":"Chrétien","_id":"63ebabf2ced4433df65d54e1","isActive":true,"first_name":"Gaston ","email":"gaston.chretien@yopmail.com","isEmailConfirmed":false}},{"initial_value":0,"cumulative_performance":0,"liquidity_value":0,"performance_hebdo":0,"liquidity_frequency":0,"ytd":0,"products":[],"gestionnaire":{"birth_day":"1970-01-01T05:28:20.118Z","password":"$2b$10$CmVSy8UmmadypLu7y7d\/eOs4baSNkYk6ja2gsFrI\/4Z74ix0r4PZy","role":["User"],"phone":"696074199","isCreatedByAdmin":false,"__v":0,"last_name":"fafnirukihj","_id":"63c80c13e56165ca64b4a6cb","isActive":false,"first_name":"Fafnirou3kl","email":"hamman2@mail.com","isEmailConfirmed":false},"__v":0,"_id":"63ebac633e256801c0324afe","designation":"Default wallet","cumulative_performance_date":"2023-02-14T15:43:29.931Z","user":{"birth_day":"1999-02-14T00:00:00.000Z","password":"$2b$10$4S\/tofgIUtJzfuJkv2I6s.GIgB8RvvrB8nvWh4Yiux8G0599tyAMS","role":["User"],"phone":"0665085356","isCreatedByAdmin":false,"__v":0,"last_name":"Chretien","_id":"63ebac633e256801c0324afa","isActive":false,"first_name":"Pierre","email":"pierre.chretien@yopmail.com","isEmailConfirmed":true}},{"initial_value":0,"cumulative_performance":0,"liquidity_value":0,"performance_hebdo":0,"liquidity_frequency":0,"ytd":0,"products":[{"maturity":"4 mois","subscription_deadline_date":"2023-02-15T13:38:10.988Z","value_initial":15000,"liquidity_frequency":"mensuel","Annual_rate":12.99,"Annual_return":13,"perfomance_hebdo":20,"type":"obligation","createdAt":"2023-02-15T16:17:50.269Z","value_liquidity":10000,"__v":0,"_id":"63ed05aeda9e7ea1ed36f5de","designation":"Ulrich","rate_of_return":0,"transmitter":"Kamer","value_date":"2023-02-15T13:38:10.988Z","updatedAt":"2023-02-15T16:33:30.489Z"},{"maturity":"4 année(s)","subscription_deadline_date":"2023-02-24T23:00:00.000Z","value_initial":10000,"liquidity_frequency":"mensuel","Annual_rate":5.6,"Annual_return":0.99,"perfomance_hebdo":0.67,"type":"FCP","createdAt":"2023-02-15T16:36:10.574Z","value_liquidity":120000,"__v":0,"_id":"63ed09fac052a23f7261c1e8","designation":"FCP CEMAC","rate_of_return":0,"transmitter":"ECOBANK","value_date":"2023-02-27T23:00:00.000Z","updatedAt":"2023-02-16T09:54:19.379Z"}],"gestionnaire":{"birth_day":"1970-01-01T05:28:20.118Z","password":"$2b$10$CmVSy8UmmadypLu7y7d\/eOs4baSNkYk6ja2gsFrI\/4Z74ix0r4PZy","role":["User"],"phone":"696074199","isCreatedByAdmin":false,"__v":0,"last_name":"fafnirukihj","_id":"63c80c13e56165ca64b4a6cb","isActive":false,"first_name":"Fafnirou3kl","email":"hamman2@mail.com","isEmailConfirmed":false},"__v":0,"_id":"63eca75d21e6713f8b9f54c3","designation":"Default wallet","cumulative_performance_date":"2023-02-14T16:10:11.461Z","user":{"birth_day":"2003-02-15T00:00:00.000Z","password":"$2b$10$P8AGzDh6FQ0R0DYi9sG3VeVJmVsLBVFFg85OUiFmxBbLOtmNBo2ki","role":["User"],"phone":"655757902","isCreatedByAdmin":false,"__v":0,"last_name":"Tendong","_id":"63eca75c21e6713f8b9f54bf","isActive":true,"first_name":"Gabriel","email":"gabitendong@gmail.com","isEmailConfirmed":true}},{"initial_value":0,"cumulative_performance":0,"liquidity_value":0,"performance_hebdo":0,"liquidity_frequency":0,"ytd":0,"products":[],"gestionnaire":{"birth_day":"1970-01-01T05:28:20.118Z","password":"$2b$10$CmVSy8UmmadypLu7y7d\/eOs4baSNkYk6ja2gsFrI\/4Z74ix0r4PZy","role":["User"],"phone":"696074199","isCreatedByAdmin":false,"__v":0,"last_name":"fafnirukihj","_id":"63c80c13e56165ca64b4a6cb","isActive":false,"first_name":"Fafnirou3kl","email":"hamman2@mail.com","isEmailConfirmed":false},"__v":0,"_id":"63eca87e265224556e412672","designation":"Default wallet","cumulative_performance_date":"2023-02-15T09:39:15.654Z","user":{"birth_day":"2000-12-12T00:00:00.000Z","password":"$2b$10$vjCSrc3bqwG0QCcEVlUB1.J6mm2nZl33vRdd2Bp1onct3XEXRm4Ra","role":["SuperAdmin"],"phone":"655797902","isCreatedByAdmin":false,"__v":0,"last_name":"Okourou","_id":"63eca87e265224556e41266e","isActive":true,"first_name":"Francine","email":"francine.okourou@gmail.com","isEmailConfirmed":true}},{"initial_value":0,"cumulative_performance":0,"liquidity_value":0,"performance_hebdo":0,"liquidity_frequency":0,"ytd":0,"products":[],"gestionnaire":{"birth_day":"1970-01-01T05:28:20.118Z","password":"$2b$10$CmVSy8UmmadypLu7y7d\/eOs4baSNkYk6ja2gsFrI\/4Z74ix0r4PZy","role":["User"],"phone":"696074199","isCreatedByAdmin":false,"__v":0,"last_name":"fafnirukihj","_id":"63c80c13e56165ca64b4a6cb","isActive":false,"first_name":"Fafnirou3kl","email":"hamman2@mail.com","isEmailConfirmed":false},"__v":0,"_id":"63ecaaf36cb610809cab441c","designation":"Default wallet","cumulative_performance_date":"2023-02-15T09:35:17.690Z","user":{"birth_day":"1987-02-14T23:00:00.000Z","password":"$2b$10$AIoTBL558nxMzLxy8vMT4uB630G8PbYnuRYTwvqaXir3PmAbK\/iTi","role":["User"],"phone":"0825632699","isCreatedByAdmin":true,"__v":0,"last_name":"Akabueze","_id":"63ecaaf26cb610809cab4418","isActive":false,"first_name":"Chisom","email":"chisom.aka@yopmail.com","isEmailConfirmed":true}},{"initial_value":0,"cumulative_performance":0,"liquidity_value":0,"performance_hebdo":0,"liquidity_frequency":0,"ytd":0,"products":[],"gestionnaire":{"birth_day":"1970-01-01T05:28:20.118Z","password":"$2b$10$CmVSy8UmmadypLu7y7d\/eOs4baSNkYk6ja2gsFrI\/4Z74ix0r4PZy","role":["User"],"phone":"696074199","isCreatedByAdmin":false,"__v":0,"last_name":"fafnirukihj","_id":"63c80c13e56165ca64b4a6cb","isActive":false,"first_name":"Fafnirou3kl","email":"hamman2@mail.com","isEmailConfirmed":false},"__v":0,"_id":"63ecaca56cb610809cab444a","designation":"Default wallet","cumulative_performance_date":"2023-02-15T09:35:17.690Z","user":{"birth_day":"2016-12-31T23:00:00.000Z","password":"$2b$10$6v6lFJBUL0A02xcfIVjI9unqB6llbYvTB0NEsHx8vchEG1nfPs4FS","role":["User"],"phone":"07678765656","isCreatedByAdmin":true,"__v":0,"last_name":"Ebelechukwu","_id":"63ecaca56cb610809cab4446","isActive":false,"first_name":"Chimezie ","email":"chimezie.aka@yopmail.com","isEmailConfirmed":true}},{"initial_value":0,"cumulative_performance":0,"liquidity_value":0,"performance_hebdo":0,"liquidity_frequency":0,"ytd":0,"products":[],"gestionnaire":{"birth_day":"1970-01-01T05:28:20.118Z","password":"$2b$10$CmVSy8UmmadypLu7y7d\/eOs4baSNkYk6ja2gsFrI\/4Z74ix0r4PZy","role":["User"],"phone":"696074199","isCreatedByAdmin":false,"__v":0,"last_name":"fafnirukihj","_id":"63c80c13e56165ca64b4a6cb","isActive":false,"first_name":"Fafnirou3kl","email":"hamman2@mail.com","isEmailConfirmed":false},"__v":0,"_id":"63ecae586cb610809cab4460","designation":"Default wallet","cumulative_performance_date":"2023-02-15T09:35:17.690Z","user":{"birth_day":"2016-12-31T23:00:00.000Z","password":"$2b$10$DJJedtFoORIMJ6Rr\/xq\/eez8pZH3KoOwnSL6xB2.u4P303r4ixPFG","role":["User"],"phone":"06789876765","isCreatedByAdmin":true,"__v":0,"last_name":"Elechi","_id":"63ecae576cb610809cab445c","isActive":true,"first_name":"Okoli ","email":"rolland.aka@yopmail.com","isEmailConfirmed":true}},{"initial_value":0,"cumulative_performance":0,"liquidity_value":0,"performance_hebdo":0,"liquidity_frequency":0,"ytd":0,"products":[],"gestionnaire":{"birth_day":"1970-01-01T05:28:20.118Z","password":"$2b$10$CmVSy8UmmadypLu7y7d\/eOs4baSNkYk6ja2gsFrI\/4Z74ix0r4PZy","role":["User"],"phone":"696074199","isCreatedByAdmin":false,"__v":0,"last_name":"fafnirukihj","_id":"63c80c13e56165ca64b4a6cb","isActive":false,"first_name":"Fafnirou3kl","email":"hamman2@mail.com","isEmailConfirmed":false},"__v":0,"_id":"63ecaf676cb610809cab4477","designation":"Default wallet","cumulative_performance_date":"2023-02-15T09:35:17.690Z","user":{"birth_day":"2016-12-31T23:00:00.000Z","password":"$2b$10$x68m6VfAPXk2eCh9O6\/7FufhvJ9v2Z0MHWniDUpfhP4X6Uu8VAoIa","role":["User"],"phone":"0987654321","isCreatedByAdmin":true,"__v":0,"last_name":"Zinachidi","_id":"63ecaf666cb610809cab4473","isActive":true,"first_name":"Chinemeremma ","email":"zina.aka@yopmail.com","isEmailConfirmed":true}},{"initial_value":0,"cumulative_performance":0,"liquidity_value":0,"performance_hebdo":0,"liquidity_frequency":0,"ytd":0,"products":[],"gestionnaire":{"birth_day":"1970-01-01T05:28:20.118Z","password":"$2b$10$CmVSy8UmmadypLu7y7d\/eOs4baSNkYk6ja2gsFrI\/4Z74ix0r4PZy","role":["User"],"phone":"696074199","isCreatedByAdmin":false,"__v":0,"last_name":"fafnirukihj","_id":"63c80c13e56165ca64b4a6cb","isActive":false,"first_name":"Fafnirou3kl","email":"hamman2@mail.com","isEmailConfirmed":false},"__v":0,"_id":"63ecb02d6cb610809cab4489","designation":"Default wallet","cumulative_performance_date":"2023-02-15T09:35:17.690Z","user":{"birth_day":"2005-02-07T23:00:00.000Z","password":"$2b$10$eF9hDrRyEGVXUK9ZVE3b\/uh4e80zEQTZ9JK5zIJG3BvmFeXP9nH4i","role":["User"],"phone":"0987654321","isCreatedByAdmin":true,"__v":0,"last_name":"Iweobiegbulam","_id":"63ecb02c6cb610809cab4485","isActive":true,"first_name":"Dike ","email":"dike.aka@yopmail.com","isEmailConfirmed":true}},{"initial_value":0,"cumulative_performance":0,"liquidity_value":0,"performance_hebdo":0,"liquidity_frequency":0,"ytd":0,"products":[],"gestionnaire":{"birth_day":"1970-01-01T05:28:20.118Z","password":"$2b$10$CmVSy8UmmadypLu7y7d\/eOs4baSNkYk6ja2gsFrI\/4Z74ix0r4PZy","role":["User"],"phone":"696074199","isCreatedByAdmin":false,"__v":0,"last_name":"fafnirukihj","_id":"63c80c13e56165ca64b4a6cb","isActive":false,"first_name":"Fafnirou3kl","email":"hamman2@mail.com","isEmailConfirmed":false},"__v":0,"_id":"63ecdfd56cb610809cab45c9","designation":"Default wallet","cumulative_performance_date":"2023-02-15T09:35:17.690Z","user":{"birth_day":"1970-01-01T05:33:10.509Z","password":"$2b$10$YpLDon1zoWxoGFnPzOzmfuPdELs.QO68EuOIz7eZrp\/PwRIctmytG","role":["User"],"phone":"696894199","isCreatedByAdmin":true,"__v":0,"last_name":"Zara","_id":"63ecdfd46cb610809cab45c5","isActive":true,"first_name":"Tesfaye7","email":"tesf5@gmail.com","isEmailConfirmed":false}},{"initial_value":0,"cumulative_performance":0,"liquidity_value":0,"performance_hebdo":0,"liquidity_frequency":0,"ytd":0,"products":[],"gestionnaire":{"birth_day":"1970-01-01T05:28:20.118Z","password":"$2b$10$CmVSy8UmmadypLu7y7d\/eOs4baSNkYk6ja2gsFrI\/4Z74ix0r4PZy","role":["User"],"phone":"696074199","isCreatedByAdmin":false,"__v":0,"last_name":"fafnirukihj","_id":"63c80c13e56165ca64b4a6cb","isActive":false,"first_name":"Fafnirou3kl","email":"hamman2@mail.com","isEmailConfirmed":false},"__v":0,"_id":"63ecdfd86cb610809cab45cc","designation":"string","cumulative_performance_date":"2023-02-15T00:00:00.000Z","user":{"birth_day":"1970-01-01T05:28:20.118Z","password":"$2b$10$CmVSy8UmmadypLu7y7d\/eOs4baSNkYk6ja2gsFrI\/4Z74ix0r4PZy","role":["User"],"phone":"696074199","isCreatedByAdmin":false,"__v":0,"last_name":"fafnirukihj","_id":"63c80c13e56165ca64b4a6cb","isActive":false,"first_name":"Fafnirou3kl","email":"hamman2@mail.com","isEmailConfirmed":false}},{"initial_value":0,"cumulative_performance":0,"liquidity_value":0,"performance_hebdo":0,"liquidity_frequency":0,"ytd":0,"products":[],"gestionnaire":{"birth_day":"1970-01-01T05:28:20.118Z","password":"$2b$10$CmVSy8UmmadypLu7y7d\/eOs4baSNkYk6ja2gsFrI\/4Z74ix0r4PZy","role":["User"],"phone":"696074199","isCreatedByAdmin":false,"__v":0,"last_name":"fafnirukihj","_id":"63c80c13e56165ca64b4a6cb","isActive":false,"first_name":"Fafnirou3kl","email":"hamman2@mail.com","isEmailConfirmed":false},"__v":0,"_id":"63ecfb79da9e7ea1ed36f529","designation":"string","cumulative_performance_date":"2023-02-15T00:00:00.000Z","user":{"birth_day":"1970-01-01T05:28:20.118Z","password":"$2b$10$CmVSy8UmmadypLu7y7d\/eOs4baSNkYk6ja2gsFrI\/4Z74ix0r4PZy","role":["User"],"phone":"696074199","isCreatedByAdmin":false,"__v":0,"last_name":"fafnirukihj","_id":"63c80c13e56165ca64b4a6cb","isActive":false,"first_name":"Fafnirou3kl","email":"hamman2@mail.com","isEmailConfirmed":false}},{"initial_value":0,"cumulative_performance":0,"liquidity_value":0,"performance_hebdo":0,"liquidity_frequency":0,"ytd":0,"products":[],"gestionnaire":{"birth_day":"1970-01-01T05:28:20.118Z","password":"$2b$10$CmVSy8UmmadypLu7y7d\/eOs4baSNkYk6ja2gsFrI\/4Z74ix0r4PZy","role":["User"],"phone":"696074199","isCreatedByAdmin":false,"__v":0,"last_name":"fafnirukihj","_id":"63c80c13e56165ca64b4a6cb","isActive":false,"first_name":"Fafnirou3kl","email":"hamman2@mail.com","isEmailConfirmed":false},"__v":0,"_id":"63ecfeffda9e7ea1ed36f557","designation":"string","cumulative_performance_date":"2023-02-15T00:00:00.000Z","user":{"birth_day":"1970-01-01T05:28:20.118Z","password":"$2b$10$CmVSy8UmmadypLu7y7d\/eOs4baSNkYk6ja2gsFrI\/4Z74ix0r4PZy","role":["User"],"phone":"696074199","isCreatedByAdmin":false,"__v":0,"last_name":"fafnirukihj","_id":"63c80c13e56165ca64b4a6cb","isActive":false,"first_name":"Fafnirou3kl","email":"hamman2@mail.com","isEmailConfirmed":false}},{"initial_value":0,"cumulative_performance":0,"liquidity_value":0,"performance_hebdo":0,"liquidity_frequency":0,"ytd":0,"products":[],"gestionnaire":{"birth_day":"1970-01-01T05:28:20.118Z","password":"$2b$10$CmVSy8UmmadypLu7y7d\/eOs4baSNkYk6ja2gsFrI\/4Z74ix0r4PZy","role":["User"],"phone":"696074199","isCreatedByAdmin":false,"__v":0,"last_name":"fafnirukihj","_id":"63c80c13e56165ca64b4a6cb","isActive":false,"first_name":"Fafnirou3kl","email":"hamman2@mail.com","isEmailConfirmed":false},"__v":0,"_id":"63ed05abda9e7ea1ed36f5db","designation":"string","cumulative_performance_date":"2023-02-15T00:00:00.000Z","user":{"birth_day":"1970-01-01T05:28:20.118Z","password":"$2b$10$CmVSy8UmmadypLu7y7d\/eOs4baSNkYk6ja2gsFrI\/4Z74ix0r4PZy","role":["User"],"phone":"696074199","isCreatedByAdmin":false,"__v":0,"last_name":"fafnirukihj","_id":"63c80c13e56165ca64b4a6cb","isActive":false,"first_name":"Fafnirou3kl","email":"hamman2@mail.com","isEmailConfirmed":false}},{"initial_value":0,"cumulative_performance":0,"liquidity_value":0,"performance_hebdo":0,"liquidity_frequency":0,"ytd":0,"products":[],"gestionnaire":{"birth_day":"1970-01-01T05:28:20.118Z","password":"$2b$10$CmVSy8UmmadypLu7y7d\/eOs4baSNkYk6ja2gsFrI\/4Z74ix0r4PZy","role":["User"],"phone":"696074199","isCreatedByAdmin":false,"__v":0,"last_name":"fafnirukihj","_id":"63c80c13e56165ca64b4a6cb","isActive":false,"first_name":"Fafnirou3kl","email":"hamman2@mail.com","isEmailConfirmed":false},"__v":0,"_id":"63ed0dc2c052a23f7261c271","designation":"string","cumulative_performance_date":"2023-02-15T00:00:00.000Z","user":{"birth_day":"1970-01-01T05:28:20.118Z","password":"$2b$10$CmVSy8UmmadypLu7y7d\/eOs4baSNkYk6ja2gsFrI\/4Z74ix0r4PZy","role":["User"],"phone":"696074199","isCreatedByAdmin":false,"__v":0,"last_name":"fafnirukihj","_id":"63c80c13e56165ca64b4a6cb","isActive":false,"first_name":"Fafnirou3kl","email":"hamman2@mail.com","isEmailConfirmed":false}},{"initial_value":0,"cumulative_performance":0,"liquidity_value":0,"performance_hebdo":0,"liquidity_frequency":0,"ytd":0,"products":[],"gestionnaire":{"birth_day":"1970-01-01T05:28:20.118Z","password":"$2b$10$CmVSy8UmmadypLu7y7d\/eOs4baSNkYk6ja2gsFrI\/4Z74ix0r4PZy","role":["User"],"phone":"696074199","isCreatedByAdmin":false,"__v":0,"last_name":"fafnirukihj","_id":"63c80c13e56165ca64b4a6cb","isActive":false,"first_name":"Fafnirou3kl","email":"hamman2@mail.com","isEmailConfirmed":false},"__v":0,"_id":"63ed1744c052a23f7261c2b1","designation":"string","cumulative_performance_date":"2023-02-15T00:00:00.000Z","user":{"birth_day":"1970-01-01T05:28:20.118Z","password":"$2b$10$CmVSy8UmmadypLu7y7d\/eOs4baSNkYk6ja2gsFrI\/4Z74ix0r4PZy","role":["User"],"phone":"696074199","isCreatedByAdmin":false,"__v":0,"last_name":"fafnirukihj","_id":"63c80c13e56165ca64b4a6cb","isActive":false,"first_name":"Fafnirou3kl","email":"hamman2@mail.com","isEmailConfirmed":false}},{"initial_value":0,"cumulative_performance":0,"liquidity_value":0,"performance_hebdo":0,"liquidity_frequency":0,"ytd":0,"products":[],"gestionnaire":{"birth_day":"1970-01-01T05:28:20.118Z","password":"$2b$10$CmVSy8UmmadypLu7y7d\/eOs4baSNkYk6ja2gsFrI\/4Z74ix0r4PZy","role":["User"],"phone":"696074199","isCreatedByAdmin":false,"__v":0,"last_name":"fafnirukihj","_id":"63c80c13e56165ca64b4a6cb","isActive":false,"first_name":"Fafnirou3kl","email":"hamman2@mail.com","isEmailConfirmed":false},"__v":0,"_id":"63ed1b1fc052a23f7261c2df","designation":"string","cumulative_performance_date":"2023-02-15T00:00:00.000Z","user":{"birth_day":"1970-01-01T05:28:20.118Z","password":"$2b$10$CmVSy8UmmadypLu7y7d\/eOs4baSNkYk6ja2gsFrI\/4Z74ix0r4PZy","role":["User"],"phone":"696074199","isCreatedByAdmin":false,"__v":0,"last_name":"fafnirukihj","_id":"63c80c13e56165ca64b4a6cb","isActive":false,"first_name":"Fafnirou3kl","email":"hamman2@mail.com","isEmailConfirmed":false}},{"initial_value":0,"cumulative_performance":0,"liquidity_value":0,"performance_hebdo":0,"liquidity_frequency":0,"ytd":0,"products":[],"gestionnaire":{"birth_day":"1970-01-01T05:28:20.118Z","password":"$2b$10$CmVSy8UmmadypLu7y7d\/eOs4baSNkYk6ja2gsFrI\/4Z74ix0r4PZy","role":["User"],"phone":"696074199","isCreatedByAdmin":false,"__v":0,"last_name":"fafnirukihj","_id":"63c80c13e56165ca64b4a6cb","isActive":false,"first_name":"Fafnirou3kl","email":"hamman2@mail.com","isEmailConfirmed":false},"__v":0,"_id":"63ed1c0dc052a23f7261c30d","designation":"string","cumulative_performance_date":"2023-02-15T00:00:00.000Z","user":{"birth_day":"1970-01-01T05:28:20.118Z","password":"$2b$10$CmVSy8UmmadypLu7y7d\/eOs4baSNkYk6ja2gsFrI\/4Z74ix0r4PZy","role":["User"],"phone":"696074199","isCreatedByAdmin":false,"__v":0,"last_name":"fafnirukihj","_id":"63c80c13e56165ca64b4a6cb","isActive":false,"first_name":"Fafnirou3kl","email":"hamman2@mail.com","isEmailConfirmed":false}},{"initial_value":0,"cumulative_performance":0,"liquidity_value":0,"performance_hebdo":0,"liquidity_frequency":0,"ytd":0,"products":[],"gestionnaire":{"birth_day":"1970-01-01T05:28:20.118Z","password":"$2b$10$CmVSy8UmmadypLu7y7d\/eOs4baSNkYk6ja2gsFrI\/4Z74ix0r4PZy","role":["User"],"phone":"696074199","isCreatedByAdmin":false,"__v":0,"last_name":"fafnirukihj","_id":"63c80c13e56165ca64b4a6cb","isActive":false,"first_name":"Fafnirou3kl","email":"hamman2@mail.com","isEmailConfirmed":false},"__v":0,"_id":"63ed1d30c052a23f7261c33b","designation":"string","cumulative_performance_date":"2023-02-15T00:00:00.000Z","user":{"birth_day":"1970-01-01T05:28:20.118Z","password":"$2b$10$CmVSy8UmmadypLu7y7d\/eOs4baSNkYk6ja2gsFrI\/4Z74ix0r4PZy","role":["User"],"phone":"696074199","isCreatedByAdmin":false,"__v":0,"last_name":"fafnirukihj","_id":"63c80c13e56165ca64b4a6cb","isActive":false,"first_name":"Fafnirou3kl","email":"hamman2@mail.com","isEmailConfirmed":false}},{"initial_value":0,"cumulative_performance":0,"liquidity_value":0,"performance_hebdo":0,"liquidity_frequency":0,"ytd":0,"products":[],"gestionnaire":{"birth_day":"1970-01-01T05:28:20.118Z","password":"$2b$10$CmVSy8UmmadypLu7y7d\/eOs4baSNkYk6ja2gsFrI\/4Z74ix0r4PZy","role":["User"],"phone":"696074199","isCreatedByAdmin":false,"__v":0,"last_name":"fafnirukihj","_id":"63c80c13e56165ca64b4a6cb","isActive":false,"first_name":"Fafnirou3kl","email":"hamman2@mail.com","isEmailConfirmed":false},"__v":0,"_id":"63ede26ec052a23f7261c387","designation":"string","cumulative_performance_date":"2023-02-15T00:00:00.000Z","user":{"birth_day":"1970-01-01T05:28:20.118Z","password":"$2b$10$CmVSy8UmmadypLu7y7d\/eOs4baSNkYk6ja2gsFrI\/4Z74ix0r4PZy","role":["User"],"phone":"696074199","isCreatedByAdmin":false,"__v":0,"last_name":"fafnirukihj","_id":"63c80c13e56165ca64b4a6cb","isActive":false,"first_name":"Fafnirou3kl","email":"hamman2@mail.com","isEmailConfirmed":false}},{"initial_value":0,"cumulative_performance":0,"liquidity_value":0,"performance_hebdo":0,"liquidity_frequency":0,"ytd":0,"products":[],"gestionnaire":{"birth_day":"1970-01-01T05:28:20.118Z","password":"$2b$10$CmVSy8UmmadypLu7y7d\/eOs4baSNkYk6ja2gsFrI\/4Z74ix0r4PZy","role":["User"],"phone":"696074199","isCreatedByAdmin":false,"__v":0,"last_name":"fafnirukihj","_id":"63c80c13e56165ca64b4a6cb","isActive":false,"first_name":"Fafnirou3kl","email":"hamman2@mail.com","isEmailConfirmed":false},"__v":0,"_id":"63ede6d7c052a23f7261c3b5","designation":"string","cumulative_performance_date":"2023-02-15T00:00:00.000Z","user":{"birth_day":"1970-01-01T05:28:20.118Z","password":"$2b$10$CmVSy8UmmadypLu7y7d\/eOs4baSNkYk6ja2gsFrI\/4Z74ix0r4PZy","role":["User"],"phone":"696074199","isCreatedByAdmin":false,"__v":0,"last_name":"fafnirukihj","_id":"63c80c13e56165ca64b4a6cb","isActive":false,"first_name":"Fafnirou3kl","email":"hamman2@mail.com","isEmailConfirmed":false}},{"initial_value":0,"cumulative_performance":0,"liquidity_value":0,"performance_hebdo":0,"liquidity_frequency":0,"ytd":0,"products":[],"gestionnaire":{"birth_day":"1970-01-01T05:28:20.118Z","password":"$2b$10$CmVSy8UmmadypLu7y7d\/eOs4baSNkYk6ja2gsFrI\/4Z74ix0r4PZy","role":["User"],"phone":"696074199","isCreatedByAdmin":false,"__v":0,"last_name":"fafnirukihj","_id":"63c80c13e56165ca64b4a6cb","isActive":false,"first_name":"Fafnirou3kl","email":"hamman2@mail.com","isEmailConfirmed":false},"__v":0,"_id":"63ede94dc052a23f7261c3e3","designation":"string","cumulative_performance_date":"2023-02-15T00:00:00.000Z","user":{"birth_day":"1970-01-01T05:28:20.118Z","password":"$2b$10$CmVSy8UmmadypLu7y7d\/eOs4baSNkYk6ja2gsFrI\/4Z74ix0r4PZy","role":["User"],"phone":"696074199","isCreatedByAdmin":false,"__v":0,"last_name":"fafnirukihj","_id":"63c80c13e56165ca64b4a6cb","isActive":false,"first_name":"Fafnirou3kl","email":"hamman2@mail.com","isEmailConfirmed":false}},{"initial_value":0,"cumulative_performance":0,"liquidity_value":0,"performance_hebdo":0,"liquidity_frequency":0,"ytd":0,"products":[],"gestionnaire":{"birth_day":"1970-01-01T05:28:20.118Z","password":"$2b$10$CmVSy8UmmadypLu7y7d\/eOs4baSNkYk6ja2gsFrI\/4Z74ix0r4PZy","role":["User"],"phone":"696074199","isCreatedByAdmin":false,"__v":0,"last_name":"fafnirukihj","_id":"63c80c13e56165ca64b4a6cb","isActive":false,"first_name":"Fafnirou3kl","email":"hamman2@mail.com","isEmailConfirmed":false},"__v":0,"_id":"63edf17ac052a23f7261c411","designation":"string","cumulative_performance_date":"2023-02-15T00:00:00.000Z","user":{"birth_day":"1970-01-01T05:28:20.118Z","password":"$2b$10$CmVSy8UmmadypLu7y7d\/eOs4baSNkYk6ja2gsFrI\/4Z74ix0r4PZy","role":["User"],"phone":"696074199","isCreatedByAdmin":false,"__v":0,"last_name":"fafnirukihj","_id":"63c80c13e56165ca64b4a6cb","isActive":false,"first_name":"Fafnirou3kl","email":"hamman2@mail.com","isEmailConfirmed":false}},{"initial_value":0,"cumulative_performance":0,"liquidity_value":0,"performance_hebdo":0,"liquidity_frequency":0,"ytd":0,"products":[],"gestionnaire":{"birth_day":"1970-01-01T05:28:20.118Z","password":"$2b$10$CmVSy8UmmadypLu7y7d\/eOs4baSNkYk6ja2gsFrI\/4Z74ix0r4PZy","role":["User"],"phone":"696074199","isCreatedByAdmin":false,"__v":0,"last_name":"fafnirukihj","_id":"63c80c13e56165ca64b4a6cb","isActive":false,"first_name":"Fafnirou3kl","email":"hamman2@mail.com","isEmailConfirmed":false},"__v":0,"_id":"63edf2e7c052a23f7261c43f","designation":"string","cumulative_performance_date":"2023-02-15T00:00:00.000Z","user":{"birth_day":"1970-01-01T05:28:20.118Z","password":"$2b$10$CmVSy8UmmadypLu7y7d\/eOs4baSNkYk6ja2gsFrI\/4Z74ix0r4PZy","role":["User"],"phone":"696074199","isCreatedByAdmin":false,"__v":0,"last_name":"fafnirukihj","_id":"63c80c13e56165ca64b4a6cb","isActive":false,"first_name":"Fafnirou3kl","email":"hamman2@mail.com","isEmailConfirmed":false}},{"initial_value":0,"cumulative_performance":0,"liquidity_value":0,"performance_hebdo":0,"liquidity_frequency":0,"ytd":0,"products":[],"gestionnaire":{"birth_day":"1970-01-01T05:28:20.118Z","password":"$2b$10$CmVSy8UmmadypLu7y7d\/eOs4baSNkYk6ja2gsFrI\/4Z74ix0r4PZy","role":["User"],"phone":"696074199","isCreatedByAdmin":false,"__v":0,"last_name":"fafnirukihj","_id":"63c80c13e56165ca64b4a6cb","isActive":false,"first_name":"Fafnirou3kl","email":"hamman2@mail.com","isEmailConfirmed":false},"__v":0,"_id":"63edf7d1f4ed20a4b78a48b3","designation":"string","cumulative_performance_date":"2023-02-15T00:00:00.000Z","user":{"birth_day":"1970-01-01T05:28:20.118Z","password":"$2b$10$CmVSy8UmmadypLu7y7d\/eOs4baSNkYk6ja2gsFrI\/4Z74ix0r4PZy","role":["User"],"phone":"696074199","isCreatedByAdmin":false,"__v":0,"last_name":"fafnirukihj","_id":"63c80c13e56165ca64b4a6cb","isActive":false,"first_name":"Fafnirou3kl","email":"hamman2@mail.com","isEmailConfirmed":false}},{"initial_value":0,"cumulative_performance":0,"liquidity_value":0,"performance_hebdo":0,"liquidity_frequency":0,"ytd":0,"products":[],"gestionnaire":{"birth_day":"1970-01-01T05:28:20.118Z","password":"$2b$10$CmVSy8UmmadypLu7y7d\/eOs4baSNkYk6ja2gsFrI\/4Z74ix0r4PZy","role":["User"],"phone":"696074199","isCreatedByAdmin":false,"__v":0,"last_name":"fafnirukihj","_id":"63c80c13e56165ca64b4a6cb","isActive":false,"first_name":"Fafnirou3kl","email":"hamman2@mail.com","isEmailConfirmed":false},"__v":0,"_id":"63edff62f4ed20a4b78a490f","designation":"string","cumulative_performance_date":"2023-02-15T00:00:00.000Z","user":{"birth_day":"1970-01-01T05:28:20.118Z","password":"$2b$10$CmVSy8UmmadypLu7y7d\/eOs4baSNkYk6ja2gsFrI\/4Z74ix0r4PZy","role":["User"],"phone":"696074199","isCreatedByAdmin":false,"__v":0,"last_name":"fafnirukihj","_id":"63c80c13e56165ca64b4a6cb","isActive":false,"first_name":"Fafnirou3kl","email":"hamman2@mail.com","isEmailConfirmed":false}},{"initial_value":0,"cumulative_performance":0,"liquidity_value":0,"performance_hebdo":0,"liquidity_frequency":0,"ytd":0,"products":[],"gestionnaire":{"birth_day":"1970-01-01T05:28:20.118Z","password":"$2b$10$CmVSy8UmmadypLu7y7d\/eOs4baSNkYk6ja2gsFrI\/4Z74ix0r4PZy","role":["User"],"phone":"696074199","isCreatedByAdmin":false,"__v":0,"last_name":"fafnirukihj","_id":"63c80c13e56165ca64b4a6cb","isActive":false,"first_name":"Fafnirou3kl","email":"hamman2@mail.com","isEmailConfirmed":false},"__v":0,"_id":"63ee041ff4ed20a4b78a4941","designation":"string","cumulative_performance_date":"2023-02-15T00:00:00.000Z","user":{"birth_day":"1970-01-01T05:28:20.118Z","password":"$2b$10$CmVSy8UmmadypLu7y7d\/eOs4baSNkYk6ja2gsFrI\/4Z74ix0r4PZy","role":["User"],"phone":"696074199","isCreatedByAdmin":false,"__v":0,"last_name":"fafnirukihj","_id":"63c80c13e56165ca64b4a6cb","isActive":false,"first_name":"Fafnirou3kl","email":"hamman2@mail.com","isEmailConfirmed":false}},{"initial_value":0,"cumulative_performance":0,"liquidity_value":0,"performance_hebdo":0,"liquidity_frequency":0,"ytd":0,"products":[],"gestionnaire":{"birth_day":"1970-01-01T05:28:20.118Z","password":"$2b$10$CmVSy8UmmadypLu7y7d\/eOs4baSNkYk6ja2gsFrI\/4Z74ix0r4PZy","role":["User"],"phone":"696074199","isCreatedByAdmin":false,"__v":0,"last_name":"fafnirukihj","_id":"63c80c13e56165ca64b4a6cb","isActive":false,"first_name":"Fafnirou3kl","email":"hamman2@mail.com","isEmailConfirmed":false},"__v":0,"_id":"63ee054cf4ed20a4b78a496f","designation":"string","cumulative_performance_date":"2023-02-15T00:00:00.000Z","user":{"birth_day":"1970-01-01T05:28:20.118Z","password":"$2b$10$CmVSy8UmmadypLu7y7d\/eOs4baSNkYk6ja2gsFrI\/4Z74ix0r4PZy","role":["User"],"phone":"696074199","isCreatedByAdmin":false,"__v":0,"last_name":"fafnirukihj","_id":"63c80c13e56165ca64b4a6cb","isActive":false,"first_name":"Fafnirou3kl","email":"hamman2@mail.com","isEmailConfirmed":false}},{"initial_value":0,"cumulative_performance":0,"liquidity_value":0,"performance_hebdo":0,"liquidity_frequency":0,"ytd":0,"products":[],"gestionnaire":{"birth_day":"1970-01-01T05:28:20.118Z","password":"$2b$10$CmVSy8UmmadypLu7y7d\/eOs4baSNkYk6ja2gsFrI\/4Z74ix0r4PZy","role":["User"],"phone":"696074199","isCreatedByAdmin":false,"__v":0,"last_name":"fafnirukihj","_id":"63c80c13e56165ca64b4a6cb","isActive":false,"first_name":"Fafnirou3kl","email":"hamman2@mail.com","isEmailConfirmed":false},"__v":0,"_id":"63ee07ecf4ed20a4b78a499d","designation":"string","cumulative_performance_date":"2023-02-15T00:00:00.000Z","user":{"birth_day":"1970-01-01T05:28:20.118Z","password":"$2b$10$CmVSy8UmmadypLu7y7d\/eOs4baSNkYk6ja2gsFrI\/4Z74ix0r4PZy","role":["User"],"phone":"696074199","isCreatedByAdmin":false,"__v":0,"last_name":"fafnirukihj","_id":"63c80c13e56165ca64b4a6cb","isActive":false,"first_name":"Fafnirou3kl","email":"hamman2@mail.com","isEmailConfirmed":false}},{"initial_value":0,"cumulative_performance":0,"liquidity_value":0,"performance_hebdo":0,"liquidity_frequency":0,"ytd":0,"products":[],"gestionnaire":{"birth_day":"1970-01-01T05:28:20.118Z","password":"$2b$10$CmVSy8UmmadypLu7y7d\/eOs4baSNkYk6ja2gsFrI\/4Z74ix0r4PZy","role":["User"],"phone":"696074199","isCreatedByAdmin":false,"__v":0,"last_name":"fafnirukihj","_id":"63c80c13e56165ca64b4a6cb","isActive":false,"first_name":"Fafnirou3kl","email":"hamman2@mail.com","isEmailConfirmed":false},"__v":0,"_id":"63ee0ef0f4ed20a4b78a49cb","designation":"string","cumulative_performance_date":"2023-02-15T00:00:00.000Z","user":{"birth_day":"1970-01-01T05:28:20.118Z","password":"$2b$10$CmVSy8UmmadypLu7y7d\/eOs4baSNkYk6ja2gsFrI\/4Z74ix0r4PZy","role":["User"],"phone":"696074199","isCreatedByAdmin":false,"__v":0,"last_name":"fafnirukihj","_id":"63c80c13e56165ca64b4a6cb","isActive":false,"first_name":"Fafnirou3kl","email":"hamman2@mail.com","isEmailConfirmed":false}}]
16:49:23.931 [main] INFO  com.intuit.karate - [print] [
  {
    "initial_value": 0,
    "cumulative_performance": 0,
    "liquidity_value": 0,
    "performance_hebdo": 0,
    "liquidity_frequency": 0,
    "ytd": 0,
    "products": [
    ],
    "gestionnaire": {
      "birth_day": "1970-01-01T05:28:20.118Z",
      "password": "$2b$10$CmVSy8UmmadypLu7y7d/eOs4baSNkYk6ja2gsFrI/4Z74ix0r4PZy",
      "role": [
        "User"
      ],
      "phone": "696074199",
      "isCreatedByAdmin": false,
      "__v": 0,
      "last_name": "fafnirukihj",
      "_id": "63c80c13e56165ca64b4a6cb",
      "isActive": false,
      "first_name": "Fafnirou3kl",
      "email": "hamman2@mail.com",
      "isEmailConfirmed": false
    },
    "__v": 0,
    "_id": "63df5c36ad437ea9f60e8034",
    "designation": "Default wallet",
    "cumulative_performance_date": "2023-02-05T07:35:01.012Z",
    "user": {
      "birth_day": "2000-12-12T00:00:00.000Z",
      "password": "$2b$10$1DVBH2HY8R4WMBDSkdCaEOTLIe//6tXF9BbrxEmYz5atQYQbf7iK.",
      "role": [
        "User"
      ],
      "phone": "655757902",
      "isCreatedByAdmin": false,
      "__v": 0,
      "last_name": "Gabriel",
      "_id": "63df5c36ad437ea9f60e8033",
      "isActive": false,
      "first_name": "Tendong",
      "email": "gabitendong1@gmail.com",
      "isEmailConfirmed": false
    }
  },
  {
    "product": [
    ],
    "initial_value": 0,
    "cumulative_performance": 0,
    "liquidity_value": 0,
    "performance_hebdo": 0,
    "liquidity_frequency": 0,
    "ytd": 0,
    "products": [
    ],
    "gestionnaire": {
      "birth_day": "1970-01-01T05:28:20.118Z",
      "password": "$2b$10$CmVSy8UmmadypLu7y7d/eOs4baSNkYk6ja2gsFrI/4Z74ix0r4PZy",
      "role": [
        "User"
      ],
      "phone": "696074199",
      "isCreatedByAdmin": false,
      "__v": 0,
      "last_name": "fafnirukihj",
      "_id": "63c80c13e56165ca64b4a6cb",
      "isActive": false,
      "first_name": "Fafnirou3kl",
      "email": "hamman2@mail.com",
      "isEmailConfirmed": false
    },
    "__v": 0,
    "_id": "63e250f6993b5f9a52eb8009",
    "designation": "Default wallet",
    "cumulative_performance_date": "2023-02-07T09:48:26.239Z",
    "user": {
      "birth_day": "1999-02-06T00:00:00.000Z",
      "password": "$2b$10$PbKmpsh7.ZPP40kT56FYAub5.p6NWrIJrI8D5sMWmvbQaJ8ybjMMi",
      "role": [
        "Admin"
      ],
      "phone": "696074199'#string'",
      "isCreatedByAdmin": false,
      "__v": 0,
      "last_name": "fafniruER",
      "_id": "63e250f6993b5f9a52eb8008",
      "isActive": false,
      "first_name": "Tcheuguen",
      "email": "fredy@mail.com",
      "isEmailConfirmed": true
    }
  },
  {
    "product": [
    ],
    "initial_value": 0,
    "cumulative_performance": 0,
    "liquidity_value": 0,
    "performance_hebdo": 0,
    "liquidity_frequency": 0,
    "ytd": 0,
    "products": [
    ],
    "gestionnaire": {
      "birth_day": "1970-01-01T05:28:20.118Z",
      "password": "$2b$10$CmVSy8UmmadypLu7y7d/eOs4baSNkYk6ja2gsFrI/4Z74ix0r4PZy",
      "role": [
        "User"
      ],
      "phone": "696074199",
      "isCreatedByAdmin": false,
      "__v": 0,
      "last_name": "fafnirukihj",
      "_id": "63c80c13e56165ca64b4a6cb",
      "isActive": false,
      "first_name": "Fafnirou3kl",
      "email": "hamman2@mail.com",
      "isEmailConfirmed": false
    },
    "__v": 0,
    "_id": "63e26e62993b5f9a52eb825a",
    "designation": "Default wallet",
    "cumulative_performance_date": "2023-02-07T09:48:26.239Z",
    "user": {
      "birth_day": "2004-12-09T00:00:00.000Z",
      "password": "$2b$10$XhZiWjmSyJod8dFtueiKP.52OoaJsSiucn6RM7kapHMV3yzPPbtiC",
      "role": [
        "Admin"
      ],
      "phone": "+33607703069",
      "isCreatedByAdmin": true,
      "__v": 0,
      "last_name": "Luttrell.L",
      "_id": "63e26e62993b5f9a52eb8259",
      "isActive": false,
      "first_name": "Daniel ",
      "email": "daniel.luttrell@yopmail.com",
      "isEmailConfirmed": true
    }
  },
  {
    "product": [
    ],
    "initial_value": 0,
    "cumulative_performance": 0,
    "liquidity_value": 0,
    "performance_hebdo": 0,
    "liquidity_frequency": 0,
    "ytd": 0,
    "products": [
    ],
    "gestionnaire": {
      "birth_day": "1970-01-01T05:28:20.118Z",
      "password": "$2b$10$CmVSy8UmmadypLu7y7d/eOs4baSNkYk6ja2gsFrI/4Z74ix0r4PZy",
      "role": [
        "User"
      ],
      "phone": "696074199",
      "isCreatedByAdmin": false,
      "__v": 0,
      "last_name": "fafnirukihj",
      "_id": "63c80c13e56165ca64b4a6cb",
      "isActive": false,
      "first_name": "Fafnirou3kl",
      "email": "hamman2@mail.com",
      "isEmailConfirmed": false
    },
    "__v": 0,
    "_id": "63e27048993b5f9a52eb82ad",
    "designation": "Default wallet",
    "cumulative_performance_date": "2023-02-07T09:48:26.239Z",
    "user": {
      "birth_day": "2004-12-09T00:00:00.000Z",
      "password": "$2b$10$rhqmsRb9dt9lejVLe8UDwewqIN7R/Xkojf5LAwlZ.RdFWr5pw880W",
      "role": [
        "Admin"
      ],
      "phone": "+334567898765",
      "isCreatedByAdmin": true,
      "__v": 0,
      "last_name": "L. Luttrell",
      "_id": "63e27048993b5f9a52eb82ac",
      "isActive": true,
      "first_name": "Daniel ",
      "email": "dankiel.luttrell@yopmail.com",
      "isEmailConfirmed": true
    }
  },
  {
    "product": [
    ],
    "initial_value": 0,
    "cumulative_performance": 0,
    "liquidity_value": 0,
    "performance_hebdo": 0,
    "liquidity_frequency": 0,
    "ytd": 0,
    "products": [
    ],
    "gestionnaire": {
      "birth_day": "1970-01-01T05:28:20.118Z",
      "password": "$2b$10$CmVSy8UmmadypLu7y7d/eOs4baSNkYk6ja2gsFrI/4Z74ix0r4PZy",
      "role": [
        "User"
      ],
      "phone": "696074199",
      "isCreatedByAdmin": false,
      "__v": 0,
      "last_name": "fafnirukihj",
      "_id": "63c80c13e56165ca64b4a6cb",
      "isActive": false,
      "first_name": "Fafnirou3kl",
      "email": "hamman2@mail.com",
      "isEmailConfirmed": false
    },
    "__v": 0,
    "_id": "63e271d6993b5f9a52eb8306",
    "designation": "Default wallet",
    "cumulative_performance_date": "2023-02-07T09:48:26.239Z",
    "user": {
      "birth_day": "2004-12-09T00:00:00.000Z",
      "password": "$2b$10$YWQxjT7rTY4mTrMzqWP/r.iE9jSPk/g68Z1FoTJOOOM77CnCt3XiC",
      "role": [
        "Admin"
      ],
      "phone": "333333333",
      "isCreatedByAdmin": true,
      "__v": 0,
      "last_name": "ffffffffffffffff",
      "_id": "63e271d6993b5f9a52eb8305",
      "isActive": false,
      "first_name": "fffffffffff",
      "email": "ffffffffff@fff.fff",
      "isEmailConfirmed": true
    }
  },
  {
    "product": [
    ],
    "initial_value": 0,
    "cumulative_performance": 0,
    "liquidity_value": 0,
    "performance_hebdo": 0,
    "liquidity_frequency": 0,
    "ytd": 0,
    "products": [
    ],
    "gestionnaire": {
      "birth_day": "1970-01-01T05:28:20.118Z",
      "password": "$2b$10$CmVSy8UmmadypLu7y7d/eOs4baSNkYk6ja2gsFrI/4Z74ix0r4PZy",
      "role": [
        "User"
      ],
      "phone": "696074199",
      "isCreatedByAdmin": false,
      "__v": 0,
      "last_name": "fafnirukihj",
      "_id": "63c80c13e56165ca64b4a6cb",
      "isActive": false,
      "first_name": "Fafnirou3kl",
      "email": "hamman2@mail.com",
      "isEmailConfirmed": false
    },
    "__v": 0,
    "_id": "63e27913993b5f9a52eb83d4",
    "designation": "Default wallet",
    "cumulative_performance_date": "2023-02-07T09:48:26.239Z",
    "user": {
      "birth_day": "2004-12-09T00:00:00.000Z",
      "password": "$2b$10$sP.A0rPhSmxKb0cHZeYkAeAOpC.VeBhwSU/.H.yAtCxvWYnDvKePq",
      "role": [
        "Admin"
      ],
      "phone": "+237696074190",
      "isCreatedByAdmin": true,
      "__v": 0,
      "last_name": "POLA",
      "_id": "63e27913993b5f9a52eb83d3",
      "isActive": true,
      "first_name": "AHMADOU",
      "email": "dankiel.luttrfell@yopmail.com",
      "isEmailConfirmed": true
    }
  },
  {
    "product": [
    ],
    "initial_value": 0,
    "cumulative_performance": 0,
    "liquidity_value": 0,
    "performance_hebdo": 0,
    "liquidity_frequency": 0,
    "ytd": 0,
    "products": [
    ],
    "gestionnaire": {
      "birth_day": "1970-01-01T05:28:20.118Z",
      "password": "$2b$10$CmVSy8UmmadypLu7y7d/eOs4baSNkYk6ja2gsFrI/4Z74ix0r4PZy",
      "role": [
        "User"
      ],
      "phone": "696074199",
      "isCreatedByAdmin": false,
      "__v": 0,
      "last_name": "fafnirukihj",
      "_id": "63c80c13e56165ca64b4a6cb",
      "isActive": false,
      "first_name": "Fafnirou3kl",
      "email": "hamman2@mail.com",
      "isEmailConfirmed": false
    },
    "__v": 0,
    "_id": "63e283ad993b5f9a52eb859e",
    "designation": "Default wallet",
    "cumulative_performance_date": "2023-02-07T09:48:26.239Z",
    "user": {
      "birth_day": "2004-12-09T00:00:00.000Z",
      "password": "$2b$10$KkZCbA3Uply7zeFH7i5oq.NiBqeSsSSysvv4JxNJ27vNQkSPdxla.",
      "role": [
        "Admin"
      ],
      "phone": "+336767898765",
      "isCreatedByAdmin": true,
      "__v": 0,
      "last_name": "E. Bryan",
      "_id": "63e283ad993b5f9a52eb859d",
      "isActive": true,
      "first_name": "judith",
      "email": "judith.bryan@yopmail.com",
      "isEmailConfirmed": true
    }
  },
  {
    "product": [
    ],
    "initial_value": 0,
    "cumulative_performance": 0,
    "liquidity_value": 0,
    "performance_hebdo": 0,
    "liquidity_frequency": 0,
    "ytd": 0,
    "products": [
    ],
    "gestionnaire": {
      "birth_day": "1970-01-01T05:28:20.118Z",
      "password": "$2b$10$CmVSy8UmmadypLu7y7d/eOs4baSNkYk6ja2gsFrI/4Z74ix0r4PZy",
      "role": [
        "User"
      ],
      "phone": "696074199",
      "isCreatedByAdmin": false,
      "__v": 0,
      "last_name": "fafnirukihj",
      "_id": "63c80c13e56165ca64b4a6cb",
      "isActive": false,
      "first_name": "Fafnirou3kl",
      "email": "hamman2@mail.com",
      "isEmailConfirmed": false
    },
    "__v": 0,
    "_id": "63e28411993b5f9a52eb85ae",
    "designation": "Default wallet",
    "cumulative_performance_date": "2023-02-07T09:48:26.239Z",
    "user": {
      "birth_day": "2004-12-09T00:00:00.000Z",
      "password": "$2b$10$bTdx0dm/lrnml2xbOmdCze6oI9POIkS9eWffZWiNGHpy6woaaYVYS",
      "role": [
        "Admin"
      ],
      "phone": "+2378987654346788",
      "isCreatedByAdmin": true,
      "__v": 0,
      "last_name": "BRYAN",
      "_id": "63e28411993b5f9a52eb85ad",
      "isActive": false,
      "first_name": "FRANCINE",
      "email": "judith.bryan1@yopmail.com",
      "isEmailConfirmed": true
    }
  },
  {
    "product": [
    ],
    "initial_value": 0,
    "cumulative_performance": 0,
    "liquidity_value": 0,
    "performance_hebdo": 0,
    "liquidity_frequency": 0,
    "ytd": 0,
    "products": [
    ],
    "gestionnaire": {
      "birth_day": "1970-01-01T05:28:20.118Z",
      "password": "$2b$10$CmVSy8UmmadypLu7y7d/eOs4baSNkYk6ja2gsFrI/4Z74ix0r4PZy",
      "role": [
        "User"
      ],
      "phone": "696074199",
      "isCreatedByAdmin": false,
      "__v": 0,
      "last_name": "fafnirukihj",
      "_id": "63c80c13e56165ca64b4a6cb",
      "isActive": false,
      "first_name": "Fafnirou3kl",
      "email": "hamman2@mail.com",
      "isEmailConfirmed": false
    },
    "__v": 0,
    "_id": "63e2f211993b5f9a52eb8629",
    "designation": "Default wallet",
    "cumulative_performance_date": "2023-02-07T09:48:26.239Z",
    "user": {
      "birth_day": "1970-01-01T05:33:10.501Z",
      "password": "$2b$10$TfsTrWwwwaz5bw65.mCQ5e5/B3uId2BLVUnfcN0XklujN0ugLCU/S",
      "role": [
        "Admin"
      ],
      "phone": "696074199",
      "isCreatedByAdmin": false,
      "__v": 0,
      "last_name": "fafniru",
      "_id": "63e2f211993b5f9a52eb8628",
      "isActive": false,
      "first_name": "Fan",
      "email": "fafnfni@mail.com",
      "isEmailConfirmed": true
    }
  },
  {
    "initial_value": 0,
    "cumulative_performance": 0,
    "liquidity_value": 0,
    "performance_hebdo": 0,
    "liquidity_frequency": 0,
    "ytd": 0,
    "products": [
    ],
    "gestionnaire": {
      "birth_day": "1970-01-01T05:28:20.118Z",
      "password": "$2b$10$CmVSy8UmmadypLu7y7d/eOs4baSNkYk6ja2gsFrI/4Z74ix0r4PZy",
      "role": [
        "User"
      ],
      "phone": "696074199",
      "isCreatedByAdmin": false,
      "__v": 0,
      "last_name": "fafnirukihj",
      "_id": "63c80c13e56165ca64b4a6cb",
      "isActive": false,
      "first_name": "Fafnirou3kl",
      "email": "hamman2@mail.com",
      "isEmailConfirmed": false
    },
    "__v": 0,
    "_id": "63e3776434feb34417e49c35",
    "designation": "Default wallet",
    "cumulative_performance_date": "2023-02-08T10:18:16.410Z",
    "user": {
      "birth_day": "1970-01-01T05:33:10.509Z",
      "password": "$2b$10$i9Ol5msNbjde/rym8fIXO.wteSdPrQHeA/qvnyi7fAgH/fRGktwYG",
      "role": [
        "User"
      ],
      "phone": "696894199",
      "isCreatedByAdmin": false,
      "__v": 0,
      "last_name": "Lopezou",
      "_id": "63e3776434feb34417e49c31",
      "isActive": false,
      "first_name": "Harvery",
      "email": "hambello5@gmail.com",
      "isEmailConfirmed": false
    }
  },
  {
    "initial_value": 0,
    "cumulative_performance": 0,
    "liquidity_value": 0,
    "performance_hebdo": 0,
    "liquidity_frequency": 0,
    "ytd": 0,
    "products": [
    ],
    "gestionnaire": {
      "birth_day": "1970-01-01T05:28:20.118Z",
      "password": "$2b$10$CmVSy8UmmadypLu7y7d/eOs4baSNkYk6ja2gsFrI/4Z74ix0r4PZy",
      "role": [
        "User"
      ],
      "phone": "696074199",
      "isCreatedByAdmin": false,
      "__v": 0,
      "last_name": "fafnirukihj",
      "_id": "63c80c13e56165ca64b4a6cb",
      "isActive": false,
      "first_name": "Fafnirou3kl",
      "email": "hamman2@mail.com",
      "isEmailConfirmed": false
    },
    "__v": 0,
    "_id": "63e3804224786384b87f177e",
    "designation": "Default wallet",
    "cumulative_performance_date": "2023-02-08T10:46:52.500Z",
    "user": {
      "birth_day": "2004-12-09T00:00:00.000Z",
      "password": "$2b$10$uq12Jk0e2MbTggvNE8kbIOEbZ2zzNcjeSubFJO2DJpt557SF/hDba",
      "role": [
        "Admin"
      ],
      "phone": "+330236999380",
      "isCreatedByAdmin": true,
      "__v": 0,
      "last_name": "Vernadeau",
      "_id": "63e3804224786384b87f177a",
      "isActive": true,
      "first_name": "Huette",
      "email": "dorothee.thibodeau@yopmail.com",
      "isEmailConfirmed": true
    }
  },
  {
    "initial_value": 0,
    "cumulative_performance": 0,
    "liquidity_value": 0,
    "performance_hebdo": 0,
    "liquidity_frequency": 0,
    "ytd": 0,
    "products": [
    ],
    "gestionnaire": {
      "birth_day": "1970-01-01T05:28:20.118Z",
      "password": "$2b$10$CmVSy8UmmadypLu7y7d/eOs4baSNkYk6ja2gsFrI/4Z74ix0r4PZy",
      "role": [
        "User"
      ],
      "phone": "696074199",
      "isCreatedByAdmin": false,
      "__v": 0,
      "last_name": "fafnirukihj",
      "_id": "63c80c13e56165ca64b4a6cb",
      "isActive": false,
      "first_name": "Fafnirou3kl",
      "email": "hamman2@mail.com",
      "isEmailConfirmed": false
    },
    "__v": 0,
    "_id": "63e3849524786384b87f17f3",
    "designation": "Default wallet",
    "cumulative_performance_date": "2023-02-08T10:46:52.500Z",
    "user": {
      "birth_day": "1972-09-14T23:00:00.000Z",
      "password": "$2b$10$Md7H3pl.3TKv7gqfniudM.5yioqTsH0JtvSFNwnuhNGD0iJrG4/IG",
      "role": [
        "User"
      ],
      "phone": "123456789",
      "isCreatedByAdmin": true,
      "__v": 0,
      "last_name": " Rochefort",
      "_id": "63e3849524786384b87f17ef",
      "isActive": false,
      "first_name": "Céline ",
      "email": "celinerochefort@dayrep.com",
      "isEmailConfirmed": false
    }
  },
  {
    "initial_value": 0,
    "cumulative_performance": 0,
    "liquidity_value": 0,
    "performance_hebdo": 0,
    "liquidity_frequency": 0,
    "ytd": 0,
    "products": [
    ],
    "gestionnaire": {
      "birth_day": "1970-01-01T05:28:20.118Z",
      "password": "$2b$10$CmVSy8UmmadypLu7y7d/eOs4baSNkYk6ja2gsFrI/4Z74ix0r4PZy",
      "role": [
        "User"
      ],
      "phone": "696074199",
      "isCreatedByAdmin": false,
      "__v": 0,
      "last_name": "fafnirukihj",
      "_id": "63c80c13e56165ca64b4a6cb",
      "isActive": false,
      "first_name": "Fafnirou3kl",
      "email": "hamman2@mail.com",
      "isEmailConfirmed": false
    },
    "__v": 0,
    "_id": "63e3b4b2647ddb850f36864c",
    "designation": "Default wallet",
    "cumulative_performance_date": "2023-02-08T13:56:13.779Z",
    "user": {
      "birth_day": "2004-12-09T00:00:00.000Z",
      "password": "$2b$10$OcMY0rWHoK3TVkcxWSREMeRhuTtzuZCnQxfbCjnowytBkpgUORcZO",
      "role": [
        "Admin"
      ],
      "phone": "+3376787677767",
      "isCreatedByAdmin": true,
      "__v": 0,
      "last_name": "Bonnet",
      "_id": "63e3b4b1647ddb850f368648",
      "isActive": false,
      "first_name": "POULETte",
      "email": "francebonnet@rhyta.com",
      "isEmailConfirmed": true
    }
  },
  {
    "initial_value": 0,
    "cumulative_performance": 0,
    "liquidity_value": 0,
    "performance_hebdo": 0,
    "liquidity_frequency": 0,
    "ytd": 0,
    "products": [
    ],
    "gestionnaire": {
      "birth_day": "1970-01-01T05:28:20.118Z",
      "password": "$2b$10$CmVSy8UmmadypLu7y7d/eOs4baSNkYk6ja2gsFrI/4Z74ix0r4PZy",
      "role": [
        "User"
      ],
      "phone": "696074199",
      "isCreatedByAdmin": false,
      "__v": 0,
      "last_name": "fafnirukihj",
      "_id": "63c80c13e56165ca64b4a6cb",
      "isActive": false,
      "first_name": "Fafnirou3kl",
      "email": "hamman2@mail.com",
      "isEmailConfirmed": false
    },
    "__v": 0,
    "_id": "63e3cb613deb13cdd23e501c",
    "designation": "Default wallet",
    "cumulative_performance_date": "2023-02-08T14:53:36.170Z",
    "user": {
      "birth_day": "2004-12-09T00:00:00.000Z",
      "password": "$2b$10$PEbLrRoNOIfyZSHMWXMA5eRmFQ78uWlBTilebY0qIyRdEZtqtYYKW",
      "role": [
        "Admin"
      ],
      "phone": "+23789876543",
      "isCreatedByAdmin": true,
      "__v": 0,
      "last_name": "RouleauX",
      "_id": "63e3cb603deb13cdd23e5018",
      "isActive": false,
      "first_name": "TEDDY",
      "email": "telfordrouleau@jourrapide.com",
      "isEmailConfirmed": true
    }
  },
  {
    "initial_value": 0,
    "cumulative_performance": 0,
    "liquidity_value": 0,
    "performance_hebdo": 0,
    "liquidity_frequency": 0,
    "ytd": 0,
    "products": [
    ],
    "gestionnaire": {
      "birth_day": "1970-01-01T05:28:20.118Z",
      "password": "$2b$10$CmVSy8UmmadypLu7y7d/eOs4baSNkYk6ja2gsFrI/4Z74ix0r4PZy",
      "role": [
        "User"
      ],
      "phone": "696074199",
      "isCreatedByAdmin": false,
      "__v": 0,
      "last_name": "fafnirukihj",
      "_id": "63c80c13e56165ca64b4a6cb",
      "isActive": false,
      "first_name": "Fafnirou3kl",
      "email": "hamman2@mail.com",
      "isEmailConfirmed": false
    },
    "__v": 0,
    "_id": "63e4faf0e1cbdc16bbbe9e01",
    "designation": "Default wallet",
    "cumulative_performance_date": "2023-02-09T13:13:06.847Z",
    "user": {
      "birth_day": "1958-07-11T23:00:00.000Z",
      "password": "123456",
      "role": [
        "User"
      ],
      "phone": "+330151197981",
      "isCreatedByAdmin": true,
      "__v": 0,
      "last_name": "Boileau",
      "_id": "63e4faf0e1cbdc16bbbe9dfd",
      "isActive": false,
      "first_name": "Susanne ",
      "email": "suzanne.thibodeau@yopmail.com",
      "isEmailConfirmed": true
    }
  },
  {
    "initial_value": 0,
    "cumulative_performance": 0,
    "liquidity_value": 0,
    "performance_hebdo": 0,
    "liquidity_frequency": 0,
    "ytd": 0,
    "products": [
    ],
    "gestionnaire": {
      "birth_day": "1970-01-01T05:28:20.118Z",
      "password": "$2b$10$CmVSy8UmmadypLu7y7d/eOs4baSNkYk6ja2gsFrI/4Z74ix0r4PZy",
      "role": [
        "User"
      ],
      "phone": "696074199",
      "isCreatedByAdmin": false,
      "__v": 0,
      "last_name": "fafnirukihj",
      "_id": "63c80c13e56165ca64b4a6cb",
      "isActive": false,
      "first_name": "Fafnirou3kl",
      "email": "hamman2@mail.com",
      "isEmailConfirmed": false
    },
    "__v": 0,
    "_id": "63e523ade1cbdc16bbbea202",
    "designation": "Default wallet",
    "cumulative_performance_date": "2023-02-09T13:13:06.847Z",
    "user": {
      "birth_day": "2004-12-09T00:00:00.000Z",
      "password": "$2b$10$1q6UFCHlYHm1g/o.3G0cSegtBCVXg8KB0E0lVWTF7lkqTJkJslJfa",
      "role": [
        "Admin"
      ],
      "phone": "+335678987654",
      "isCreatedByAdmin": true,
      "__v": 0,
      "last_name": "BOSS",
      "_id": "63e523ade1cbdc16bbbea1fc",
      "isActive": true,
      "first_name": "Eric Jacques",
      "email": "eric.boss@yopmail.com",
      "isEmailConfirmed": true
    }
  },
  {
    "initial_value": 0,
    "cumulative_performance": 0,
    "liquidity_value": 0,
    "performance_hebdo": 0,
    "liquidity_frequency": 0,
    "ytd": 0,
    "products": [
    ],
    "gestionnaire": {
      "birth_day": "1970-01-01T05:28:20.118Z",
      "password": "$2b$10$CmVSy8UmmadypLu7y7d/eOs4baSNkYk6ja2gsFrI/4Z74ix0r4PZy",
      "role": [
        "User"
      ],
      "phone": "696074199",
      "isCreatedByAdmin": false,
      "__v": 0,
      "last_name": "fafnirukihj",
      "_id": "63c80c13e56165ca64b4a6cb",
      "isActive": false,
      "first_name": "Fafnirou3kl",
      "email": "hamman2@mail.com",
      "isEmailConfirmed": false
    },
    "__v": 0,
    "_id": "63e61c07e1cbdc16bbbea4d4",
    "designation": "Default wallet",
    "cumulative_performance_date": "2023-02-09T13:13:06.847Z",
    "user": {
      "birth_day": "1977-01-01T00:00:00.000Z",
      "password": "$2b$10$DStxZyt9VleX6Cxdud/z0OiUecKiRDmiSdIUKdjSpJTqakzZecjJW",
      "role": [
        "User"
      ],
      "phone": "987654321",
      "isCreatedByAdmin": false,
      "__v": 0,
      "last_name": "Francine",
      "_id": "63e61c06e1cbdc16bbbea4d0",
      "isActive": false,
      "first_name": "POISSONNIER",
      "email": "francine.moi123@yopmail.com",
      "isEmailConfirmed": true
    }
  },
  {
    "initial_value": 0,
    "cumulative_performance": 0,
    "liquidity_value": 0,
    "performance_hebdo": 0,
    "liquidity_frequency": 0,
    "ytd": 0,
    "products": [
    ],
    "gestionnaire": {
      "birth_day": "1970-01-01T05:28:20.118Z",
      "password": "$2b$10$CmVSy8UmmadypLu7y7d/eOs4baSNkYk6ja2gsFrI/4Z74ix0r4PZy",
      "role": [
        "User"
      ],
      "phone": "696074199",
      "isCreatedByAdmin": false,
      "__v": 0,
      "last_name": "fafnirukihj",
      "_id": "63c80c13e56165ca64b4a6cb",
      "isActive": false,
      "first_name": "Fafnirou3kl",
      "email": "hamman2@mail.com",
      "isEmailConfirmed": false
    },
    "__v": 0,
    "_id": "63e6256de1cbdc16bbbea50f",
    "designation": "Default wallet",
    "cumulative_performance_date": "2023-02-09T13:13:06.847Z",
    "user": {
      "birth_day": "1987-10-13T23:00:00.000Z",
      "password": "123456",
      "role": [
        "User"
      ],
      "phone": "0987654321",
      "isCreatedByAdmin": true,
      "__v": 0,
      "last_name": "POISSONNIER",
      "_id": "63e6256de1cbdc16bbbea50b",
      "isActive": false,
      "first_name": "Alfred",
      "email": "alfred.poisson@yopmail.com",
      "isEmailConfirmed": true
    }
  },
  {
    "initial_value": 0,
    "cumulative_performance": 0,
    "liquidity_value": 0,
    "performance_hebdo": 0,
    "liquidity_frequency": 0,
    "ytd": 0,
    "products": [
    ],
    "gestionnaire": {
      "birth_day": "1970-01-01T05:28:20.118Z",
      "password": "$2b$10$CmVSy8UmmadypLu7y7d/eOs4baSNkYk6ja2gsFrI/4Z74ix0r4PZy",
      "role": [
        "User"
      ],
      "phone": "696074199",
      "isCreatedByAdmin": false,
      "__v": 0,
      "last_name": "fafnirukihj",
      "_id": "63c80c13e56165ca64b4a6cb",
      "isActive": false,
      "first_name": "Fafnirou3kl",
      "email": "hamman2@mail.com",
      "isEmailConfirmed": false
    },
    "__v": 0,
    "_id": "63e62ab0e1cbdc16bbbea526",
    "designation": "Default wallet",
    "cumulative_performance_date": "2023-02-09T13:13:06.847Z",
    "user": {
      "birth_day": "2016-12-31T23:00:00.000Z",
      "password": "123456",
      "role": [
        "User"
      ],
      "phone": "123456789",
      "isCreatedByAdmin": true,
      "__v": 0,
      "last_name": "POISSON",
      "_id": "63e62ab0e1cbdc16bbbea522",
      "isActive": false,
      "first_name": "TRUITE",
      "email": "truite.poisson@yopmail.com",
      "isEmailConfirmed": true
    }
  },
  {
    "initial_value": 0,
    "cumulative_performance": 0,
    "liquidity_value": 0,
    "performance_hebdo": 0,
    "liquidity_frequency": 0,
    "ytd": 0,
    "products": [
    ],
    "gestionnaire": {
      "birth_day": "1970-01-01T05:28:20.118Z",
      "password": "$2b$10$CmVSy8UmmadypLu7y7d/eOs4baSNkYk6ja2gsFrI/4Z74ix0r4PZy",
      "role": [
        "User"
      ],
      "phone": "696074199",
      "isCreatedByAdmin": false,
      "__v": 0,
      "last_name": "fafnirukihj",
      "_id": "63c80c13e56165ca64b4a6cb",
      "isActive": false,
      "first_name": "Fafnirou3kl",
      "email": "hamman2@mail.com",
      "isEmailConfirmed": false
    },
    "__v": 0,
    "_id": "63e6514a70d0d17c6ca50caf",
    "designation": "Default wallet",
    "cumulative_performance_date": "2023-02-10T13:59:24.823Z",
    "user": {
      "birth_day": "1970-01-01T05:33:10.509Z",
      "password": "$2b$10$9zr0aZjrY.Hbgd1SA6tQGe74WyLIjloVRy4EUyNFgVPKbRm6hZHFO",
      "role": [
        "User"
      ],
      "phone": "696894199",
      "isCreatedByAdmin": true,
      "__v": 0,
      "last_name": "Doris",
      "_id": "63e6514970d0d17c6ca50cab",
      "isActive": false,
      "first_name": "Swiger",
      "email": "doriskswiger@dayrep.com",
      "isEmailConfirmed": true
    }
  },
  {
    "initial_value": 0,
    "cumulative_performance": 0,
    "liquidity_value": 0,
    "performance_hebdo": 0,
    "liquidity_frequency": 0,
    "ytd": 0,
    "products": [
    ],
    "gestionnaire": {
      "birth_day": "1970-01-01T05:28:20.118Z",
      "password": "$2b$10$CmVSy8UmmadypLu7y7d/eOs4baSNkYk6ja2gsFrI/4Z74ix0r4PZy",
      "role": [
        "User"
      ],
      "phone": "696074199",
      "isCreatedByAdmin": false,
      "__v": 0,
      "last_name": "fafnirukihj",
      "_id": "63c80c13e56165ca64b4a6cb",
      "isActive": false,
      "first_name": "Fafnirou3kl",
      "email": "hamman2@mail.com",
      "isEmailConfirmed": false
    },
    "__v": 0,
    "_id": "63ea05cb584efc6316540e8b",
    "designation": "Default wallet",
    "cumulative_performance_date": "2023-02-10T16:31:49.155Z",
    "user": null
  },
  {
    "initial_value": 0,
    "cumulative_performance": 0,
    "liquidity_value": 0,
    "performance_hebdo": 0,
    "liquidity_frequency": 0,
    "ytd": 0,
    "products": [
    ],
    "gestionnaire": {
      "birth_day": "1970-01-01T05:28:20.118Z",
      "password": "$2b$10$CmVSy8UmmadypLu7y7d/eOs4baSNkYk6ja2gsFrI/4Z74ix0r4PZy",
      "role": [
        "User"
      ],
      "phone": "696074199",
      "isCreatedByAdmin": false,
      "__v": 0,
      "last_name": "fafnirukihj",
      "_id": "63c80c13e56165ca64b4a6cb",
      "isActive": false,
      "first_name": "Fafnirou3kl",
      "email": "hamman2@mail.com",
      "isEmailConfirmed": false
    },
    "__v": 0,
    "_id": "63eb9ddc475413c1984e04cc",
    "designation": "Default wallet",
    "cumulative_performance_date": "2023-02-14T07:44:47.497Z",
    "user": {
      "birth_day": "2004-12-09T00:00:00.000Z",
      "password": "$2b$10$yv06XX7izet8dxzpc8l2iOvPg409Wkd.WWu4TRz2QXPYedGZfvNaa",
      "role": [
        "Admin"
      ],
      "phone": "0274597637",
      "isCreatedByAdmin": true,
      "__v": 0,
      "last_name": "Fluet",
      "_id": "63eb9ddc475413c1984e04c8",
      "isActive": true,
      "first_name": "mariette",
      "email": "fluet.mariette@yopmail.com",
      "isEmailConfirmed": true
    }
  },
  {
    "initial_value": 0,
    "cumulative_performance": 0,
    "liquidity_value": 0,
    "performance_hebdo": 0,
    "liquidity_frequency": 0,
    "ytd": 0,
    "products": [
    ],
    "gestionnaire": {
      "birth_day": "1970-01-01T05:28:20.118Z",
      "password": "$2b$10$CmVSy8UmmadypLu7y7d/eOs4baSNkYk6ja2gsFrI/4Z74ix0r4PZy",
      "role": [
        "User"
      ],
      "phone": "696074199",
      "isCreatedByAdmin": false,
      "__v": 0,
      "last_name": "fafnirukihj",
      "_id": "63c80c13e56165ca64b4a6cb",
      "isActive": false,
      "first_name": "Fafnirou3kl",
      "email": "hamman2@mail.com",
      "isEmailConfirmed": false
    },
    "__v": 0,
    "_id": "63eba2a8fcce97226f762a4e",
    "designation": "Default wallet",
    "cumulative_performance_date": "2023-02-14T15:00:03.307Z",
    "user": {
      "birth_day": "2004-12-09T00:00:00.000Z",
      "password": "$2b$10$nBA5IugESftbSIcdr9oOYujN0VP77FDCbYxAit0qfgLz9feKy5HvW",
      "role": [
        "Admin"
      ],
      "phone": "0261566377",
      "isCreatedByAdmin": true,
      "__v": 0,
      "last_name": "Leverett ",
      "_id": "63eba2a7fcce97226f762a4a",
      "isActive": true,
      "first_name": "pirouet",
      "email": "pirouet.leverett@yopmail.com",
      "isEmailConfirmed": true
    }
  },
  {
    "initial_value": 0,
    "cumulative_performance": 0,
    "liquidity_value": 0,
    "performance_hebdo": 0,
    "liquidity_frequency": 0,
    "ytd": 0,
    "products": [
    ],
    "gestionnaire": {
      "birth_day": "1970-01-01T05:28:20.118Z",
      "password": "$2b$10$CmVSy8UmmadypLu7y7d/eOs4baSNkYk6ja2gsFrI/4Z74ix0r4PZy",
      "role": [
        "User"
      ],
      "phone": "696074199",
      "isCreatedByAdmin": false,
      "__v": 0,
      "last_name": "fafnirukihj",
      "_id": "63c80c13e56165ca64b4a6cb",
      "isActive": false,
      "first_name": "Fafnirou3kl",
      "email": "hamman2@mail.com",
      "isEmailConfirmed": false
    },
    "__v": 0,
    "_id": "63eba3a5fcce97226f762a5b",
    "designation": "Default wallet",
    "cumulative_performance_date": "2023-02-14T15:00:03.307Z",
    "user": {
      "birth_day": "1970-01-01T05:33:10.509Z",
      "password": "$2b$10$Cz7ln1EmQGbmw7iHOBkfNuK548MqmMH1uGVSmlma.DED3FQuc9ZYq",
      "role": [
        "User"
      ],
      "phone": "696894199",
      "isCreatedByAdmin": true,
      "__v": 0,
      "last_name": "Dayrep",
      "_id": "63eba3a4fcce97226f762a57",
      "isActive": false,
      "first_name": "Bired",
      "email": "bired1978@dayrep.com",
      "isEmailConfirmed": true
    }
  },
  {
    "initial_value": 0,
    "cumulative_performance": 0,
    "liquidity_value": 0,
    "performance_hebdo": 0,
    "liquidity_frequency": 0,
    "ytd": 0,
    "products": [
    ],
    "gestionnaire": {
      "birth_day": "1970-01-01T05:28:20.118Z",
      "password": "$2b$10$CmVSy8UmmadypLu7y7d/eOs4baSNkYk6ja2gsFrI/4Z74ix0r4PZy",
      "role": [
        "User"
      ],
      "phone": "696074199",
      "isCreatedByAdmin": false,
      "__v": 0,
      "last_name": "fafnirukihj",
      "_id": "63c80c13e56165ca64b4a6cb",
      "isActive": false,
      "first_name": "Fafnirou3kl",
      "email": "hamman2@mail.com",
      "isEmailConfirmed": false
    },
    "__v": 0,
    "_id": "63eba437ced4433df65d5490",
    "designation": "Default wallet",
    "cumulative_performance_date": "2023-02-14T15:07:08.843Z",
    "user": {
      "birth_day": "2004-12-09T00:00:00.000Z",
      "password": "$2b$10$OcquP3sxJqDaP6bUQFVD1.x3FPtemMLv9sW.BufHd0LJ.3ge5lJ9u",
      "role": [
        "Admin"
      ],
      "phone": "44555566666",
      "isCreatedByAdmin": true,
      "__v": 0,
      "last_name": "ffff",
      "_id": "63eba437ced4433df65d548b",
      "isActive": false,
      "first_name": "fffff bghhhh",
      "email": "dd@yopmail.com",
      "isEmailConfirmed": true
    }
  },
  {
    "initial_value": 0,
    "cumulative_performance": 0,
    "liquidity_value": 0,
    "performance_hebdo": 0,
    "liquidity_frequency": 0,
    "ytd": 0,
    "products": [
    ],
    "gestionnaire": {
      "birth_day": "1970-01-01T05:28:20.118Z",
      "password": "$2b$10$CmVSy8UmmadypLu7y7d/eOs4baSNkYk6ja2gsFrI/4Z74ix0r4PZy",
      "role": [
        "User"
      ],
      "phone": "696074199",
      "isCreatedByAdmin": false,
      "__v": 0,
      "last_name": "fafnirukihj",
      "_id": "63c80c13e56165ca64b4a6cb",
      "isActive": false,
      "first_name": "Fafnirou3kl",
      "email": "hamman2@mail.com",
      "isEmailConfirmed": false
    },
    "__v": 0,
    "_id": "63eba4b8ced4433df65d549e",
    "designation": "Default wallet",
    "cumulative_performance_date": "2023-02-14T15:07:08.843Z",
    "user": {
      "birth_day": "2004-12-09T00:00:00.000Z",
      "password": "$2b$10$eWBezgi3zwGOu.mLxc7AEOfV1BRIwTwb7bnai0vcIUCVVLWYQq8A.",
      "role": [
        "Admin"
      ],
      "phone": "123456789",
      "isCreatedByAdmin": true,
      "__v": 0,
      "last_name": "Gabriaux",
      "_id": "63eba4b8ced4433df65d549a",
      "isActive": false,
      "first_name": "Gifford ",
      "email": "gifford.leverett@yopmail.com",
      "isEmailConfirmed": true
    }
  },
  {
    "initial_value": 0,
    "cumulative_performance": 0,
    "liquidity_value": 0,
    "performance_hebdo": 0,
    "liquidity_frequency": 0,
    "ytd": 0,
    "products": [
    ],
    "gestionnaire": {
      "birth_day": "1970-01-01T05:28:20.118Z",
      "password": "$2b$10$CmVSy8UmmadypLu7y7d/eOs4baSNkYk6ja2gsFrI/4Z74ix0r4PZy",
      "role": [
        "User"
      ],
      "phone": "696074199",
      "isCreatedByAdmin": false,
      "__v": 0,
      "last_name": "fafnirukihj",
      "_id": "63c80c13e56165ca64b4a6cb",
      "isActive": false,
      "first_name": "Fafnirou3kl",
      "email": "hamman2@mail.com",
      "isEmailConfirmed": false
    },
    "__v": 0,
    "_id": "63eba61eced4433df65d54b0",
    "designation": "Default wallet",
    "cumulative_performance_date": "2023-02-14T15:07:08.843Z",
    "user": {
      "birth_day": "1970-01-01T05:33:10.509Z",
      "password": "$2b$10$IVEppXxuipoFaZJ.nnMW5OQ.M.0i32Jb1KX.b65ykbTg0F3ZY0txe",
      "role": [
        "Admin"
      ],
      "phone": "696894199",
      "isCreatedByAdmin": true,
      "__v": 0,
      "last_name": "mappuye",
      "_id": "63eba61dced4433df65d54ac",
      "isActive": true,
      "first_name": "praufe",
      "email": "praufeimmappuye-6059@yopmail.com",
      "isEmailConfirmed": true
    }
  },
  {
    "initial_value": 0,
    "cumulative_performance": 0,
    "liquidity_value": 0,
    "performance_hebdo": 0,
    "liquidity_frequency": 0,
    "ytd": 0,
    "products": [
    ],
    "gestionnaire": {
      "birth_day": "1970-01-01T05:28:20.118Z",
      "password": "$2b$10$CmVSy8UmmadypLu7y7d/eOs4baSNkYk6ja2gsFrI/4Z74ix0r4PZy",
      "role": [
        "User"
      ],
      "phone": "696074199",
      "isCreatedByAdmin": false,
      "__v": 0,
      "last_name": "fafnirukihj",
      "_id": "63c80c13e56165ca64b4a6cb",
      "isActive": false,
      "first_name": "Fafnirou3kl",
      "email": "hamman2@mail.com",
      "isEmailConfirmed": false
    },
    "__v": 0,
    "_id": "63eba64bced4433df65d54b7",
    "designation": "Default wallet",
    "cumulative_performance_date": "2023-02-14T15:07:08.843Z",
    "user": {
      "birth_day": "1976-02-12T23:00:00.000Z",
      "password": "$2b$10$l7tdbMjE3Hr0r7JEBpJS1uEBNgPiC5lCMr.PPu8fn9figqVgC7YFi",
      "role": [
        "User"
      ],
      "phone": "0130804537",
      "isCreatedByAdmin": true,
      "__v": 0,
      "last_name": "Brochu",
      "_id": "63eba64aced4433df65d54b3",
      "isActive": true,
      "first_name": " Marie Christiane ",
      "email": "marie.brochu@yopmail.com",
      "isEmailConfirmed": true
    }
  },
  {
    "initial_value": 0,
    "cumulative_performance": 0,
    "liquidity_value": 0,
    "performance_hebdo": 0,
    "liquidity_frequency": 0,
    "ytd": 0,
    "products": [
    ],
    "gestionnaire": {
      "birth_day": "1970-01-01T05:28:20.118Z",
      "password": "$2b$10$CmVSy8UmmadypLu7y7d/eOs4baSNkYk6ja2gsFrI/4Z74ix0r4PZy",
      "role": [
        "User"
      ],
      "phone": "696074199",
      "isCreatedByAdmin": false,
      "__v": 0,
      "last_name": "fafnirukihj",
      "_id": "63c80c13e56165ca64b4a6cb",
      "isActive": false,
      "first_name": "Fafnirou3kl",
      "email": "hamman2@mail.com",
      "isEmailConfirmed": false
    },
    "__v": 0,
    "_id": "63eba7e3ced4433df65d54d2",
    "designation": "Default wallet",
    "cumulative_performance_date": "2023-02-14T15:07:08.843Z",
    "user": {
      "birth_day": "2004-12-09T00:00:00.000Z",
      "password": "$2b$10$.mqVfGrCpAJv2TXsmwYCTO.F7JRBlTHqFlFQo8RB/yrFNfkHZEsmW",
      "role": [
        "Admin"
      ],
      "phone": "123456789",
      "isCreatedByAdmin": true,
      "__v": 0,
      "last_name": "Rossignol",
      "_id": "63eba7e3ced4433df65d54ce",
      "isActive": true,
      "first_name": "Stéphane ",
      "email": "stephane.ross@yopmail.com",
      "isEmailConfirmed": true
    }
  },
  {
    "initial_value": 0,
    "cumulative_performance": 0,
    "liquidity_value": 0,
    "performance_hebdo": 0,
    "liquidity_frequency": 0,
    "ytd": 0,
    "products": [
    ],
    "gestionnaire": {
      "birth_day": "1970-01-01T05:28:20.118Z",
      "password": "$2b$10$CmVSy8UmmadypLu7y7d/eOs4baSNkYk6ja2gsFrI/4Z74ix0r4PZy",
      "role": [
        "User"
      ],
      "phone": "696074199",
      "isCreatedByAdmin": false,
      "__v": 0,
      "last_name": "fafnirukihj",
      "_id": "63c80c13e56165ca64b4a6cb",
      "isActive": false,
      "first_name": "Fafnirou3kl",
      "email": "hamman2@mail.com",
      "isEmailConfirmed": false
    },
    "__v": 0,
    "_id": "63ebabf3ced4433df65d54e5",
    "designation": "Default wallet",
    "cumulative_performance_date": "2023-02-14T15:07:08.843Z",
    "user": {
      "birth_day": "2016-12-31T23:00:00.000Z",
      "password": "$2b$10$AJCOW02oFEeklV14KLLIf.e.m35sisNyVg2K32218Hqnj9Q6Tatbe",
      "role": [
        "User"
      ],
      "phone": "0127376454",
      "isCreatedByAdmin": true,
      "__v": 0,
      "last_name": "Chrétien",
      "_id": "63ebabf2ced4433df65d54e1",
      "isActive": true,
      "first_name": "Gaston ",
      "email": "gaston.chretien@yopmail.com",
      "isEmailConfirmed": false
    }
  },
  {
    "initial_value": 0,
    "cumulative_performance": 0,
    "liquidity_value": 0,
    "performance_hebdo": 0,
    "liquidity_frequency": 0,
    "ytd": 0,
    "products": [
    ],
    "gestionnaire": {
      "birth_day": "1970-01-01T05:28:20.118Z",
      "password": "$2b$10$CmVSy8UmmadypLu7y7d/eOs4baSNkYk6ja2gsFrI/4Z74ix0r4PZy",
      "role": [
        "User"
      ],
      "phone": "696074199",
      "isCreatedByAdmin": false,
      "__v": 0,
      "last_name": "fafnirukihj",
      "_id": "63c80c13e56165ca64b4a6cb",
      "isActive": false,
      "first_name": "Fafnirou3kl",
      "email": "hamman2@mail.com",
      "isEmailConfirmed": false
    },
    "__v": 0,
    "_id": "63ebac633e256801c0324afe",
    "designation": "Default wallet",
    "cumulative_performance_date": "2023-02-14T15:43:29.931Z",
    "user": {
      "birth_day": "1999-02-14T00:00:00.000Z",
      "password": "$2b$10$4S/tofgIUtJzfuJkv2I6s.GIgB8RvvrB8nvWh4Yiux8G0599tyAMS",
      "role": [
        "User"
      ],
      "phone": "0665085356",
      "isCreatedByAdmin": false,
      "__v": 0,
      "last_name": "Chretien",
      "_id": "63ebac633e256801c0324afa",
      "isActive": false,
      "first_name": "Pierre",
      "email": "pierre.chretien@yopmail.com",
      "isEmailConfirmed": true
    }
  },
  {
    "initial_value": 0,
    "cumulative_performance": 0,
    "liquidity_value": 0,
    "performance_hebdo": 0,
    "liquidity_frequency": 0,
    "ytd": 0,
    "products": [
      {
        "maturity": "4 mois",
        "subscription_deadline_date": "2023-02-15T13:38:10.988Z",
        "value_initial": 15000,
        "liquidity_frequency": "mensuel",
        "Annual_rate": 12.99,
        "Annual_return": 13,
        "perfomance_hebdo": 20,
        "type": "obligation",
        "createdAt": "2023-02-15T16:17:50.269Z",
        "value_liquidity": 10000,
        "__v": 0,
        "_id": "63ed05aeda9e7ea1ed36f5de",
        "designation": "Ulrich",
        "rate_of_return": 0,
        "transmitter": "Kamer",
        "value_date": "2023-02-15T13:38:10.988Z",
        "updatedAt": "2023-02-15T16:33:30.489Z"
      },
      {
        "maturity": "4 année(s)",
        "subscription_deadline_date": "2023-02-24T23:00:00.000Z",
        "value_initial": 10000,
        "liquidity_frequency": "mensuel",
        "Annual_rate": 5.6,
        "Annual_return": 0.99,
        "perfomance_hebdo": 0.67,
        "type": "FCP",
        "createdAt": "2023-02-15T16:36:10.574Z",
        "value_liquidity": 120000,
        "__v": 0,
        "_id": "63ed09fac052a23f7261c1e8",
        "designation": "FCP CEMAC",
        "rate_of_return": 0,
        "transmitter": "ECOBANK",
        "value_date": "2023-02-27T23:00:00.000Z",
        "updatedAt": "2023-02-16T09:54:19.379Z"
      }
    ],
    "gestionnaire": {
      "birth_day": "1970-01-01T05:28:20.118Z",
      "password": "$2b$10$CmVSy8UmmadypLu7y7d/eOs4baSNkYk6ja2gsFrI/4Z74ix0r4PZy",
      "role": [
        "User"
      ],
      "phone": "696074199",
      "isCreatedByAdmin": false,
      "__v": 0,
      "last_name": "fafnirukihj",
      "_id": "63c80c13e56165ca64b4a6cb",
      "isActive": false,
      "first_name": "Fafnirou3kl",
      "email": "hamman2@mail.com",
      "isEmailConfirmed": false
    },
    "__v": 0,
    "_id": "63eca75d21e6713f8b9f54c3",
    "designation": "Default wallet",
    "cumulative_performance_date": "2023-02-14T16:10:11.461Z",
    "user": {
      "birth_day": "2003-02-15T00:00:00.000Z",
      "password": "$2b$10$P8AGzDh6FQ0R0DYi9sG3VeVJmVsLBVFFg85OUiFmxBbLOtmNBo2ki",
      "role": [
        "User"
      ],
      "phone": "655757902",
      "isCreatedByAdmin": false,
      "__v": 0,
      "last_name": "Tendong",
      "_id": "63eca75c21e6713f8b9f54bf",
      "isActive": true,
      "first_name": "Gabriel",
      "email": "gabitendong@gmail.com",
      "isEmailConfirmed": true
    }
  },
  {
    "initial_value": 0,
    "cumulative_performance": 0,
    "liquidity_value": 0,
    "performance_hebdo": 0,
    "liquidity_frequency": 0,
    "ytd": 0,
    "products": [
    ],
    "gestionnaire": {
      "birth_day": "1970-01-01T05:28:20.118Z",
      "password": "$2b$10$CmVSy8UmmadypLu7y7d/eOs4baSNkYk6ja2gsFrI/4Z74ix0r4PZy",
      "role": [
        "User"
      ],
      "phone": "696074199",
      "isCreatedByAdmin": false,
      "__v": 0,
      "last_name": "fafnirukihj",
      "_id": "63c80c13e56165ca64b4a6cb",
      "isActive": false,
      "first_name": "Fafnirou3kl",
      "email": "hamman2@mail.com",
      "isEmailConfirmed": false
    },
    "__v": 0,
    "_id": "63eca87e265224556e412672",
    "designation": "Default wallet",
    "cumulative_performance_date": "2023-02-15T09:39:15.654Z",
    "user": {
      "birth_day": "2000-12-12T00:00:00.000Z",
      "password": "$2b$10$vjCSrc3bqwG0QCcEVlUB1.J6mm2nZl33vRdd2Bp1onct3XEXRm4Ra",
      "role": [
        "SuperAdmin"
      ],
      "phone": "655797902",
      "isCreatedByAdmin": false,
      "__v": 0,
      "last_name": "Okourou",
      "_id": "63eca87e265224556e41266e",
      "isActive": true,
      "first_name": "Francine",
      "email": "francine.okourou@gmail.com",
      "isEmailConfirmed": true
    }
  },
  {
    "initial_value": 0,
    "cumulative_performance": 0,
    "liquidity_value": 0,
    "performance_hebdo": 0,
    "liquidity_frequency": 0,
    "ytd": 0,
    "products": [
    ],
    "gestionnaire": {
      "birth_day": "1970-01-01T05:28:20.118Z",
      "password": "$2b$10$CmVSy8UmmadypLu7y7d/eOs4baSNkYk6ja2gsFrI/4Z74ix0r4PZy",
      "role": [
        "User"
      ],
      "phone": "696074199",
      "isCreatedByAdmin": false,
      "__v": 0,
      "last_name": "fafnirukihj",
      "_id": "63c80c13e56165ca64b4a6cb",
      "isActive": false,
      "first_name": "Fafnirou3kl",
      "email": "hamman2@mail.com",
      "isEmailConfirmed": false
    },
    "__v": 0,
    "_id": "63ecaaf36cb610809cab441c",
    "designation": "Default wallet",
    "cumulative_performance_date": "2023-02-15T09:35:17.690Z",
    "user": {
      "birth_day": "1987-02-14T23:00:00.000Z",
      "password": "$2b$10$AIoTBL558nxMzLxy8vMT4uB630G8PbYnuRYTwvqaXir3PmAbK/iTi",
      "role": [
        "User"
      ],
      "phone": "0825632699",
      "isCreatedByAdmin": true,
      "__v": 0,
      "last_name": "Akabueze",
      "_id": "63ecaaf26cb610809cab4418",
      "isActive": false,
      "first_name": "Chisom",
      "email": "chisom.aka@yopmail.com",
      "isEmailConfirmed": true
    }
  },
  {
    "initial_value": 0,
    "cumulative_performance": 0,
    "liquidity_value": 0,
    "performance_hebdo": 0,
    "liquidity_frequency": 0,
    "ytd": 0,
    "products": [
    ],
    "gestionnaire": {
      "birth_day": "1970-01-01T05:28:20.118Z",
      "password": "$2b$10$CmVSy8UmmadypLu7y7d/eOs4baSNkYk6ja2gsFrI/4Z74ix0r4PZy",
      "role": [
        "User"
      ],
      "phone": "696074199",
      "isCreatedByAdmin": false,
      "__v": 0,
      "last_name": "fafnirukihj",
      "_id": "63c80c13e56165ca64b4a6cb",
      "isActive": false,
      "first_name": "Fafnirou3kl",
      "email": "hamman2@mail.com",
      "isEmailConfirmed": false
    },
    "__v": 0,
    "_id": "63ecaca56cb610809cab444a",
    "designation": "Default wallet",
    "cumulative_performance_date": "2023-02-15T09:35:17.690Z",
    "user": {
      "birth_day": "2016-12-31T23:00:00.000Z",
      "password": "$2b$10$6v6lFJBUL0A02xcfIVjI9unqB6llbYvTB0NEsHx8vchEG1nfPs4FS",
      "role": [
        "User"
      ],
      "phone": "07678765656",
      "isCreatedByAdmin": true,
      "__v": 0,
      "last_name": "Ebelechukwu",
      "_id": "63ecaca56cb610809cab4446",
      "isActive": false,
      "first_name": "Chimezie ",
      "email": "chimezie.aka@yopmail.com",
      "isEmailConfirmed": true
    }
  },
  {
    "initial_value": 0,
    "cumulative_performance": 0,
    "liquidity_value": 0,
    "performance_hebdo": 0,
    "liquidity_frequency": 0,
    "ytd": 0,
    "products": [
    ],
    "gestionnaire": {
      "birth_day": "1970-01-01T05:28:20.118Z",
      "password": "$2b$10$CmVSy8UmmadypLu7y7d/eOs4baSNkYk6ja2gsFrI/4Z74ix0r4PZy",
      "role": [
        "User"
      ],
      "phone": "696074199",
      "isCreatedByAdmin": false,
      "__v": 0,
      "last_name": "fafnirukihj",
      "_id": "63c80c13e56165ca64b4a6cb",
      "isActive": false,
      "first_name": "Fafnirou3kl",
      "email": "hamman2@mail.com",
      "isEmailConfirmed": false
    },
    "__v": 0,
    "_id": "63ecae586cb610809cab4460",
    "designation": "Default wallet",
    "cumulative_performance_date": "2023-02-15T09:35:17.690Z",
    "user": {
      "birth_day": "2016-12-31T23:00:00.000Z",
      "password": "$2b$10$DJJedtFoORIMJ6Rr/xq/eez8pZH3KoOwnSL6xB2.u4P303r4ixPFG",
      "role": [
        "User"
      ],
      "phone": "06789876765",
      "isCreatedByAdmin": true,
      "__v": 0,
      "last_name": "Elechi",
      "_id": "63ecae576cb610809cab445c",
      "isActive": true,
      "first_name": "Okoli ",
      "email": "rolland.aka@yopmail.com",
      "isEmailConfirmed": true
    }
  },
  {
    "initial_value": 0,
    "cumulative_performance": 0,
    "liquidity_value": 0,
    "performance_hebdo": 0,
    "liquidity_frequency": 0,
    "ytd": 0,
    "products": [
    ],
    "gestionnaire": {
      "birth_day": "1970-01-01T05:28:20.118Z",
      "password": "$2b$10$CmVSy8UmmadypLu7y7d/eOs4baSNkYk6ja2gsFrI/4Z74ix0r4PZy",
      "role": [
        "User"
      ],
      "phone": "696074199",
      "isCreatedByAdmin": false,
      "__v": 0,
      "last_name": "fafnirukihj",
      "_id": "63c80c13e56165ca64b4a6cb",
      "isActive": false,
      "first_name": "Fafnirou3kl",
      "email": "hamman2@mail.com",
      "isEmailConfirmed": false
    },
    "__v": 0,
    "_id": "63ecaf676cb610809cab4477",
    "designation": "Default wallet",
    "cumulative_performance_date": "2023-02-15T09:35:17.690Z",
    "user": {
      "birth_day": "2016-12-31T23:00:00.000Z",
      "password": "$2b$10$x68m6VfAPXk2eCh9O6/7FufhvJ9v2Z0MHWniDUpfhP4X6Uu8VAoIa",
      "role": [
        "User"
      ],
      "phone": "0987654321",
      "isCreatedByAdmin": true,
      "__v": 0,
      "last_name": "Zinachidi",
      "_id": "63ecaf666cb610809cab4473",
      "isActive": true,
      "first_name": "Chinemeremma ",
      "email": "zina.aka@yopmail.com",
      "isEmailConfirmed": true
    }
  },
  {
    "initial_value": 0,
    "cumulative_performance": 0,
    "liquidity_value": 0,
    "performance_hebdo": 0,
    "liquidity_frequency": 0,
    "ytd": 0,
    "products": [
    ],
    "gestionnaire": {
      "birth_day": "1970-01-01T05:28:20.118Z",
      "password": "$2b$10$CmVSy8UmmadypLu7y7d/eOs4baSNkYk6ja2gsFrI/4Z74ix0r4PZy",
      "role": [
        "User"
      ],
      "phone": "696074199",
      "isCreatedByAdmin": false,
      "__v": 0,
      "last_name": "fafnirukihj",
      "_id": "63c80c13e56165ca64b4a6cb",
      "isActive": false,
      "first_name": "Fafnirou3kl",
      "email": "hamman2@mail.com",
      "isEmailConfirmed": false
    },
    "__v": 0,
    "_id": "63ecb02d6cb610809cab4489",
    "designation": "Default wallet",
    "cumulative_performance_date": "2023-02-15T09:35:17.690Z",
    "user": {
      "birth_day": "2005-02-07T23:00:00.000Z",
      "password": "$2b$10$eF9hDrRyEGVXUK9ZVE3b/uh4e80zEQTZ9JK5zIJG3BvmFeXP9nH4i",
      "role": [
        "User"
      ],
      "phone": "0987654321",
      "isCreatedByAdmin": true,
      "__v": 0,
      "last_name": "Iweobiegbulam",
      "_id": "63ecb02c6cb610809cab4485",
      "isActive": true,
      "first_name": "Dike ",
      "email": "dike.aka@yopmail.com",
      "isEmailConfirmed": true
    }
  },
  {
    "initial_value": 0,
    "cumulative_performance": 0,
    "liquidity_value": 0,
    "performance_hebdo": 0,
    "liquidity_frequency": 0,
    "ytd": 0,
    "products": [
    ],
    "gestionnaire": {
      "birth_day": "1970-01-01T05:28:20.118Z",
      "password": "$2b$10$CmVSy8UmmadypLu7y7d/eOs4baSNkYk6ja2gsFrI/4Z74ix0r4PZy",
      "role": [
        "User"
      ],
      "phone": "696074199",
      "isCreatedByAdmin": false,
      "__v": 0,
      "last_name": "fafnirukihj",
      "_id": "63c80c13e56165ca64b4a6cb",
      "isActive": false,
      "first_name": "Fafnirou3kl",
      "email": "hamman2@mail.com",
      "isEmailConfirmed": false
    },
    "__v": 0,
    "_id": "63ecdfd56cb610809cab45c9",
    "designation": "Default wallet",
    "cumulative_performance_date": "2023-02-15T09:35:17.690Z",
    "user": {
      "birth_day": "1970-01-01T05:33:10.509Z",
      "password": "$2b$10$YpLDon1zoWxoGFnPzOzmfuPdELs.QO68EuOIz7eZrp/PwRIctmytG",
      "role": [
        "User"
      ],
      "phone": "696894199",
      "isCreatedByAdmin": true,
      "__v": 0,
      "last_name": "Zara",
      "_id": "63ecdfd46cb610809cab45c5",
      "isActive": true,
      "first_name": "Tesfaye7",
      "email": "tesf5@gmail.com",
      "isEmailConfirmed": false
    }
  },
  {
    "initial_value": 0,
    "cumulative_performance": 0,
    "liquidity_value": 0,
    "performance_hebdo": 0,
    "liquidity_frequency": 0,
    "ytd": 0,
    "products": [
    ],
    "gestionnaire": {
      "birth_day": "1970-01-01T05:28:20.118Z",
      "password": "$2b$10$CmVSy8UmmadypLu7y7d/eOs4baSNkYk6ja2gsFrI/4Z74ix0r4PZy",
      "role": [
        "User"
      ],
      "phone": "696074199",
      "isCreatedByAdmin": false,
      "__v": 0,
      "last_name": "fafnirukihj",
      "_id": "63c80c13e56165ca64b4a6cb",
      "isActive": false,
      "first_name": "Fafnirou3kl",
      "email": "hamman2@mail.com",
      "isEmailConfirmed": false
    },
    "__v": 0,
    "_id": "63ecdfd86cb610809cab45cc",
    "designation": "string",
    "cumulative_performance_date": "2023-02-15T00:00:00.000Z",
    "user": {
      "birth_day": "1970-01-01T05:28:20.118Z",
      "password": "$2b$10$CmVSy8UmmadypLu7y7d/eOs4baSNkYk6ja2gsFrI/4Z74ix0r4PZy",
      "role": [
        "User"
      ],
      "phone": "696074199",
      "isCreatedByAdmin": false,
      "__v": 0,
      "last_name": "fafnirukihj",
      "_id": "63c80c13e56165ca64b4a6cb",
      "isActive": false,
      "first_name": "Fafnirou3kl",
      "email": "hamman2@mail.com",
      "isEmailConfirmed": false
    }
  },
  {
    "initial_value": 0,
    "cumulative_performance": 0,
    "liquidity_value": 0,
    "performance_hebdo": 0,
    "liquidity_frequency": 0,
    "ytd": 0,
    "products": [
    ],
    "gestionnaire": {
      "birth_day": "1970-01-01T05:28:20.118Z",
      "password": "$2b$10$CmVSy8UmmadypLu7y7d/eOs4baSNkYk6ja2gsFrI/4Z74ix0r4PZy",
      "role": [
        "User"
      ],
      "phone": "696074199",
      "isCreatedByAdmin": false,
      "__v": 0,
      "last_name": "fafnirukihj",
      "_id": "63c80c13e56165ca64b4a6cb",
      "isActive": false,
      "first_name": "Fafnirou3kl",
      "email": "hamman2@mail.com",
      "isEmailConfirmed": false
    },
    "__v": 0,
    "_id": "63ecfb79da9e7ea1ed36f529",
    "designation": "string",
    "cumulative_performance_date": "2023-02-15T00:00:00.000Z",
    "user": {
      "birth_day": "1970-01-01T05:28:20.118Z",
      "password": "$2b$10$CmVSy8UmmadypLu7y7d/eOs4baSNkYk6ja2gsFrI/4Z74ix0r4PZy",
      "role": [
        "User"
      ],
      "phone": "696074199",
      "isCreatedByAdmin": false,
      "__v": 0,
      "last_name": "fafnirukihj",
      "_id": "63c80c13e56165ca64b4a6cb",
      "isActive": false,
      "first_name": "Fafnirou3kl",
      "email": "hamman2@mail.com",
      "isEmailConfirmed": false
    }
  },
  {
    "initial_value": 0,
    "cumulative_performance": 0,
    "liquidity_value": 0,
    "performance_hebdo": 0,
    "liquidity_frequency": 0,
    "ytd": 0,
    "products": [
    ],
    "gestionnaire": {
      "birth_day": "1970-01-01T05:28:20.118Z",
      "password": "$2b$10$CmVSy8UmmadypLu7y7d/eOs4baSNkYk6ja2gsFrI/4Z74ix0r4PZy",
      "role": [
        "User"
      ],
      "phone": "696074199",
      "isCreatedByAdmin": false,
      "__v": 0,
      "last_name": "fafnirukihj",
      "_id": "63c80c13e56165ca64b4a6cb",
      "isActive": false,
      "first_name": "Fafnirou3kl",
      "email": "hamman2@mail.com",
      "isEmailConfirmed": false
    },
    "__v": 0,
    "_id": "63ecfeffda9e7ea1ed36f557",
    "designation": "string",
    "cumulative_performance_date": "2023-02-15T00:00:00.000Z",
    "user": {
      "birth_day": "1970-01-01T05:28:20.118Z",
      "password": "$2b$10$CmVSy8UmmadypLu7y7d/eOs4baSNkYk6ja2gsFrI/4Z74ix0r4PZy",
      "role": [
        "User"
      ],
      "phone": "696074199",
      "isCreatedByAdmin": false,
      "__v": 0,
      "last_name": "fafnirukihj",
      "_id": "63c80c13e56165ca64b4a6cb",
      "isActive": false,
      "first_name": "Fafnirou3kl",
      "email": "hamman2@mail.com",
      "isEmailConfirmed": false
    }
  },
  {
    "initial_value": 0,
    "cumulative_performance": 0,
    "liquidity_value": 0,
    "performance_hebdo": 0,
    "liquidity_frequency": 0,
    "ytd": 0,
    "products": [
    ],
    "gestionnaire": {
      "birth_day": "1970-01-01T05:28:20.118Z",
      "password": "$2b$10$CmVSy8UmmadypLu7y7d/eOs4baSNkYk6ja2gsFrI/4Z74ix0r4PZy",
      "role": [
        "User"
      ],
      "phone": "696074199",
      "isCreatedByAdmin": false,
      "__v": 0,
      "last_name": "fafnirukihj",
      "_id": "63c80c13e56165ca64b4a6cb",
      "isActive": false,
      "first_name": "Fafnirou3kl",
      "email": "hamman2@mail.com",
      "isEmailConfirmed": false
    },
    "__v": 0,
    "_id": "63ed05abda9e7ea1ed36f5db",
    "designation": "string",
    "cumulative_performance_date": "2023-02-15T00:00:00.000Z",
    "user": {
      "birth_day": "1970-01-01T05:28:20.118Z",
      "password": "$2b$10$CmVSy8UmmadypLu7y7d/eOs4baSNkYk6ja2gsFrI/4Z74ix0r4PZy",
      "role": [
        "User"
      ],
      "phone": "696074199",
      "isCreatedByAdmin": false,
      "__v": 0,
      "last_name": "fafnirukihj",
      "_id": "63c80c13e56165ca64b4a6cb",
      "isActive": false,
      "first_name": "Fafnirou3kl",
      "email": "hamman2@mail.com",
      "isEmailConfirmed": false
    }
  },
  {
    "initial_value": 0,
    "cumulative_performance": 0,
    "liquidity_value": 0,
    "performance_hebdo": 0,
    "liquidity_frequency": 0,
    "ytd": 0,
    "products": [
    ],
    "gestionnaire": {
      "birth_day": "1970-01-01T05:28:20.118Z",
      "password": "$2b$10$CmVSy8UmmadypLu7y7d/eOs4baSNkYk6ja2gsFrI/4Z74ix0r4PZy",
      "role": [
        "User"
      ],
      "phone": "696074199",
      "isCreatedByAdmin": false,
      "__v": 0,
      "last_name": "fafnirukihj",
      "_id": "63c80c13e56165ca64b4a6cb",
      "isActive": false,
      "first_name": "Fafnirou3kl",
      "email": "hamman2@mail.com",
      "isEmailConfirmed": false
    },
    "__v": 0,
    "_id": "63ed0dc2c052a23f7261c271",
    "designation": "string",
    "cumulative_performance_date": "2023-02-15T00:00:00.000Z",
    "user": {
      "birth_day": "1970-01-01T05:28:20.118Z",
      "password": "$2b$10$CmVSy8UmmadypLu7y7d/eOs4baSNkYk6ja2gsFrI/4Z74ix0r4PZy",
      "role": [
        "User"
      ],
      "phone": "696074199",
      "isCreatedByAdmin": false,
      "__v": 0,
      "last_name": "fafnirukihj",
      "_id": "63c80c13e56165ca64b4a6cb",
      "isActive": false,
      "first_name": "Fafnirou3kl",
      "email": "hamman2@mail.com",
      "isEmailConfirmed": false
    }
  },
  {
    "initial_value": 0,
    "cumulative_performance": 0,
    "liquidity_value": 0,
    "performance_hebdo": 0,
    "liquidity_frequency": 0,
    "ytd": 0,
    "products": [
    ],
    "gestionnaire": {
      "birth_day": "1970-01-01T05:28:20.118Z",
      "password": "$2b$10$CmVSy8UmmadypLu7y7d/eOs4baSNkYk6ja2gsFrI/4Z74ix0r4PZy",
      "role": [
        "User"
      ],
      "phone": "696074199",
      "isCreatedByAdmin": false,
      "__v": 0,
      "last_name": "fafnirukihj",
      "_id": "63c80c13e56165ca64b4a6cb",
      "isActive": false,
      "first_name": "Fafnirou3kl",
      "email": "hamman2@mail.com",
      "isEmailConfirmed": false
    },
    "__v": 0,
    "_id": "63ed1744c052a23f7261c2b1",
    "designation": "string",
    "cumulative_performance_date": "2023-02-15T00:00:00.000Z",
    "user": {
      "birth_day": "1970-01-01T05:28:20.118Z",
      "password": "$2b$10$CmVSy8UmmadypLu7y7d/eOs4baSNkYk6ja2gsFrI/4Z74ix0r4PZy",
      "role": [
        "User"
      ],
      "phone": "696074199",
      "isCreatedByAdmin": false,
      "__v": 0,
      "last_name": "fafnirukihj",
      "_id": "63c80c13e56165ca64b4a6cb",
      "isActive": false,
      "first_name": "Fafnirou3kl",
      "email": "hamman2@mail.com",
      "isEmailConfirmed": false
    }
  },
  {
    "initial_value": 0,
    "cumulative_performance": 0,
    "liquidity_value": 0,
    "performance_hebdo": 0,
    "liquidity_frequency": 0,
    "ytd": 0,
    "products": [
    ],
    "gestionnaire": {
      "birth_day": "1970-01-01T05:28:20.118Z",
      "password": "$2b$10$CmVSy8UmmadypLu7y7d/eOs4baSNkYk6ja2gsFrI/4Z74ix0r4PZy",
      "role": [
        "User"
      ],
      "phone": "696074199",
      "isCreatedByAdmin": false,
      "__v": 0,
      "last_name": "fafnirukihj",
      "_id": "63c80c13e56165ca64b4a6cb",
      "isActive": false,
      "first_name": "Fafnirou3kl",
      "email": "hamman2@mail.com",
      "isEmailConfirmed": false
    },
    "__v": 0,
    "_id": "63ed1b1fc052a23f7261c2df",
    "designation": "string",
    "cumulative_performance_date": "2023-02-15T00:00:00.000Z",
    "user": {
      "birth_day": "1970-01-01T05:28:20.118Z",
      "password": "$2b$10$CmVSy8UmmadypLu7y7d/eOs4baSNkYk6ja2gsFrI/4Z74ix0r4PZy",
      "role": [
        "User"
      ],
      "phone": "696074199",
      "isCreatedByAdmin": false,
      "__v": 0,
      "last_name": "fafnirukihj",
      "_id": "63c80c13e56165ca64b4a6cb",
      "isActive": false,
      "first_name": "Fafnirou3kl",
      "email": "hamman2@mail.com",
      "isEmailConfirmed": false
    }
  },
  {
    "initial_value": 0,
    "cumulative_performance": 0,
    "liquidity_value": 0,
    "performance_hebdo": 0,
    "liquidity_frequency": 0,
    "ytd": 0,
    "products": [
    ],
    "gestionnaire": {
      "birth_day": "1970-01-01T05:28:20.118Z",
      "password": "$2b$10$CmVSy8UmmadypLu7y7d/eOs4baSNkYk6ja2gsFrI/4Z74ix0r4PZy",
      "role": [
        "User"
      ],
      "phone": "696074199",
      "isCreatedByAdmin": false,
      "__v": 0,
      "last_name": "fafnirukihj",
      "_id": "63c80c13e56165ca64b4a6cb",
      "isActive": false,
      "first_name": "Fafnirou3kl",
      "email": "hamman2@mail.com",
      "isEmailConfirmed": false
    },
    "__v": 0,
    "_id": "63ed1c0dc052a23f7261c30d",
    "designation": "string",
    "cumulative_performance_date": "2023-02-15T00:00:00.000Z",
    "user": {
      "birth_day": "1970-01-01T05:28:20.118Z",
      "password": "$2b$10$CmVSy8UmmadypLu7y7d/eOs4baSNkYk6ja2gsFrI/4Z74ix0r4PZy",
      "role": [
        "User"
      ],
      "phone": "696074199",
      "isCreatedByAdmin": false,
      "__v": 0,
      "last_name": "fafnirukihj",
      "_id": "63c80c13e56165ca64b4a6cb",
      "isActive": false,
      "first_name": "Fafnirou3kl",
      "email": "hamman2@mail.com",
      "isEmailConfirmed": false
    }
  },
  {
    "initial_value": 0,
    "cumulative_performance": 0,
    "liquidity_value": 0,
    "performance_hebdo": 0,
    "liquidity_frequency": 0,
    "ytd": 0,
    "products": [
    ],
    "gestionnaire": {
      "birth_day": "1970-01-01T05:28:20.118Z",
      "password": "$2b$10$CmVSy8UmmadypLu7y7d/eOs4baSNkYk6ja2gsFrI/4Z74ix0r4PZy",
      "role": [
        "User"
      ],
      "phone": "696074199",
      "isCreatedByAdmin": false,
      "__v": 0,
      "last_name": "fafnirukihj",
      "_id": "63c80c13e56165ca64b4a6cb",
      "isActive": false,
      "first_name": "Fafnirou3kl",
      "email": "hamman2@mail.com",
      "isEmailConfirmed": false
    },
    "__v": 0,
    "_id": "63ed1d30c052a23f7261c33b",
    "designation": "string",
    "cumulative_performance_date": "2023-02-15T00:00:00.000Z",
    "user": {
      "birth_day": "1970-01-01T05:28:20.118Z",
      "password": "$2b$10$CmVSy8UmmadypLu7y7d/eOs4baSNkYk6ja2gsFrI/4Z74ix0r4PZy",
      "role": [
        "User"
      ],
      "phone": "696074199",
      "isCreatedByAdmin": false,
      "__v": 0,
      "last_name": "fafnirukihj",
      "_id": "63c80c13e56165ca64b4a6cb",
      "isActive": false,
      "first_name": "Fafnirou3kl",
      "email": "hamman2@mail.com",
      "isEmailConfirmed": false
    }
  },
  {
    "initial_value": 0,
    "cumulative_performance": 0,
    "liquidity_value": 0,
    "performance_hebdo": 0,
    "liquidity_frequency": 0,
    "ytd": 0,
    "products": [
    ],
    "gestionnaire": {
      "birth_day": "1970-01-01T05:28:20.118Z",
      "password": "$2b$10$CmVSy8UmmadypLu7y7d/eOs4baSNkYk6ja2gsFrI/4Z74ix0r4PZy",
      "role": [
        "User"
      ],
      "phone": "696074199",
      "isCreatedByAdmin": false,
      "__v": 0,
      "last_name": "fafnirukihj",
      "_id": "63c80c13e56165ca64b4a6cb",
      "isActive": false,
      "first_name": "Fafnirou3kl",
      "email": "hamman2@mail.com",
      "isEmailConfirmed": false
    },
    "__v": 0,
    "_id": "63ede26ec052a23f7261c387",
    "designation": "string",
    "cumulative_performance_date": "2023-02-15T00:00:00.000Z",
    "user": {
      "birth_day": "1970-01-01T05:28:20.118Z",
      "password": "$2b$10$CmVSy8UmmadypLu7y7d/eOs4baSNkYk6ja2gsFrI/4Z74ix0r4PZy",
      "role": [
        "User"
      ],
      "phone": "696074199",
      "isCreatedByAdmin": false,
      "__v": 0,
      "last_name": "fafnirukihj",
      "_id": "63c80c13e56165ca64b4a6cb",
      "isActive": false,
      "first_name": "Fafnirou3kl",
      "email": "hamman2@mail.com",
      "isEmailConfirmed": false
    }
  },
  {
    "initial_value": 0,
    "cumulative_performance": 0,
    "liquidity_value": 0,
    "performance_hebdo": 0,
    "liquidity_frequency": 0,
    "ytd": 0,
    "products": [
    ],
    "gestionnaire": {
      "birth_day": "1970-01-01T05:28:20.118Z",
      "password": "$2b$10$CmVSy8UmmadypLu7y7d/eOs4baSNkYk6ja2gsFrI/4Z74ix0r4PZy",
      "role": [
        "User"
      ],
      "phone": "696074199",
      "isCreatedByAdmin": false,
      "__v": 0,
      "last_name": "fafnirukihj",
      "_id": "63c80c13e56165ca64b4a6cb",
      "isActive": false,
      "first_name": "Fafnirou3kl",
      "email": "hamman2@mail.com",
      "isEmailConfirmed": false
    },
    "__v": 0,
    "_id": "63ede6d7c052a23f7261c3b5",
    "designation": "string",
    "cumulative_performance_date": "2023-02-15T00:00:00.000Z",
    "user": {
      "birth_day": "1970-01-01T05:28:20.118Z",
      "password": "$2b$10$CmVSy8UmmadypLu7y7d/eOs4baSNkYk6ja2gsFrI/4Z74ix0r4PZy",
      "role": [
        "User"
      ],
      "phone": "696074199",
      "isCreatedByAdmin": false,
      "__v": 0,
      "last_name": "fafnirukihj",
      "_id": "63c80c13e56165ca64b4a6cb",
      "isActive": false,
      "first_name": "Fafnirou3kl",
      "email": "hamman2@mail.com",
      "isEmailConfirmed": false
    }
  },
  {
    "initial_value": 0,
    "cumulative_performance": 0,
    "liquidity_value": 0,
    "performance_hebdo": 0,
    "liquidity_frequency": 0,
    "ytd": 0,
    "products": [
    ],
    "gestionnaire": {
      "birth_day": "1970-01-01T05:28:20.118Z",
      "password": "$2b$10$CmVSy8UmmadypLu7y7d/eOs4baSNkYk6ja2gsFrI/4Z74ix0r4PZy",
      "role": [
        "User"
      ],
      "phone": "696074199",
      "isCreatedByAdmin": false,
      "__v": 0,
      "last_name": "fafnirukihj",
      "_id": "63c80c13e56165ca64b4a6cb",
      "isActive": false,
      "first_name": "Fafnirou3kl",
      "email": "hamman2@mail.com",
      "isEmailConfirmed": false
    },
    "__v": 0,
    "_id": "63ede94dc052a23f7261c3e3",
    "designation": "string",
    "cumulative_performance_date": "2023-02-15T00:00:00.000Z",
    "user": {
      "birth_day": "1970-01-01T05:28:20.118Z",
      "password": "$2b$10$CmVSy8UmmadypLu7y7d/eOs4baSNkYk6ja2gsFrI/4Z74ix0r4PZy",
      "role": [
        "User"
      ],
      "phone": "696074199",
      "isCreatedByAdmin": false,
      "__v": 0,
      "last_name": "fafnirukihj",
      "_id": "63c80c13e56165ca64b4a6cb",
      "isActive": false,
      "first_name": "Fafnirou3kl",
      "email": "hamman2@mail.com",
      "isEmailConfirmed": false
    }
  },
  {
    "initial_value": 0,
    "cumulative_performance": 0,
    "liquidity_value": 0,
    "performance_hebdo": 0,
    "liquidity_frequency": 0,
    "ytd": 0,
    "products": [
    ],
    "gestionnaire": {
      "birth_day": "1970-01-01T05:28:20.118Z",
      "password": "$2b$10$CmVSy8UmmadypLu7y7d/eOs4baSNkYk6ja2gsFrI/4Z74ix0r4PZy",
      "role": [
        "User"
      ],
      "phone": "696074199",
      "isCreatedByAdmin": false,
      "__v": 0,
      "last_name": "fafnirukihj",
      "_id": "63c80c13e56165ca64b4a6cb",
      "isActive": false,
      "first_name": "Fafnirou3kl",
      "email": "hamman2@mail.com",
      "isEmailConfirmed": false
    },
    "__v": 0,
    "_id": "63edf17ac052a23f7261c411",
    "designation": "string",
    "cumulative_performance_date": "2023-02-15T00:00:00.000Z",
    "user": {
      "birth_day": "1970-01-01T05:28:20.118Z",
      "password": "$2b$10$CmVSy8UmmadypLu7y7d/eOs4baSNkYk6ja2gsFrI/4Z74ix0r4PZy",
      "role": [
        "User"
      ],
      "phone": "696074199",
      "isCreatedByAdmin": false,
      "__v": 0,
      "last_name": "fafnirukihj",
      "_id": "63c80c13e56165ca64b4a6cb",
      "isActive": false,
      "first_name": "Fafnirou3kl",
      "email": "hamman2@mail.com",
      "isEmailConfirmed": false
    }
  },
  {
    "initial_value": 0,
    "cumulative_performance": 0,
    "liquidity_value": 0,
    "performance_hebdo": 0,
    "liquidity_frequency": 0,
    "ytd": 0,
    "products": [
    ],
    "gestionnaire": {
      "birth_day": "1970-01-01T05:28:20.118Z",
      "password": "$2b$10$CmVSy8UmmadypLu7y7d/eOs4baSNkYk6ja2gsFrI/4Z74ix0r4PZy",
      "role": [
        "User"
      ],
      "phone": "696074199",
      "isCreatedByAdmin": false,
      "__v": 0,
      "last_name": "fafnirukihj",
      "_id": "63c80c13e56165ca64b4a6cb",
      "isActive": false,
      "first_name": "Fafnirou3kl",
      "email": "hamman2@mail.com",
      "isEmailConfirmed": false
    },
    "__v": 0,
    "_id": "63edf2e7c052a23f7261c43f",
    "designation": "string",
    "cumulative_performance_date": "2023-02-15T00:00:00.000Z",
    "user": {
      "birth_day": "1970-01-01T05:28:20.118Z",
      "password": "$2b$10$CmVSy8UmmadypLu7y7d/eOs4baSNkYk6ja2gsFrI/4Z74ix0r4PZy",
      "role": [
        "User"
      ],
      "phone": "696074199",
      "isCreatedByAdmin": false,
      "__v": 0,
      "last_name": "fafnirukihj",
      "_id": "63c80c13e56165ca64b4a6cb",
      "isActive": false,
      "first_name": "Fafnirou3kl",
      "email": "hamman2@mail.com",
      "isEmailConfirmed": false
    }
  },
  {
    "initial_value": 0,
    "cumulative_performance": 0,
    "liquidity_value": 0,
    "performance_hebdo": 0,
    "liquidity_frequency": 0,
    "ytd": 0,
    "products": [
    ],
    "gestionnaire": {
      "birth_day": "1970-01-01T05:28:20.118Z",
      "password": "$2b$10$CmVSy8UmmadypLu7y7d/eOs4baSNkYk6ja2gsFrI/4Z74ix0r4PZy",
      "role": [
        "User"
      ],
      "phone": "696074199",
      "isCreatedByAdmin": false,
      "__v": 0,
      "last_name": "fafnirukihj",
      "_id": "63c80c13e56165ca64b4a6cb",
      "isActive": false,
      "first_name": "Fafnirou3kl",
      "email": "hamman2@mail.com",
      "isEmailConfirmed": false
    },
    "__v": 0,
    "_id": "63edf7d1f4ed20a4b78a48b3",
    "designation": "string",
    "cumulative_performance_date": "2023-02-15T00:00:00.000Z",
    "user": {
      "birth_day": "1970-01-01T05:28:20.118Z",
      "password": "$2b$10$CmVSy8UmmadypLu7y7d/eOs4baSNkYk6ja2gsFrI/4Z74ix0r4PZy",
      "role": [
        "User"
      ],
      "phone": "696074199",
      "isCreatedByAdmin": false,
      "__v": 0,
      "last_name": "fafnirukihj",
      "_id": "63c80c13e56165ca64b4a6cb",
      "isActive": false,
      "first_name": "Fafnirou3kl",
      "email": "hamman2@mail.com",
      "isEmailConfirmed": false
    }
  },
  {
    "initial_value": 0,
    "cumulative_performance": 0,
    "liquidity_value": 0,
    "performance_hebdo": 0,
    "liquidity_frequency": 0,
    "ytd": 0,
    "products": [
    ],
    "gestionnaire": {
      "birth_day": "1970-01-01T05:28:20.118Z",
      "password": "$2b$10$CmVSy8UmmadypLu7y7d/eOs4baSNkYk6ja2gsFrI/4Z74ix0r4PZy",
      "role": [
        "User"
      ],
      "phone": "696074199",
      "isCreatedByAdmin": false,
      "__v": 0,
      "last_name": "fafnirukihj",
      "_id": "63c80c13e56165ca64b4a6cb",
      "isActive": false,
      "first_name": "Fafnirou3kl",
      "email": "hamman2@mail.com",
      "isEmailConfirmed": false
    },
    "__v": 0,
    "_id": "63edff62f4ed20a4b78a490f",
    "designation": "string",
    "cumulative_performance_date": "2023-02-15T00:00:00.000Z",
    "user": {
      "birth_day": "1970-01-01T05:28:20.118Z",
      "password": "$2b$10$CmVSy8UmmadypLu7y7d/eOs4baSNkYk6ja2gsFrI/4Z74ix0r4PZy",
      "role": [
        "User"
      ],
      "phone": "696074199",
      "isCreatedByAdmin": false,
      "__v": 0,
      "last_name": "fafnirukihj",
      "_id": "63c80c13e56165ca64b4a6cb",
      "isActive": false,
      "first_name": "Fafnirou3kl",
      "email": "hamman2@mail.com",
      "isEmailConfirmed": false
    }
  },
  {
    "initial_value": 0,
    "cumulative_performance": 0,
    "liquidity_value": 0,
    "performance_hebdo": 0,
    "liquidity_frequency": 0,
    "ytd": 0,
    "products": [
    ],
    "gestionnaire": {
      "birth_day": "1970-01-01T05:28:20.118Z",
      "password": "$2b$10$CmVSy8UmmadypLu7y7d/eOs4baSNkYk6ja2gsFrI/4Z74ix0r4PZy",
      "role": [
        "User"
      ],
      "phone": "696074199",
      "isCreatedByAdmin": false,
      "__v": 0,
      "last_name": "fafnirukihj",
      "_id": "63c80c13e56165ca64b4a6cb",
      "isActive": false,
      "first_name": "Fafnirou3kl",
      "email": "hamman2@mail.com",
      "isEmailConfirmed": false
    },
    "__v": 0,
    "_id": "63ee041ff4ed20a4b78a4941",
    "designation": "string",
    "cumulative_performance_date": "2023-02-15T00:00:00.000Z",
    "user": {
      "birth_day": "1970-01-01T05:28:20.118Z",
      "password": "$2b$10$CmVSy8UmmadypLu7y7d/eOs4baSNkYk6ja2gsFrI/4Z74ix0r4PZy",
      "role": [
        "User"
      ],
      "phone": "696074199",
      "isCreatedByAdmin": false,
      "__v": 0,
      "last_name": "fafnirukihj",
      "_id": "63c80c13e56165ca64b4a6cb",
      "isActive": false,
      "first_name": "Fafnirou3kl",
      "email": "hamman2@mail.com",
      "isEmailConfirmed": false
    }
  },
  {
    "initial_value": 0,
    "cumulative_performance": 0,
    "liquidity_value": 0,
    "performance_hebdo": 0,
    "liquidity_frequency": 0,
    "ytd": 0,
    "products": [
    ],
    "gestionnaire": {
      "birth_day": "1970-01-01T05:28:20.118Z",
      "password": "$2b$10$CmVSy8UmmadypLu7y7d/eOs4baSNkYk6ja2gsFrI/4Z74ix0r4PZy",
      "role": [
        "User"
      ],
      "phone": "696074199",
      "isCreatedByAdmin": false,
      "__v": 0,
      "last_name": "fafnirukihj",
      "_id": "63c80c13e56165ca64b4a6cb",
      "isActive": false,
      "first_name": "Fafnirou3kl",
      "email": "hamman2@mail.com",
      "isEmailConfirmed": false
    },
    "__v": 0,
    "_id": "63ee054cf4ed20a4b78a496f",
    "designation": "string",
    "cumulative_performance_date": "2023-02-15T00:00:00.000Z",
    "user": {
      "birth_day": "1970-01-01T05:28:20.118Z",
      "password": "$2b$10$CmVSy8UmmadypLu7y7d/eOs4baSNkYk6ja2gsFrI/4Z74ix0r4PZy",
      "role": [
        "User"
      ],
      "phone": "696074199",
      "isCreatedByAdmin": false,
      "__v": 0,
      "last_name": "fafnirukihj",
      "_id": "63c80c13e56165ca64b4a6cb",
      "isActive": false,
      "first_name": "Fafnirou3kl",
      "email": "hamman2@mail.com",
      "isEmailConfirmed": false
    }
  },
  {
    "initial_value": 0,
    "cumulative_performance": 0,
    "liquidity_value": 0,
    "performance_hebdo": 0,
    "liquidity_frequency": 0,
    "ytd": 0,
    "products": [
    ],
    "gestionnaire": {
      "birth_day": "1970-01-01T05:28:20.118Z",
      "password": "$2b$10$CmVSy8UmmadypLu7y7d/eOs4baSNkYk6ja2gsFrI/4Z74ix0r4PZy",
      "role": [
        "User"
      ],
      "phone": "696074199",
      "isCreatedByAdmin": false,
      "__v": 0,
      "last_name": "fafnirukihj",
      "_id": "63c80c13e56165ca64b4a6cb",
      "isActive": false,
      "first_name": "Fafnirou3kl",
      "email": "hamman2@mail.com",
      "isEmailConfirmed": false
    },
    "__v": 0,
    "_id": "63ee07ecf4ed20a4b78a499d",
    "designation": "string",
    "cumulative_performance_date": "2023-02-15T00:00:00.000Z",
    "user": {
      "birth_day": "1970-01-01T05:28:20.118Z",
      "password": "$2b$10$CmVSy8UmmadypLu7y7d/eOs4baSNkYk6ja2gsFrI/4Z74ix0r4PZy",
      "role": [
        "User"
      ],
      "phone": "696074199",
      "isCreatedByAdmin": false,
      "__v": 0,
      "last_name": "fafnirukihj",
      "_id": "63c80c13e56165ca64b4a6cb",
      "isActive": false,
      "first_name": "Fafnirou3kl",
      "email": "hamman2@mail.com",
      "isEmailConfirmed": false
    }
  },
  {
    "initial_value": 0,
    "cumulative_performance": 0,
    "liquidity_value": 0,
    "performance_hebdo": 0,
    "liquidity_frequency": 0,
    "ytd": 0,
    "products": [
    ],
    "gestionnaire": {
      "birth_day": "1970-01-01T05:28:20.118Z",
      "password": "$2b$10$CmVSy8UmmadypLu7y7d/eOs4baSNkYk6ja2gsFrI/4Z74ix0r4PZy",
      "role": [
        "User"
      ],
      "phone": "696074199",
      "isCreatedByAdmin": false,
      "__v": 0,
      "last_name": "fafnirukihj",
      "_id": "63c80c13e56165ca64b4a6cb",
      "isActive": false,
      "first_name": "Fafnirou3kl",
      "email": "hamman2@mail.com",
      "isEmailConfirmed": false
    },
    "__v": 0,
    "_id": "63ee0ef0f4ed20a4b78a49cb",
    "designation": "string",
    "cumulative_performance_date": "2023-02-15T00:00:00.000Z",
    "user": {
      "birth_day": "1970-01-01T05:28:20.118Z",
      "password": "$2b$10$CmVSy8UmmadypLu7y7d/eOs4baSNkYk6ja2gsFrI/4Z74ix0r4PZy",
      "role": [
        "User"
      ],
      "phone": "696074199",
      "isCreatedByAdmin": false,
      "__v": 0,
      "last_name": "fafnirukihj",
      "_id": "63c80c13e56165ca64b4a6cb",
      "isActive": false,
      "first_name": "Fafnirou3kl",
      "email": "hamman2@mail.com",
      "isEmailConfirmed": false
    }
  }
]
 
16:49:23.965 [main] ERROR com.intuit.karate - classpath:examples/tests/Get.feature:36
And assert response.length == 38
did not evaluate to 'true': response.length == 38
classpath:examples/tests/Get.feature:36
16:49:23.980 [main] DEBUG com.intuit.karate - request:
1 > GET https://pesa-backend-production.up.railway.app/api/v1/wallet/63df5c36ad437ea9f60e8034
1 > Content-type: application/json
1 > Authorization: Bearer eyJhbGciOiJIUzI1NiIsInR5cCI6IkpXVCJ9.eyJpZCI6IjYzZWNhNzVjMjFlNjcxM2Y4YjlmNTRiZiIsImlhdCI6MTY3NjU2MjU1MSwiZXhwIjoxNjc2NjQ4OTUxfQ.EmMsSpapiWV59ThGDr6mymQ2_M9OcsPSAQlJ073yrn4
1 > Host: pesa-backend-production.up.railway.app
1 > Connection: Keep-Alive
1 > User-Agent: Apache-HttpClient/4.5.13 (Java/17.0.1)
1 > Accept-Encoding: gzip,deflate


16:49:28.985 [main] ERROR com.intuit.karate - karate.org.apache.http.conn.ConnectTimeoutException: Connect to pesa-backend-production.up.railway.app:443 [pesa-backend-production.up.railway.app/104.196.232.237] failed: Connect timed out, http call failed after 5006 milliseconds for url: https://pesa-backend-production.up.railway.app/api/v1/wallet/63df5c36ad437ea9f60e8034
16:49:28.985 [main] ERROR com.intuit.karate - classpath:examples/tests/Get.feature:43
When method GET
http call failed after 5006 milliseconds for url: https://pesa-backend-production.up.railway.app/api/v1/wallet/63df5c36ad437ea9f60e8034
classpath:examples/tests/Get.feature:43
16:49:28.996 [main] DEBUG com.intuit.karate - request:
1 > GET https://pesa-backend-production.up.railway.app/api/v1/wallet/user/63c80c13e56165ca64b4a6cb
1 > Content-type: application/json
1 > Authorization: Bearer eyJhbGciOiJIUzI1NiIsInR5cCI6IkpXVCJ9.eyJpZCI6IjYzZWNhNzVjMjFlNjcxM2Y4YjlmNTRiZiIsImlhdCI6MTY3NjU2MjU1MSwiZXhwIjoxNjc2NjQ4OTUxfQ.EmMsSpapiWV59ThGDr6mymQ2_M9OcsPSAQlJ073yrn4
1 > Host: pesa-backend-production.up.railway.app
1 > Connection: Keep-Alive
1 > User-Agent: Apache-HttpClient/4.5.13 (Java/17.0.1)
1 > Accept-Encoding: gzip,deflate


16:49:31.556 [main] DEBUG com.intuit.karate - response time in milliseconds: 2559
1 < 200
1 < x-powered-by: Express
1 < access-control-allow-origin: *
1 < content-type: application/json; charset=utf-8
1 < content-length: 955
1 < etag: W/"3bb-MwElYl3S2arf01rj4AzvnlRzQBs"
1 < date: Thu, 16 Feb 2023 15:49:31 GMT
1 < x-envoy-upstream-service-time: 766
1 < server: railway
{"initial_value":0,"cumulative_performance":0,"liquidity_value":0,"performance_hebdo":0,"liquidity_frequency":0,"ytd":0,"products":[],"gestionnaire":{"birth_day":"1970-01-01T05:28:20.118Z","password":"$2b$10$CmVSy8UmmadypLu7y7d\/eOs4baSNkYk6ja2gsFrI\/4Z74ix0r4PZy","role":["User"],"phone":"696074199","isCreatedByAdmin":false,"__v":0,"last_name":"fafnirukihj","_id":"63c80c13e56165ca64b4a6cb","isActive":false,"first_name":"Fafnirou3kl","email":"hamman2@mail.com","isEmailConfirmed":false},"__v":0,"_id":"63ecdfd86cb610809cab45cc","designation":"string","cumulative_performance_date":"2023-02-15T00:00:00.000Z","user":{"birth_day":"1970-01-01T05:28:20.118Z","password":"$2b$10$CmVSy8UmmadypLu7y7d\/eOs4baSNkYk6ja2gsFrI\/4Z74ix0r4PZy","role":["User"],"phone":"696074199","isCreatedByAdmin":false,"__v":0,"last_name":"fafnirukihj","_id":"63c80c13e56165ca64b4a6cb","isActive":false,"first_name":"Fafnirou3kl","email":"hamman2@mail.com","isEmailConfirmed":false}}
16:49:31.558 [main] INFO  com.intuit.karate - [print] {
  "initial_value": 0,
  "cumulative_performance": 0,
  "liquidity_value": 0,
  "performance_hebdo": 0,
  "liquidity_frequency": 0,
  "ytd": 0,
  "products": [
  ],
  "gestionnaire": {
    "birth_day": "1970-01-01T05:28:20.118Z",
    "password": "$2b$10$CmVSy8UmmadypLu7y7d/eOs4baSNkYk6ja2gsFrI/4Z74ix0r4PZy",
    "role": [
      "User"
    ],
    "phone": "696074199",
    "isCreatedByAdmin": false,
    "__v": 0,
    "last_name": "fafnirukihj",
    "_id": "63c80c13e56165ca64b4a6cb",
    "isActive": false,
    "first_name": "Fafnirou3kl",
    "email": "hamman2@mail.com",
    "isEmailConfirmed": false
  },
  "__v": 0,
  "_id": "63ecdfd86cb610809cab45cc",
  "designation": "string",
  "cumulative_performance_date": "2023-02-15T00:00:00.000Z",
  "user": {
    "birth_day": "1970-01-01T05:28:20.118Z",
    "password": "$2b$10$CmVSy8UmmadypLu7y7d/eOs4baSNkYk6ja2gsFrI/4Z74ix0r4PZy",
    "role": [
      "User"
    ],
    "phone": "696074199",
    "isCreatedByAdmin": false,
    "__v": 0,
    "last_name": "fafnirukihj",
    "_id": "63c80c13e56165ca64b4a6cb",
    "isActive": false,
    "first_name": "Fafnirou3kl",
    "email": "hamman2@mail.com",
    "isEmailConfirmed": false
  }
}
 
16:49:31.559 [main] INFO  com.intuit.karate - [print] 200 
16:49:31.566 [main] DEBUG com.intuit.karate - request:
1 > GET https://pesa-backend-production.up.railway.app/api/v1/product
1 > Content-type: application/json
1 > Authorization: Bearer eyJhbGciOiJIUzI1NiIsInR5cCI6IkpXVCJ9.eyJpZCI6IjYzZWNhNzVjMjFlNjcxM2Y4YjlmNTRiZiIsImlhdCI6MTY3NjU2MjU1MSwiZXhwIjoxNjc2NjQ4OTUxfQ.EmMsSpapiWV59ThGDr6mymQ2_M9OcsPSAQlJ073yrn4
1 > Host: pesa-backend-production.up.railway.app
1 > Connection: Keep-Alive
1 > User-Agent: Apache-HttpClient/4.5.13 (Java/17.0.1)
1 > Accept-Encoding: gzip,deflate


16:49:32.604 [main] DEBUG com.intuit.karate - response time in milliseconds: 1037
1 < 200
1 < x-powered-by: Express
1 < access-control-allow-origin: *
1 < content-type: application/json; charset=utf-8
1 < content-length: 11396
1 < etag: W/"2c84-DhOgNmEmo02CR5dmcIR7Bnbb9UU"
1 < date: Thu, 16 Feb 2023 15:49:32 GMT
1 < x-envoy-upstream-service-time: 263
1 < server: railway
[{"maturity":"ZZ20","subscription_deadline_date":"2023-02-15T13:38:10.988Z","value_initial":15000,"liquidity_frequency":"mensuel","Annual_rate":12,"Annual_return":13,"perfomance_hebdo":20,"type":"obligation","createdAt":"2023-02-16T11:09:37.393Z","value_liquidity":10000,"__v":0,"_id":"63ee0ef1f4ed20a4b78a49ce","designation":"Ulrich","rate_of_return":0,"transmitter":"Kamer","value_date":"2023-02-15T13:38:10.988Z","updatedAt":"2023-02-16T11:09:37.393Z"},{"maturity":"ZZ20","subscription_deadline_date":"2023-02-15T13:38:10.988Z","value_initial":15000,"liquidity_frequency":"mensuel","Annual_rate":12,"Annual_return":13,"perfomance_hebdo":20,"type":"obligation","createdAt":"2023-02-16T10:39:41.825Z","value_liquidity":10000,"__v":0,"_id":"63ee07edf4ed20a4b78a49a0","designation":"Ulrich","rate_of_return":0,"transmitter":"Kamer","value_date":"2023-02-15T13:38:10.988Z","updatedAt":"2023-02-16T10:39:41.825Z"},{"maturity":"ZZ20","subscription_deadline_date":"2023-02-15T13:38:10.988Z","value_initial":15000,"liquidity_frequency":"mensuel","Annual_rate":12,"Annual_return":13,"perfomance_hebdo":20,"type":"obligation","createdAt":"2023-02-16T10:28:29.972Z","value_liquidity":10000,"__v":0,"_id":"63ee054df4ed20a4b78a4972","designation":"Ulrich","rate_of_return":0,"transmitter":"Kamer","value_date":"2023-02-15T13:38:10.988Z","updatedAt":"2023-02-16T10:28:29.972Z"},{"maturity":"ZZ20","subscription_deadline_date":"2023-02-15T13:38:10.988Z","value_initial":15000,"liquidity_frequency":"mensuel","Annual_rate":12,"Annual_return":13,"perfomance_hebdo":20,"type":"obligation","createdAt":"2023-02-16T10:23:28.532Z","value_liquidity":10000,"__v":0,"_id":"63ee0420f4ed20a4b78a4944","designation":"Ulrich","rate_of_return":0,"transmitter":"Kamer","value_date":"2023-02-15T13:38:10.988Z","updatedAt":"2023-02-16T10:23:28.532Z"},{"maturity":"ZZ20","subscription_deadline_date":"2023-02-15T13:38:10.988Z","value_initial":15000,"liquidity_frequency":"mensuel","Annual_rate":12,"Annual_return":13,"perfomance_hebdo":20,"type":"obligation","createdAt":"2023-02-16T10:03:15.727Z","value_liquidity":10000,"__v":0,"_id":"63edff63f4ed20a4b78a4912","designation":"Ulrich","rate_of_return":0,"transmitter":"Kamer","value_date":"2023-02-15T13:38:10.988Z","updatedAt":"2023-02-16T10:03:15.727Z"},{"maturity":"ZZ20","subscription_deadline_date":"2023-02-15T13:38:10.988Z","value_initial":15000,"liquidity_frequency":"mensuel","Annual_rate":12,"Annual_return":13,"perfomance_hebdo":20,"type":"obligation","createdAt":"2023-02-16T09:30:58.471Z","value_liquidity":10000,"__v":0,"_id":"63edf7d2f4ed20a4b78a48b6","designation":"Ulrich","rate_of_return":0,"transmitter":"Kamer","value_date":"2023-02-15T13:38:10.988Z","updatedAt":"2023-02-16T09:30:58.471Z"},{"maturity":"ZZ20","subscription_deadline_date":"2023-02-15T13:38:10.988Z","value_initial":15000,"liquidity_frequency":"mensuel","Annual_rate":12,"Annual_return":13,"perfomance_hebdo":20,"type":"obligation","createdAt":"2023-02-16T09:10:00.711Z","value_liquidity":10000,"__v":0,"_id":"63edf2e8c052a23f7261c442","designation":"Ulrich","rate_of_return":0,"transmitter":"Kamer","value_date":"2023-02-15T13:38:10.988Z","updatedAt":"2023-02-16T09:10:00.711Z"},{"maturity":"ZZ20","subscription_deadline_date":"2023-02-15T13:38:10.988Z","value_initial":15000,"liquidity_frequency":"mensuel","Annual_rate":12,"Annual_return":13,"perfomance_hebdo":20,"type":"obligation","createdAt":"2023-02-16T09:03:56.298Z","value_liquidity":10000,"__v":0,"_id":"63edf17cc052a23f7261c414","designation":"Ulrich","rate_of_return":0,"transmitter":"Kamer","value_date":"2023-02-15T13:38:10.988Z","updatedAt":"2023-02-16T09:03:56.298Z"},{"maturity":"ZZ20","subscription_deadline_date":"2023-02-15T13:38:10.988Z","value_initial":15000,"liquidity_frequency":"mensuel","Annual_rate":12,"Annual_return":13,"perfomance_hebdo":20,"type":"obligation","createdAt":"2023-02-16T08:29:03.106Z","value_liquidity":10000,"__v":0,"_id":"63ede94fc052a23f7261c3e6","designation":"Ulrich","rate_of_return":0,"transmitter":"Kamer","value_date":"2023-02-15T13:38:10.988Z","updatedAt":"2023-02-16T08:29:03.106Z"},{"maturity":"ZZ20","subscription_deadline_date":"2023-02-15T13:38:10.988Z","value_initial":15000,"liquidity_frequency":"mensuel","Annual_rate":12,"Annual_return":13,"perfomance_hebdo":20,"type":"obligation","createdAt":"2023-02-16T08:18:32.936Z","value_liquidity":10000,"__v":0,"_id":"63ede6d8c052a23f7261c3b8","designation":"Ulrich","rate_of_return":0,"transmitter":"Kamer","value_date":"2023-02-15T13:38:10.988Z","updatedAt":"2023-02-16T08:18:32.936Z"},{"maturity":"ZZ20","subscription_deadline_date":"2023-02-15T13:38:10.988Z","value_initial":15000,"liquidity_frequency":"mensuel","Annual_rate":12,"Annual_return":13,"perfomance_hebdo":20,"type":"obligation","createdAt":"2023-02-16T07:59:43.380Z","value_liquidity":10000,"__v":0,"_id":"63ede26fc052a23f7261c38a","designation":"Ulrich","rate_of_return":0,"transmitter":"Kamer","value_date":"2023-02-15T13:38:10.988Z","updatedAt":"2023-02-16T07:59:43.380Z"},{"maturity":"ZZ20","subscription_deadline_date":"2023-02-15T13:38:10.988Z","value_initial":15000,"liquidity_frequency":"mensuel","Annual_rate":12,"Annual_return":13,"perfomance_hebdo":20,"type":"obligation","createdAt":"2023-02-15T17:58:09.945Z","value_liquidity":10000,"__v":0,"_id":"63ed1d31c052a23f7261c33e","designation":"Ulrich","rate_of_return":0,"transmitter":"Kamer","value_date":"2023-02-15T13:38:10.988Z","updatedAt":"2023-02-15T17:58:09.945Z"},{"maturity":"ZZ20","subscription_deadline_date":"2023-02-15T13:38:10.988Z","value_initial":15000,"liquidity_frequency":"mensuel","Annual_rate":12,"Annual_return":13,"perfomance_hebdo":20,"type":"obligation","createdAt":"2023-02-15T17:53:18.886Z","value_liquidity":10000,"__v":0,"_id":"63ed1c0ec052a23f7261c310","designation":"Ulrich","rate_of_return":0,"transmitter":"Kamer","value_date":"2023-02-15T13:38:10.988Z","updatedAt":"2023-02-15T17:53:18.886Z"},{"maturity":"ZZ20","subscription_deadline_date":"2023-02-15T13:38:10.988Z","value_initial":15000,"liquidity_frequency":"mensuel","Annual_rate":12,"Annual_return":13,"perfomance_hebdo":20,"type":"obligation","createdAt":"2023-02-15T17:49:21.037Z","value_liquidity":10000,"__v":0,"_id":"63ed1b21c052a23f7261c2e2","designation":"Ulrich","rate_of_return":0,"transmitter":"Kamer","value_date":"2023-02-15T13:38:10.988Z","updatedAt":"2023-02-15T17:49:21.037Z"},{"maturity":"ZZ20","subscription_deadline_date":"2023-02-15T13:38:10.988Z","value_initial":15000,"liquidity_frequency":"mensuel","Annual_rate":12,"Annual_return":13,"perfomance_hebdo":20,"type":"obligation","createdAt":"2023-02-15T17:32:54.057Z","value_liquidity":10000,"__v":0,"_id":"63ed1746c052a23f7261c2b4","designation":"Ulrich","rate_of_return":0,"transmitter":"Kamer","value_date":"2023-02-15T13:38:10.988Z","updatedAt":"2023-02-15T17:32:54.057Z"},{"maturity":"4 année(s)","subscription_deadline_date":"2023-04-20T23:00:00.000Z","value_initial":10000,"liquidity_frequency":"mensuel","Annual_rate":5.9,"Annual_return":0,"perfomance_hebdo":0,"type":"BTA","createdAt":"2023-02-15T16:56:46.174Z","value_liquidity":0,"__v":0,"_id":"63ed0ecec052a23f7261c284","designation":"BTA Congo","rate_of_return":0,"transmitter":"Congo","value_date":"2023-04-28T23:00:00.000Z","updatedAt":"2023-02-15T16:56:46.174Z"},{"maturity":"ZZ20","subscription_deadline_date":"2023-02-15T13:38:10.988Z","value_initial":15000,"liquidity_frequency":"mensuel","Annual_rate":12,"Annual_return":13,"perfomance_hebdo":20,"type":"obligation","createdAt":"2023-02-15T16:52:20.111Z","value_liquidity":10000,"__v":0,"_id":"63ed0dc4c052a23f7261c274","designation":"Ulrich","rate_of_return":0,"transmitter":"Kamer","value_date":"2023-02-15T13:38:10.988Z","updatedAt":"2023-02-15T16:52:20.111Z"},{"maturity":"390 mois","subscription_deadline_date":"2023-02-15T23:00:00.000Z","value_initial":30986,"liquidity_frequency":"mensuel","Annual_rate":3,"Annual_return":1,"perfomance_hebdo":0,"type":"OTA","createdAt":"2023-02-15T16:49:02.653Z","value_liquidity":0,"__v":0,"_id":"63ed0cfec052a23f7261c23f","designation":"OTA Cameroun","rate_of_return":0,"transmitter":"Cameroun","value_date":"2023-02-22T23:00:00.000Z","updatedAt":"2023-02-15T16:49:02.653Z"},{"maturity":"23 mois","subscription_deadline_date":"2023-02-27T23:00:00.000Z","value_initial":120000,"liquidity_frequency":"mensuel","Annual_rate":14,"Annual_return":0,"perfomance_hebdo":0,"type":"Obligation","createdAt":"2023-02-15T16:43:44.844Z","value_liquidity":0,"__v":0,"_id":"63ed0bc0c052a23f7261c236","designation":"ahmadou","rate_of_return":0,"transmitter":"zero","value_date":"2023-02-15T23:00:00.000Z","updatedAt":"2023-02-15T16:43:44.844Z"},{"maturity":"4 mois","subscription_deadline_date":"2023-02-22T23:00:00.000Z","value_initial":100000,"liquidity_frequency":"mensuel","Annual_rate":2.29,"Annual_return":1,"perfomance_hebdo":0,"type":"BTA","createdAt":"2023-02-15T16:43:31.413Z","value_liquidity":0,"__v":0,"_id":"63ed0bb3c052a23f7261c22e","designation":"BTA Gabon","rate_of_return":0,"transmitter":"Gabon","value_date":"2023-02-16T23:00:00.000Z","updatedAt":"2023-02-15T16:43:31.413Z"},{"maturity":"4.5 année(s)","subscription_deadline_date":"2023-02-15T23:00:00.000Z","value_initial":10000,"liquidity_frequency":"mensuel","Annual_rate":9.09,"Annual_return":0,"perfomance_hebdo":0,"type":"OPCVM","createdAt":"2023-02-15T16:40:00.995Z","value_liquidity":0,"__v":0,"_id":"63ed0ae0c052a23f7261c205","designation":"SOCAPALM","rate_of_return":0,"transmitter":"BGFI Bank","value_date":"2023-02-15T23:00:00.000Z","updatedAt":"2023-02-15T16:41:52.247Z"},{"maturity":"9 mois","subscription_deadline_date":"2023-02-16T23:00:00.000Z","value_initial":2098784,"liquidity_frequency":"mensuel","Annual_rate":7.09,"Annual_return":0,"perfomance_hebdo":0,"type":"Action","createdAt":"2023-02-15T16:37:56.680Z","value_liquidity":0,"__v":0,"_id":"63ed0a64c052a23f7261c1f8","designation":"EDC_Afriland","rate_of_return":0,"transmitter":"Afriland bank","value_date":"2023-02-27T23:00:00.000Z","updatedAt":"2023-02-15T16:41:05.532Z"},{"maturity":"4 année(s)","subscription_deadline_date":"2023-02-24T23:00:00.000Z","value_initial":10000,"liquidity_frequency":"mensuel","Annual_rate":5.6,"Annual_return":0.99,"perfomance_hebdo":0.67,"type":"FCP","createdAt":"2023-02-15T16:36:10.574Z","value_liquidity":120000,"__v":0,"_id":"63ed09fac052a23f7261c1e8","designation":"FCP CEMAC","rate_of_return":0,"transmitter":"ECOBANK","value_date":"2023-02-27T23:00:00.000Z","updatedAt":"2023-02-16T09:54:19.379Z"},{"maturity":"1345 mois","subscription_deadline_date":"2023-02-27T23:00:00.000Z","value_initial":150000,"liquidity_frequency":"mensuel","Annual_rate":1.09,"Annual_return":0,"perfomance_hebdo":0,"type":"FCP","createdAt":"2023-02-15T16:34:00.341Z","value_liquidity":0,"__v":0,"_id":"63ed0978c052a23f7261c1da","designation":"DEO_CM","rate_of_return":0,"transmitter":"Cameroun","value_date":"2023-02-26T23:00:00.000Z","updatedAt":"2023-02-15T16:42:30.728Z"},{"maturity":"4 mois","subscription_deadline_date":"2023-02-15T13:38:10.988Z","value_initial":15000,"liquidity_frequency":"mensuel","Annual_rate":12.99,"Annual_return":13,"perfomance_hebdo":20,"type":"obligation","createdAt":"2023-02-15T16:17:50.269Z","value_liquidity":10000,"__v":0,"_id":"63ed05aeda9e7ea1ed36f5de","designation":"Ulrich","rate_of_return":0,"transmitter":"Kamer","value_date":"2023-02-15T13:38:10.988Z","updatedAt":"2023-02-15T16:33:30.489Z"}]
16:49:32.606 [main] INFO  com.intuit.karate - [print] [
  {
    "maturity": "ZZ20",
    "subscription_deadline_date": "2023-02-15T13:38:10.988Z",
    "value_initial": 15000,
    "liquidity_frequency": "mensuel",
    "Annual_rate": 12,
    "Annual_return": 13,
    "perfomance_hebdo": 20,
    "type": "obligation",
    "createdAt": "2023-02-16T11:09:37.393Z",
    "value_liquidity": 10000,
    "__v": 0,
    "_id": "63ee0ef1f4ed20a4b78a49ce",
    "designation": "Ulrich",
    "rate_of_return": 0,
    "transmitter": "Kamer",
    "value_date": "2023-02-15T13:38:10.988Z",
    "updatedAt": "2023-02-16T11:09:37.393Z"
  },
  {
    "maturity": "ZZ20",
    "subscription_deadline_date": "2023-02-15T13:38:10.988Z",
    "value_initial": 15000,
    "liquidity_frequency": "mensuel",
    "Annual_rate": 12,
    "Annual_return": 13,
    "perfomance_hebdo": 20,
    "type": "obligation",
    "createdAt": "2023-02-16T10:39:41.825Z",
    "value_liquidity": 10000,
    "__v": 0,
    "_id": "63ee07edf4ed20a4b78a49a0",
    "designation": "Ulrich",
    "rate_of_return": 0,
    "transmitter": "Kamer",
    "value_date": "2023-02-15T13:38:10.988Z",
    "updatedAt": "2023-02-16T10:39:41.825Z"
  },
  {
    "maturity": "ZZ20",
    "subscription_deadline_date": "2023-02-15T13:38:10.988Z",
    "value_initial": 15000,
    "liquidity_frequency": "mensuel",
    "Annual_rate": 12,
    "Annual_return": 13,
    "perfomance_hebdo": 20,
    "type": "obligation",
    "createdAt": "2023-02-16T10:28:29.972Z",
    "value_liquidity": 10000,
    "__v": 0,
    "_id": "63ee054df4ed20a4b78a4972",
    "designation": "Ulrich",
    "rate_of_return": 0,
    "transmitter": "Kamer",
    "value_date": "2023-02-15T13:38:10.988Z",
    "updatedAt": "2023-02-16T10:28:29.972Z"
  },
  {
    "maturity": "ZZ20",
    "subscription_deadline_date": "2023-02-15T13:38:10.988Z",
    "value_initial": 15000,
    "liquidity_frequency": "mensuel",
    "Annual_rate": 12,
    "Annual_return": 13,
    "perfomance_hebdo": 20,
    "type": "obligation",
    "createdAt": "2023-02-16T10:23:28.532Z",
    "value_liquidity": 10000,
    "__v": 0,
    "_id": "63ee0420f4ed20a4b78a4944",
    "designation": "Ulrich",
    "rate_of_return": 0,
    "transmitter": "Kamer",
    "value_date": "2023-02-15T13:38:10.988Z",
    "updatedAt": "2023-02-16T10:23:28.532Z"
  },
  {
    "maturity": "ZZ20",
    "subscription_deadline_date": "2023-02-15T13:38:10.988Z",
    "value_initial": 15000,
    "liquidity_frequency": "mensuel",
    "Annual_rate": 12,
    "Annual_return": 13,
    "perfomance_hebdo": 20,
    "type": "obligation",
    "createdAt": "2023-02-16T10:03:15.727Z",
    "value_liquidity": 10000,
    "__v": 0,
    "_id": "63edff63f4ed20a4b78a4912",
    "designation": "Ulrich",
    "rate_of_return": 0,
    "transmitter": "Kamer",
    "value_date": "2023-02-15T13:38:10.988Z",
    "updatedAt": "2023-02-16T10:03:15.727Z"
  },
  {
    "maturity": "ZZ20",
    "subscription_deadline_date": "2023-02-15T13:38:10.988Z",
    "value_initial": 15000,
    "liquidity_frequency": "mensuel",
    "Annual_rate": 12,
    "Annual_return": 13,
    "perfomance_hebdo": 20,
    "type": "obligation",
    "createdAt": "2023-02-16T09:30:58.471Z",
    "value_liquidity": 10000,
    "__v": 0,
    "_id": "63edf7d2f4ed20a4b78a48b6",
    "designation": "Ulrich",
    "rate_of_return": 0,
    "transmitter": "Kamer",
    "value_date": "2023-02-15T13:38:10.988Z",
    "updatedAt": "2023-02-16T09:30:58.471Z"
  },
  {
    "maturity": "ZZ20",
    "subscription_deadline_date": "2023-02-15T13:38:10.988Z",
    "value_initial": 15000,
    "liquidity_frequency": "mensuel",
    "Annual_rate": 12,
    "Annual_return": 13,
    "perfomance_hebdo": 20,
    "type": "obligation",
    "createdAt": "2023-02-16T09:10:00.711Z",
    "value_liquidity": 10000,
    "__v": 0,
    "_id": "63edf2e8c052a23f7261c442",
    "designation": "Ulrich",
    "rate_of_return": 0,
    "transmitter": "Kamer",
    "value_date": "2023-02-15T13:38:10.988Z",
    "updatedAt": "2023-02-16T09:10:00.711Z"
  },
  {
    "maturity": "ZZ20",
    "subscription_deadline_date": "2023-02-15T13:38:10.988Z",
    "value_initial": 15000,
    "liquidity_frequency": "mensuel",
    "Annual_rate": 12,
    "Annual_return": 13,
    "perfomance_hebdo": 20,
    "type": "obligation",
    "createdAt": "2023-02-16T09:03:56.298Z",
    "value_liquidity": 10000,
    "__v": 0,
    "_id": "63edf17cc052a23f7261c414",
    "designation": "Ulrich",
    "rate_of_return": 0,
    "transmitter": "Kamer",
    "value_date": "2023-02-15T13:38:10.988Z",
    "updatedAt": "2023-02-16T09:03:56.298Z"
  },
  {
    "maturity": "ZZ20",
    "subscription_deadline_date": "2023-02-15T13:38:10.988Z",
    "value_initial": 15000,
    "liquidity_frequency": "mensuel",
    "Annual_rate": 12,
    "Annual_return": 13,
    "perfomance_hebdo": 20,
    "type": "obligation",
    "createdAt": "2023-02-16T08:29:03.106Z",
    "value_liquidity": 10000,
    "__v": 0,
    "_id": "63ede94fc052a23f7261c3e6",
    "designation": "Ulrich",
    "rate_of_return": 0,
    "transmitter": "Kamer",
    "value_date": "2023-02-15T13:38:10.988Z",
    "updatedAt": "2023-02-16T08:29:03.106Z"
  },
  {
    "maturity": "ZZ20",
    "subscription_deadline_date": "2023-02-15T13:38:10.988Z",
    "value_initial": 15000,
    "liquidity_frequency": "mensuel",
    "Annual_rate": 12,
    "Annual_return": 13,
    "perfomance_hebdo": 20,
    "type": "obligation",
    "createdAt": "2023-02-16T08:18:32.936Z",
    "value_liquidity": 10000,
    "__v": 0,
    "_id": "63ede6d8c052a23f7261c3b8",
    "designation": "Ulrich",
    "rate_of_return": 0,
    "transmitter": "Kamer",
    "value_date": "2023-02-15T13:38:10.988Z",
    "updatedAt": "2023-02-16T08:18:32.936Z"
  },
  {
    "maturity": "ZZ20",
    "subscription_deadline_date": "2023-02-15T13:38:10.988Z",
    "value_initial": 15000,
    "liquidity_frequency": "mensuel",
    "Annual_rate": 12,
    "Annual_return": 13,
    "perfomance_hebdo": 20,
    "type": "obligation",
    "createdAt": "2023-02-16T07:59:43.380Z",
    "value_liquidity": 10000,
    "__v": 0,
    "_id": "63ede26fc052a23f7261c38a",
    "designation": "Ulrich",
    "rate_of_return": 0,
    "transmitter": "Kamer",
    "value_date": "2023-02-15T13:38:10.988Z",
    "updatedAt": "2023-02-16T07:59:43.380Z"
  },
  {
    "maturity": "ZZ20",
    "subscription_deadline_date": "2023-02-15T13:38:10.988Z",
    "value_initial": 15000,
    "liquidity_frequency": "mensuel",
    "Annual_rate": 12,
    "Annual_return": 13,
    "perfomance_hebdo": 20,
    "type": "obligation",
    "createdAt": "2023-02-15T17:58:09.945Z",
    "value_liquidity": 10000,
    "__v": 0,
    "_id": "63ed1d31c052a23f7261c33e",
    "designation": "Ulrich",
    "rate_of_return": 0,
    "transmitter": "Kamer",
    "value_date": "2023-02-15T13:38:10.988Z",
    "updatedAt": "2023-02-15T17:58:09.945Z"
  },
  {
    "maturity": "ZZ20",
    "subscription_deadline_date": "2023-02-15T13:38:10.988Z",
    "value_initial": 15000,
    "liquidity_frequency": "mensuel",
    "Annual_rate": 12,
    "Annual_return": 13,
    "perfomance_hebdo": 20,
    "type": "obligation",
    "createdAt": "2023-02-15T17:53:18.886Z",
    "value_liquidity": 10000,
    "__v": 0,
    "_id": "63ed1c0ec052a23f7261c310",
    "designation": "Ulrich",
    "rate_of_return": 0,
    "transmitter": "Kamer",
    "value_date": "2023-02-15T13:38:10.988Z",
    "updatedAt": "2023-02-15T17:53:18.886Z"
  },
  {
    "maturity": "ZZ20",
    "subscription_deadline_date": "2023-02-15T13:38:10.988Z",
    "value_initial": 15000,
    "liquidity_frequency": "mensuel",
    "Annual_rate": 12,
    "Annual_return": 13,
    "perfomance_hebdo": 20,
    "type": "obligation",
    "createdAt": "2023-02-15T17:49:21.037Z",
    "value_liquidity": 10000,
    "__v": 0,
    "_id": "63ed1b21c052a23f7261c2e2",
    "designation": "Ulrich",
    "rate_of_return": 0,
    "transmitter": "Kamer",
    "value_date": "2023-02-15T13:38:10.988Z",
    "updatedAt": "2023-02-15T17:49:21.037Z"
  },
  {
    "maturity": "ZZ20",
    "subscription_deadline_date": "2023-02-15T13:38:10.988Z",
    "value_initial": 15000,
    "liquidity_frequency": "mensuel",
    "Annual_rate": 12,
    "Annual_return": 13,
    "perfomance_hebdo": 20,
    "type": "obligation",
    "createdAt": "2023-02-15T17:32:54.057Z",
    "value_liquidity": 10000,
    "__v": 0,
    "_id": "63ed1746c052a23f7261c2b4",
    "designation": "Ulrich",
    "rate_of_return": 0,
    "transmitter": "Kamer",
    "value_date": "2023-02-15T13:38:10.988Z",
    "updatedAt": "2023-02-15T17:32:54.057Z"
  },
  {
    "maturity": "4 année(s)",
    "subscription_deadline_date": "2023-04-20T23:00:00.000Z",
    "value_initial": 10000,
    "liquidity_frequency": "mensuel",
    "Annual_rate": 5.9,
    "Annual_return": 0,
    "perfomance_hebdo": 0,
    "type": "BTA",
    "createdAt": "2023-02-15T16:56:46.174Z",
    "value_liquidity": 0,
    "__v": 0,
    "_id": "63ed0ecec052a23f7261c284",
    "designation": "BTA Congo",
    "rate_of_return": 0,
    "transmitter": "Congo",
    "value_date": "2023-04-28T23:00:00.000Z",
    "updatedAt": "2023-02-15T16:56:46.174Z"
  },
  {
    "maturity": "ZZ20",
    "subscription_deadline_date": "2023-02-15T13:38:10.988Z",
    "value_initial": 15000,
    "liquidity_frequency": "mensuel",
    "Annual_rate": 12,
    "Annual_return": 13,
    "perfomance_hebdo": 20,
    "type": "obligation",
    "createdAt": "2023-02-15T16:52:20.111Z",
    "value_liquidity": 10000,
    "__v": 0,
    "_id": "63ed0dc4c052a23f7261c274",
    "designation": "Ulrich",
    "rate_of_return": 0,
    "transmitter": "Kamer",
    "value_date": "2023-02-15T13:38:10.988Z",
    "updatedAt": "2023-02-15T16:52:20.111Z"
  },
  {
    "maturity": "390 mois",
    "subscription_deadline_date": "2023-02-15T23:00:00.000Z",
    "value_initial": 30986,
    "liquidity_frequency": "mensuel",
    "Annual_rate": 3,
    "Annual_return": 1,
    "perfomance_hebdo": 0,
    "type": "OTA",
    "createdAt": "2023-02-15T16:49:02.653Z",
    "value_liquidity": 0,
    "__v": 0,
    "_id": "63ed0cfec052a23f7261c23f",
    "designation": "OTA Cameroun",
    "rate_of_return": 0,
    "transmitter": "Cameroun",
    "value_date": "2023-02-22T23:00:00.000Z",
    "updatedAt": "2023-02-15T16:49:02.653Z"
  },
  {
    "maturity": "23 mois",
    "subscription_deadline_date": "2023-02-27T23:00:00.000Z",
    "value_initial": 120000,
    "liquidity_frequency": "mensuel",
    "Annual_rate": 14,
    "Annual_return": 0,
    "perfomance_hebdo": 0,
    "type": "Obligation",
    "createdAt": "2023-02-15T16:43:44.844Z",
    "value_liquidity": 0,
    "__v": 0,
    "_id": "63ed0bc0c052a23f7261c236",
    "designation": "ahmadou",
    "rate_of_return": 0,
    "transmitter": "zero",
    "value_date": "2023-02-15T23:00:00.000Z",
    "updatedAt": "2023-02-15T16:43:44.844Z"
  },
  {
    "maturity": "4 mois",
    "subscription_deadline_date": "2023-02-22T23:00:00.000Z",
    "value_initial": 100000,
    "liquidity_frequency": "mensuel",
    "Annual_rate": 2.29,
    "Annual_return": 1,
    "perfomance_hebdo": 0,
    "type": "BTA",
    "createdAt": "2023-02-15T16:43:31.413Z",
    "value_liquidity": 0,
    "__v": 0,
    "_id": "63ed0bb3c052a23f7261c22e",
    "designation": "BTA Gabon",
    "rate_of_return": 0,
    "transmitter": "Gabon",
    "value_date": "2023-02-16T23:00:00.000Z",
    "updatedAt": "2023-02-15T16:43:31.413Z"
  },
  {
    "maturity": "4.5 année(s)",
    "subscription_deadline_date": "2023-02-15T23:00:00.000Z",
    "value_initial": 10000,
    "liquidity_frequency": "mensuel",
    "Annual_rate": 9.09,
    "Annual_return": 0,
    "perfomance_hebdo": 0,
    "type": "OPCVM",
    "createdAt": "2023-02-15T16:40:00.995Z",
    "value_liquidity": 0,
    "__v": 0,
    "_id": "63ed0ae0c052a23f7261c205",
    "designation": "SOCAPALM",
    "rate_of_return": 0,
    "transmitter": "BGFI Bank",
    "value_date": "2023-02-15T23:00:00.000Z",
    "updatedAt": "2023-02-15T16:41:52.247Z"
  },
  {
    "maturity": "9 mois",
    "subscription_deadline_date": "2023-02-16T23:00:00.000Z",
    "value_initial": 2098784,
    "liquidity_frequency": "mensuel",
    "Annual_rate": 7.09,
    "Annual_return": 0,
    "perfomance_hebdo": 0,
    "type": "Action",
    "createdAt": "2023-02-15T16:37:56.680Z",
    "value_liquidity": 0,
    "__v": 0,
    "_id": "63ed0a64c052a23f7261c1f8",
    "designation": "EDC_Afriland",
    "rate_of_return": 0,
    "transmitter": "Afriland bank",
    "value_date": "2023-02-27T23:00:00.000Z",
    "updatedAt": "2023-02-15T16:41:05.532Z"
  },
  {
    "maturity": "4 année(s)",
    "subscription_deadline_date": "2023-02-24T23:00:00.000Z",
    "value_initial": 10000,
    "liquidity_frequency": "mensuel",
    "Annual_rate": 5.6,
    "Annual_return": 0.99,
    "perfomance_hebdo": 0.67,
    "type": "FCP",
    "createdAt": "2023-02-15T16:36:10.574Z",
    "value_liquidity": 120000,
    "__v": 0,
    "_id": "63ed09fac052a23f7261c1e8",
    "designation": "FCP CEMAC",
    "rate_of_return": 0,
    "transmitter": "ECOBANK",
    "value_date": "2023-02-27T23:00:00.000Z",
    "updatedAt": "2023-02-16T09:54:19.379Z"
  },
  {
    "maturity": "1345 mois",
    "subscription_deadline_date": "2023-02-27T23:00:00.000Z",
    "value_initial": 150000,
    "liquidity_frequency": "mensuel",
    "Annual_rate": 1.09,
    "Annual_return": 0,
    "perfomance_hebdo": 0,
    "type": "FCP",
    "createdAt": "2023-02-15T16:34:00.341Z",
    "value_liquidity": 0,
    "__v": 0,
    "_id": "63ed0978c052a23f7261c1da",
    "designation": "DEO_CM",
    "rate_of_return": 0,
    "transmitter": "Cameroun",
    "value_date": "2023-02-26T23:00:00.000Z",
    "updatedAt": "2023-02-15T16:42:30.728Z"
  },
  {
    "maturity": "4 mois",
    "subscription_deadline_date": "2023-02-15T13:38:10.988Z",
    "value_initial": 15000,
    "liquidity_frequency": "mensuel",
    "Annual_rate": 12.99,
    "Annual_return": 13,
    "perfomance_hebdo": 20,
    "type": "obligation",
    "createdAt": "2023-02-15T16:17:50.269Z",
    "value_liquidity": 10000,
    "__v": 0,
    "_id": "63ed05aeda9e7ea1ed36f5de",
    "designation": "Ulrich",
    "rate_of_return": 0,
    "transmitter": "Kamer",
    "value_date": "2023-02-15T13:38:10.988Z",
    "updatedAt": "2023-02-15T16:33:30.489Z"
  }
]
 
16:49:32.613 [main] INFO  com.intuit.karate - [print] 200 
16:49:32.623 [main] DEBUG com.intuit.karate - request:
1 > GET https://pesa-backend-production.up.railway.app/api/v1/product/63e4f9e4e1cbdc16bbbe9d82
1 > Content-type: application/json
1 > Authorization: Bearer eyJhbGciOiJIUzI1NiIsInR5cCI6IkpXVCJ9.eyJpZCI6IjYzZWNhNzVjMjFlNjcxM2Y4YjlmNTRiZiIsImlhdCI6MTY3NjU2MjU1MSwiZXhwIjoxNjc2NjQ4OTUxfQ.EmMsSpapiWV59ThGDr6mymQ2_M9OcsPSAQlJ073yrn4
1 > Host: pesa-backend-production.up.railway.app
1 > Connection: Keep-Alive
1 > User-Agent: Apache-HttpClient/4.5.13 (Java/17.0.1)
1 > Accept-Encoding: gzip,deflate


16:49:35.160 [main] DEBUG com.intuit.karate - response time in milliseconds: 2537
1 < 200
1 < x-powered-by: Express
1 < access-control-allow-origin: *
1 < date: Thu, 16 Feb 2023 15:49:34 GMT
1 < content-length: 0
1 < x-envoy-upstream-service-time: 256
1 < server: railway

16:49:35.162 [main] INFO  com.intuit.karate - [print]  
16:49:35.164 [main] ERROR com.intuit.karate - classpath:examples/tests/Get.feature:76
And match response.designation == 'SC GRé'
match failed: EQUALS
  $ | data types don't match (NULL:STRING)
  null
  'SC GRé'

classpath:examples/tests/Get.feature:76
16:49:35.176 [main] DEBUG com.intuit.karate - request:
1 > GET https://pesa-backend-production.up.railway.app/api/v1/product-subscription
1 > Content-type: application/json
1 > Authorization: Bearer eyJhbGciOiJIUzI1NiIsInR5cCI6IkpXVCJ9.eyJpZCI6IjYzZWNhNzVjMjFlNjcxM2Y4YjlmNTRiZiIsImlhdCI6MTY3NjU2MjU1MSwiZXhwIjoxNjc2NjQ4OTUxfQ.EmMsSpapiWV59ThGDr6mymQ2_M9OcsPSAQlJ073yrn4
1 > Host: pesa-backend-production.up.railway.app
1 > Connection: Keep-Alive
1 > User-Agent: Apache-HttpClient/4.5.13 (Java/17.0.1)
1 > Accept-Encoding: gzip,deflate


16:49:36.468 [main] DEBUG com.intuit.karate - response time in milliseconds: 1291
1 < 200
1 < x-powered-by: Express
1 < access-control-allow-origin: *
1 < content-type: application/json; charset=utf-8
1 < content-length: 12083
1 < etag: W/"2f33-UHhR9h7jwgcEv2adm7EM5WrLACw"
1 < date: Thu, 16 Feb 2023 15:49:36 GMT
1 < x-envoy-upstream-service-time: 519
1 < server: railway
[{"volume":3,"product":null,"__v":0,"_id":"63d2a4867ab834e9abe21c21","user":{"birth_day":"1970-01-01T05:33:10.501Z","password":"$2b$10$E0uK7dNALudEaX3tb\/O5guG3PsN27tMvbhwv.y0PFmENiCTdp12Q.","role":["User"],"phone":"696104199","isCreatedByAdmin":false,"__v":0,"last_name":"popo","_id":"63d2908040de16f6e3ab7b93","isActive":false,"first_name":"toti","email":"test1@test.com","isEmailConfirmed":true}},{"volume":1,"product":null,"__v":0,"_id":"63d2a5147ab834e9abe21c26","user":{"birth_day":"1970-01-01T05:33:10.501Z","password":"$2b$10$E0uK7dNALudEaX3tb\/O5guG3PsN27tMvbhwv.y0PFmENiCTdp12Q.","role":["User"],"phone":"696104199","isCreatedByAdmin":false,"__v":0,"last_name":"popo","_id":"63d2908040de16f6e3ab7b93","isActive":false,"first_name":"toti","email":"test1@test.com","isEmailConfirmed":true}},{"volume":7,"product":null,"__v":0,"_id":"63d2a5237ab834e9abe21c2b","user":{"birth_day":"1970-01-01T05:33:10.501Z","password":"$2b$10$E0uK7dNALudEaX3tb\/O5guG3PsN27tMvbhwv.y0PFmENiCTdp12Q.","role":["User"],"phone":"696104199","isCreatedByAdmin":false,"__v":0,"last_name":"popo","_id":"63d2908040de16f6e3ab7b93","isActive":false,"first_name":"toti","email":"test1@test.com","isEmailConfirmed":true}},{"volume":7,"product":null,"__v":0,"_id":"63d2a7217ab834e9abe21c39","user":{"birth_day":"1970-01-01T05:33:10.501Z","password":"$2b$10$E0uK7dNALudEaX3tb\/O5guG3PsN27tMvbhwv.y0PFmENiCTdp12Q.","role":["User"],"phone":"696104199","isCreatedByAdmin":false,"__v":0,"last_name":"popo","_id":"63d2908040de16f6e3ab7b93","isActive":false,"first_name":"toti","email":"test1@test.com","isEmailConfirmed":true}},{"volume":49,"product":null,"__v":0,"_id":"63d78c24c26fc1cbb6148485","user":{"birth_day":"1970-01-01T05:33:10.501Z","password":"$2b$10$E0uK7dNALudEaX3tb\/O5guG3PsN27tMvbhwv.y0PFmENiCTdp12Q.","role":["User"],"phone":"696104199","isCreatedByAdmin":false,"__v":0,"last_name":"popo","_id":"63d2908040de16f6e3ab7b93","isActive":false,"first_name":"toti","email":"test1@test.com","isEmailConfirmed":true}},{"volume":52,"product":null,"__v":0,"_id":"63d78c3cc26fc1cbb614848a","user":{"birth_day":"1970-01-01T05:33:10.501Z","password":"$2b$10$E0uK7dNALudEaX3tb\/O5guG3PsN27tMvbhwv.y0PFmENiCTdp12Q.","role":["User"],"phone":"696104199","isCreatedByAdmin":false,"__v":0,"last_name":"popo","_id":"63d2908040de16f6e3ab7b93","isActive":false,"first_name":"toti","email":"test1@test.com","isEmailConfirmed":true}},{"volume":1000,"product":null,"__v":0,"_id":"63d78d81c26fc1cbb6148499","user":{"birth_day":"1970-01-01T05:33:10.501Z","password":"$2b$10$E0uK7dNALudEaX3tb\/O5guG3PsN27tMvbhwv.y0PFmENiCTdp12Q.","role":["User"],"phone":"696104199","isCreatedByAdmin":false,"__v":0,"last_name":"popo","_id":"63d2908040de16f6e3ab7b93","isActive":false,"first_name":"toti","email":"test1@test.com","isEmailConfirmed":true}},{"volume":10,"product":null,"__v":0,"_id":"63d78d8fc26fc1cbb614849e","user":{"birth_day":"1970-01-01T05:33:10.501Z","password":"$2b$10$E0uK7dNALudEaX3tb\/O5guG3PsN27tMvbhwv.y0PFmENiCTdp12Q.","role":["User"],"phone":"696104199","isCreatedByAdmin":false,"__v":0,"last_name":"popo","_id":"63d2908040de16f6e3ab7b93","isActive":false,"first_name":"toti","email":"test1@test.com","isEmailConfirmed":true}},{"volume":5000,"product":null,"__v":0,"_id":"63d78f9071cc2c350eb03f62","user":{"birth_day":"1970-01-01T05:33:10.501Z","password":"$2b$10$E0uK7dNALudEaX3tb\/O5guG3PsN27tMvbhwv.y0PFmENiCTdp12Q.","role":["User"],"phone":"696104199","isCreatedByAdmin":false,"__v":0,"last_name":"popo","_id":"63d2908040de16f6e3ab7b93","isActive":false,"first_name":"toti","email":"test1@test.com","isEmailConfirmed":true}},{"volume":500,"product":null,"__v":0,"_id":"63d790ca1b9342000b2407b7","user":{"birth_day":"1970-01-01T05:33:10.501Z","password":"$2b$10$E0uK7dNALudEaX3tb\/O5guG3PsN27tMvbhwv.y0PFmENiCTdp12Q.","role":["User"],"phone":"696104199","isCreatedByAdmin":false,"__v":0,"last_name":"popo","_id":"63d2908040de16f6e3ab7b93","isActive":false,"first_name":"toti","email":"test1@test.com","isEmailConfirmed":true}},{"volume":50,"product":null,"__v":0,"_id":"63d7e4a30d128e9ea1d4d4b8","user":{"birth_day":"1970-01-01T05:33:10.501Z","password":"$2b$10$E0uK7dNALudEaX3tb\/O5guG3PsN27tMvbhwv.y0PFmENiCTdp12Q.","role":["User"],"phone":"696104199","isCreatedByAdmin":false,"__v":0,"last_name":"popo","_id":"63d2908040de16f6e3ab7b93","isActive":false,"first_name":"toti","email":"test1@test.com","isEmailConfirmed":true}},{"volume":50,"product":null,"__v":0,"_id":"63d7e805c88866b829b4f051","user":{"birth_day":"1970-01-01T05:33:10.501Z","password":"$2b$10$E0uK7dNALudEaX3tb\/O5guG3PsN27tMvbhwv.y0PFmENiCTdp12Q.","role":["User"],"phone":"696104199","isCreatedByAdmin":false,"__v":0,"last_name":"popo","_id":"63d2908040de16f6e3ab7b93","isActive":false,"first_name":"toti","email":"test1@test.com","isEmailConfirmed":true}},{"volume":100,"product":null,"__v":0,"_id":"63d7e98bbd1c75e2b2f288a2","user":{"birth_day":"1970-01-01T05:33:10.501Z","password":"$2b$10$E0uK7dNALudEaX3tb\/O5guG3PsN27tMvbhwv.y0PFmENiCTdp12Q.","role":["User"],"phone":"696104199","isCreatedByAdmin":false,"__v":0,"last_name":"popo","_id":"63d2908040de16f6e3ab7b93","isActive":false,"first_name":"toti","email":"test1@test.com","isEmailConfirmed":true}},{"volume":100,"product":null,"__v":0,"_id":"63d7eab96836e06eb2366c25","user":{"birth_day":"1970-01-01T05:33:10.501Z","password":"$2b$10$E0uK7dNALudEaX3tb\/O5guG3PsN27tMvbhwv.y0PFmENiCTdp12Q.","role":["User"],"phone":"696104199","isCreatedByAdmin":false,"__v":0,"last_name":"popo","_id":"63d2908040de16f6e3ab7b93","isActive":false,"first_name":"toti","email":"test1@test.com","isEmailConfirmed":true}},{"volume":880,"product":null,"__v":0,"_id":"63d7ec0b025975ef74cfc3a5","user":{"birth_day":"1970-01-01T05:33:10.501Z","password":"$2b$10$E0uK7dNALudEaX3tb\/O5guG3PsN27tMvbhwv.y0PFmENiCTdp12Q.","role":["User"],"phone":"696104199","isCreatedByAdmin":false,"__v":0,"last_name":"popo","_id":"63d2908040de16f6e3ab7b93","isActive":false,"first_name":"toti","email":"test1@test.com","isEmailConfirmed":true}},{"volume":980,"product":null,"__v":0,"_id":"63d7ef6bf8a6161502568776","user":{"birth_day":"1970-01-01T05:33:10.501Z","password":"$2b$10$E0uK7dNALudEaX3tb\/O5guG3PsN27tMvbhwv.y0PFmENiCTdp12Q.","role":["User"],"phone":"696104199","isCreatedByAdmin":false,"__v":0,"last_name":"popo","_id":"63d2908040de16f6e3ab7b93","isActive":false,"first_name":"toti","email":"test1@test.com","isEmailConfirmed":true}},{"volume":280,"product":null,"__v":0,"_id":"63d7f184c115c661264521e4","user":{"birth_day":"1970-01-01T05:33:10.501Z","password":"$2b$10$E0uK7dNALudEaX3tb\/O5guG3PsN27tMvbhwv.y0PFmENiCTdp12Q.","role":["User"],"phone":"696104199","isCreatedByAdmin":false,"__v":0,"last_name":"popo","_id":"63d2908040de16f6e3ab7b93","isActive":false,"first_name":"toti","email":"test1@test.com","isEmailConfirmed":true}},{"volume":120,"product":null,"__v":0,"_id":"63d8c727c115c661264521e9","user":{"birth_day":"1970-01-01T05:33:10.501Z","password":"$2b$10$E0uK7dNALudEaX3tb\/O5guG3PsN27tMvbhwv.y0PFmENiCTdp12Q.","role":["User"],"phone":"696104199","isCreatedByAdmin":false,"__v":0,"last_name":"popo","_id":"63d2908040de16f6e3ab7b93","isActive":false,"first_name":"toti","email":"test1@test.com","isEmailConfirmed":true}},{"volume":870,"product":null,"__v":0,"_id":"63d8c748c115c661264521ee","user":{"birth_day":"1970-01-01T05:33:10.501Z","password":"$2b$10$E0uK7dNALudEaX3tb\/O5guG3PsN27tMvbhwv.y0PFmENiCTdp12Q.","role":["User"],"phone":"696104199","isCreatedByAdmin":false,"__v":0,"last_name":"popo","_id":"63d2908040de16f6e3ab7b93","isActive":false,"first_name":"toti","email":"test1@test.com","isEmailConfirmed":true}},{"volume":111,"product":null,"__v":0,"_id":"63d8cb65c115c661264521f3","user":{"birth_day":"1970-01-01T05:33:10.501Z","password":"$2b$10$E0uK7dNALudEaX3tb\/O5guG3PsN27tMvbhwv.y0PFmENiCTdp12Q.","role":["User"],"phone":"696104199","isCreatedByAdmin":false,"__v":0,"last_name":"popo","_id":"63d2908040de16f6e3ab7b93","isActive":false,"first_name":"toti","email":"test1@test.com","isEmailConfirmed":true}},{"volume":50,"product":null,"__v":0,"_id":"63d8d1c9c115c661264521f9","user":{"birth_day":"1970-01-01T05:33:10.501Z","password":"$2b$10$E0uK7dNALudEaX3tb\/O5guG3PsN27tMvbhwv.y0PFmENiCTdp12Q.","role":["User"],"phone":"696104199","isCreatedByAdmin":false,"__v":0,"last_name":"popo","_id":"63d2908040de16f6e3ab7b93","isActive":false,"first_name":"toti","email":"test1@test.com","isEmailConfirmed":true}},{"volume":70,"product":null,"__v":0,"_id":"63d8de12f4337c63385fc47c","user":{"birth_day":"1970-01-01T05:33:10.501Z","password":"$2b$10$E0uK7dNALudEaX3tb\/O5guG3PsN27tMvbhwv.y0PFmENiCTdp12Q.","role":["User"],"phone":"696104199","isCreatedByAdmin":false,"__v":0,"last_name":"popo","_id":"63d2908040de16f6e3ab7b93","isActive":false,"first_name":"toti","email":"test1@test.com","isEmailConfirmed":true}},{"volume":1222,"product":null,"__v":0,"_id":"63d8e4d599787748813ed491","user":{"birth_day":"1970-01-01T05:33:10.501Z","password":"$2b$10$E0uK7dNALudEaX3tb\/O5guG3PsN27tMvbhwv.y0PFmENiCTdp12Q.","role":["User"],"phone":"696104199","isCreatedByAdmin":false,"__v":0,"last_name":"popo","_id":"63d2908040de16f6e3ab7b93","isActive":false,"first_name":"toti","email":"test1@test.com","isEmailConfirmed":true}},{"volume":1222,"product":null,"__v":0,"_id":"63d8e69d642c4a1e8bc81cb3","user":{"birth_day":"1970-01-01T05:33:10.501Z","password":"$2b$10$E0uK7dNALudEaX3tb\/O5guG3PsN27tMvbhwv.y0PFmENiCTdp12Q.","role":["User"],"phone":"696104199","isCreatedByAdmin":false,"__v":0,"last_name":"popo","_id":"63d2908040de16f6e3ab7b93","isActive":false,"first_name":"toti","email":"test1@test.com","isEmailConfirmed":true}},{"volume":1552,"product":null,"__v":0,"_id":"63d8e7251fa7a3af3d6f1088","user":{"birth_day":"1970-01-01T05:33:10.501Z","password":"$2b$10$E0uK7dNALudEaX3tb\/O5guG3PsN27tMvbhwv.y0PFmENiCTdp12Q.","role":["User"],"phone":"696104199","isCreatedByAdmin":false,"__v":0,"last_name":"popo","_id":"63d2908040de16f6e3ab7b93","isActive":false,"first_name":"toti","email":"test1@test.com","isEmailConfirmed":true}},{"volume":1552,"product":null,"__v":0,"_id":"63d8e8461fa7a3af3d6f108d","user":{"birth_day":"1970-01-01T05:33:10.501Z","password":"$2b$10$E0uK7dNALudEaX3tb\/O5guG3PsN27tMvbhwv.y0PFmENiCTdp12Q.","role":["User"],"phone":"696104199","isCreatedByAdmin":false,"__v":0,"last_name":"popo","_id":"63d2908040de16f6e3ab7b93","isActive":false,"first_name":"toti","email":"test1@test.com","isEmailConfirmed":true}},{"volume":2,"product":null,"__v":0,"_id":"63d8e8d81fa7a3af3d6f1092","user":{"birth_day":"1970-01-01T05:33:10.501Z","password":"$2b$10$E0uK7dNALudEaX3tb\/O5guG3PsN27tMvbhwv.y0PFmENiCTdp12Q.","role":["User"],"phone":"696104199","isCreatedByAdmin":false,"__v":0,"last_name":"popo","_id":"63d2908040de16f6e3ab7b93","isActive":false,"first_name":"toti","email":"test1@test.com","isEmailConfirmed":true}},{"volume":2,"product":null,"__v":0,"_id":"63d8e97774b498d160b20197","user":{"birth_day":"1970-01-01T05:33:10.501Z","password":"$2b$10$E0uK7dNALudEaX3tb\/O5guG3PsN27tMvbhwv.y0PFmENiCTdp12Q.","role":["User"],"phone":"696104199","isCreatedByAdmin":false,"__v":0,"last_name":"popo","_id":"63d2908040de16f6e3ab7b93","isActive":false,"first_name":"toti","email":"test1@test.com","isEmailConfirmed":true}},{"volume":5,"product":null,"__v":0,"_id":"63d8ea2a586b63e48b760dae","user":{"birth_day":"1970-01-01T05:33:10.501Z","password":"$2b$10$E0uK7dNALudEaX3tb\/O5guG3PsN27tMvbhwv.y0PFmENiCTdp12Q.","role":["User"],"phone":"696104199","isCreatedByAdmin":false,"__v":0,"last_name":"popo","_id":"63d2908040de16f6e3ab7b93","isActive":false,"first_name":"toti","email":"test1@test.com","isEmailConfirmed":true}},{"volume":2,"product":null,"__v":0,"_id":"63eb6b1bf61d6074af2501c6","user":null},{"volume":10,"product":null,"__v":0,"_id":"63ece47f6cb610809cab45da","user":{"birth_day":"1970-01-01T05:28:20.118Z","password":"$2b$10$CmVSy8UmmadypLu7y7d\/eOs4baSNkYk6ja2gsFrI\/4Z74ix0r4PZy","role":["User"],"phone":"696074199","isCreatedByAdmin":false,"__v":0,"last_name":"fafnirukihj","_id":"63c80c13e56165ca64b4a6cb","isActive":false,"first_name":"Fafnirou3kl","email":"hamman2@mail.com","isEmailConfirmed":false}}]
16:49:36.470 [main] INFO  com.intuit.karate - [print] [
  {
    "volume": 3,
    "product": null,
    "__v": 0,
    "_id": "63d2a4867ab834e9abe21c21",
    "user": {
      "birth_day": "1970-01-01T05:33:10.501Z",
      "password": "$2b$10$E0uK7dNALudEaX3tb/O5guG3PsN27tMvbhwv.y0PFmENiCTdp12Q.",
      "role": [
        "User"
      ],
      "phone": "696104199",
      "isCreatedByAdmin": false,
      "__v": 0,
      "last_name": "popo",
      "_id": "63d2908040de16f6e3ab7b93",
      "isActive": false,
      "first_name": "toti",
      "email": "test1@test.com",
      "isEmailConfirmed": true
    }
  },
  {
    "volume": 1,
    "product": null,
    "__v": 0,
    "_id": "63d2a5147ab834e9abe21c26",
    "user": {
      "birth_day": "1970-01-01T05:33:10.501Z",
      "password": "$2b$10$E0uK7dNALudEaX3tb/O5guG3PsN27tMvbhwv.y0PFmENiCTdp12Q.",
      "role": [
        "User"
      ],
      "phone": "696104199",
      "isCreatedByAdmin": false,
      "__v": 0,
      "last_name": "popo",
      "_id": "63d2908040de16f6e3ab7b93",
      "isActive": false,
      "first_name": "toti",
      "email": "test1@test.com",
      "isEmailConfirmed": true
    }
  },
  {
    "volume": 7,
    "product": null,
    "__v": 0,
    "_id": "63d2a5237ab834e9abe21c2b",
    "user": {
      "birth_day": "1970-01-01T05:33:10.501Z",
      "password": "$2b$10$E0uK7dNALudEaX3tb/O5guG3PsN27tMvbhwv.y0PFmENiCTdp12Q.",
      "role": [
        "User"
      ],
      "phone": "696104199",
      "isCreatedByAdmin": false,
      "__v": 0,
      "last_name": "popo",
      "_id": "63d2908040de16f6e3ab7b93",
      "isActive": false,
      "first_name": "toti",
      "email": "test1@test.com",
      "isEmailConfirmed": true
    }
  },
  {
    "volume": 7,
    "product": null,
    "__v": 0,
    "_id": "63d2a7217ab834e9abe21c39",
    "user": {
      "birth_day": "1970-01-01T05:33:10.501Z",
      "password": "$2b$10$E0uK7dNALudEaX3tb/O5guG3PsN27tMvbhwv.y0PFmENiCTdp12Q.",
      "role": [
        "User"
      ],
      "phone": "696104199",
      "isCreatedByAdmin": false,
      "__v": 0,
      "last_name": "popo",
      "_id": "63d2908040de16f6e3ab7b93",
      "isActive": false,
      "first_name": "toti",
      "email": "test1@test.com",
      "isEmailConfirmed": true
    }
  },
  {
    "volume": 49,
    "product": null,
    "__v": 0,
    "_id": "63d78c24c26fc1cbb6148485",
    "user": {
      "birth_day": "1970-01-01T05:33:10.501Z",
      "password": "$2b$10$E0uK7dNALudEaX3tb/O5guG3PsN27tMvbhwv.y0PFmENiCTdp12Q.",
      "role": [
        "User"
      ],
      "phone": "696104199",
      "isCreatedByAdmin": false,
      "__v": 0,
      "last_name": "popo",
      "_id": "63d2908040de16f6e3ab7b93",
      "isActive": false,
      "first_name": "toti",
      "email": "test1@test.com",
      "isEmailConfirmed": true
    }
  },
  {
    "volume": 52,
    "product": null,
    "__v": 0,
    "_id": "63d78c3cc26fc1cbb614848a",
    "user": {
      "birth_day": "1970-01-01T05:33:10.501Z",
      "password": "$2b$10$E0uK7dNALudEaX3tb/O5guG3PsN27tMvbhwv.y0PFmENiCTdp12Q.",
      "role": [
        "User"
      ],
      "phone": "696104199",
      "isCreatedByAdmin": false,
      "__v": 0,
      "last_name": "popo",
      "_id": "63d2908040de16f6e3ab7b93",
      "isActive": false,
      "first_name": "toti",
      "email": "test1@test.com",
      "isEmailConfirmed": true
    }
  },
  {
    "volume": 1000,
    "product": null,
    "__v": 0,
    "_id": "63d78d81c26fc1cbb6148499",
    "user": {
      "birth_day": "1970-01-01T05:33:10.501Z",
      "password": "$2b$10$E0uK7dNALudEaX3tb/O5guG3PsN27tMvbhwv.y0PFmENiCTdp12Q.",
      "role": [
        "User"
      ],
      "phone": "696104199",
      "isCreatedByAdmin": false,
      "__v": 0,
      "last_name": "popo",
      "_id": "63d2908040de16f6e3ab7b93",
      "isActive": false,
      "first_name": "toti",
      "email": "test1@test.com",
      "isEmailConfirmed": true
    }
  },
  {
    "volume": 10,
    "product": null,
    "__v": 0,
    "_id": "63d78d8fc26fc1cbb614849e",
    "user": {
      "birth_day": "1970-01-01T05:33:10.501Z",
      "password": "$2b$10$E0uK7dNALudEaX3tb/O5guG3PsN27tMvbhwv.y0PFmENiCTdp12Q.",
      "role": [
        "User"
      ],
      "phone": "696104199",
      "isCreatedByAdmin": false,
      "__v": 0,
      "last_name": "popo",
      "_id": "63d2908040de16f6e3ab7b93",
      "isActive": false,
      "first_name": "toti",
      "email": "test1@test.com",
      "isEmailConfirmed": true
    }
  },
  {
    "volume": 5000,
    "product": null,
    "__v": 0,
    "_id": "63d78f9071cc2c350eb03f62",
    "user": {
      "birth_day": "1970-01-01T05:33:10.501Z",
      "password": "$2b$10$E0uK7dNALudEaX3tb/O5guG3PsN27tMvbhwv.y0PFmENiCTdp12Q.",
      "role": [
        "User"
      ],
      "phone": "696104199",
      "isCreatedByAdmin": false,
      "__v": 0,
      "last_name": "popo",
      "_id": "63d2908040de16f6e3ab7b93",
      "isActive": false,
      "first_name": "toti",
      "email": "test1@test.com",
      "isEmailConfirmed": true
    }
  },
  {
    "volume": 500,
    "product": null,
    "__v": 0,
    "_id": "63d790ca1b9342000b2407b7",
    "user": {
      "birth_day": "1970-01-01T05:33:10.501Z",
      "password": "$2b$10$E0uK7dNALudEaX3tb/O5guG3PsN27tMvbhwv.y0PFmENiCTdp12Q.",
      "role": [
        "User"
      ],
      "phone": "696104199",
      "isCreatedByAdmin": false,
      "__v": 0,
      "last_name": "popo",
      "_id": "63d2908040de16f6e3ab7b93",
      "isActive": false,
      "first_name": "toti",
      "email": "test1@test.com",
      "isEmailConfirmed": true
    }
  },
  {
    "volume": 50,
    "product": null,
    "__v": 0,
    "_id": "63d7e4a30d128e9ea1d4d4b8",
    "user": {
      "birth_day": "1970-01-01T05:33:10.501Z",
      "password": "$2b$10$E0uK7dNALudEaX3tb/O5guG3PsN27tMvbhwv.y0PFmENiCTdp12Q.",
      "role": [
        "User"
      ],
      "phone": "696104199",
      "isCreatedByAdmin": false,
      "__v": 0,
      "last_name": "popo",
      "_id": "63d2908040de16f6e3ab7b93",
      "isActive": false,
      "first_name": "toti",
      "email": "test1@test.com",
      "isEmailConfirmed": true
    }
  },
  {
    "volume": 50,
    "product": null,
    "__v": 0,
    "_id": "63d7e805c88866b829b4f051",
    "user": {
      "birth_day": "1970-01-01T05:33:10.501Z",
      "password": "$2b$10$E0uK7dNALudEaX3tb/O5guG3PsN27tMvbhwv.y0PFmENiCTdp12Q.",
      "role": [
        "User"
      ],
      "phone": "696104199",
      "isCreatedByAdmin": false,
      "__v": 0,
      "last_name": "popo",
      "_id": "63d2908040de16f6e3ab7b93",
      "isActive": false,
      "first_name": "toti",
      "email": "test1@test.com",
      "isEmailConfirmed": true
    }
  },
  {
    "volume": 100,
    "product": null,
    "__v": 0,
    "_id": "63d7e98bbd1c75e2b2f288a2",
    "user": {
      "birth_day": "1970-01-01T05:33:10.501Z",
      "password": "$2b$10$E0uK7dNALudEaX3tb/O5guG3PsN27tMvbhwv.y0PFmENiCTdp12Q.",
      "role": [
        "User"
      ],
      "phone": "696104199",
      "isCreatedByAdmin": false,
      "__v": 0,
      "last_name": "popo",
      "_id": "63d2908040de16f6e3ab7b93",
      "isActive": false,
      "first_name": "toti",
      "email": "test1@test.com",
      "isEmailConfirmed": true
    }
  },
  {
    "volume": 100,
    "product": null,
    "__v": 0,
    "_id": "63d7eab96836e06eb2366c25",
    "user": {
      "birth_day": "1970-01-01T05:33:10.501Z",
      "password": "$2b$10$E0uK7dNALudEaX3tb/O5guG3PsN27tMvbhwv.y0PFmENiCTdp12Q.",
      "role": [
        "User"
      ],
      "phone": "696104199",
      "isCreatedByAdmin": false,
      "__v": 0,
      "last_name": "popo",
      "_id": "63d2908040de16f6e3ab7b93",
      "isActive": false,
      "first_name": "toti",
      "email": "test1@test.com",
      "isEmailConfirmed": true
    }
  },
  {
    "volume": 880,
    "product": null,
    "__v": 0,
    "_id": "63d7ec0b025975ef74cfc3a5",
    "user": {
      "birth_day": "1970-01-01T05:33:10.501Z",
      "password": "$2b$10$E0uK7dNALudEaX3tb/O5guG3PsN27tMvbhwv.y0PFmENiCTdp12Q.",
      "role": [
        "User"
      ],
      "phone": "696104199",
      "isCreatedByAdmin": false,
      "__v": 0,
      "last_name": "popo",
      "_id": "63d2908040de16f6e3ab7b93",
      "isActive": false,
      "first_name": "toti",
      "email": "test1@test.com",
      "isEmailConfirmed": true
    }
  },
  {
    "volume": 980,
    "product": null,
    "__v": 0,
    "_id": "63d7ef6bf8a6161502568776",
    "user": {
      "birth_day": "1970-01-01T05:33:10.501Z",
      "password": "$2b$10$E0uK7dNALudEaX3tb/O5guG3PsN27tMvbhwv.y0PFmENiCTdp12Q.",
      "role": [
        "User"
      ],
      "phone": "696104199",
      "isCreatedByAdmin": false,
      "__v": 0,
      "last_name": "popo",
      "_id": "63d2908040de16f6e3ab7b93",
      "isActive": false,
      "first_name": "toti",
      "email": "test1@test.com",
      "isEmailConfirmed": true
    }
  },
  {
    "volume": 280,
    "product": null,
    "__v": 0,
    "_id": "63d7f184c115c661264521e4",
    "user": {
      "birth_day": "1970-01-01T05:33:10.501Z",
      "password": "$2b$10$E0uK7dNALudEaX3tb/O5guG3PsN27tMvbhwv.y0PFmENiCTdp12Q.",
      "role": [
        "User"
      ],
      "phone": "696104199",
      "isCreatedByAdmin": false,
      "__v": 0,
      "last_name": "popo",
      "_id": "63d2908040de16f6e3ab7b93",
      "isActive": false,
      "first_name": "toti",
      "email": "test1@test.com",
      "isEmailConfirmed": true
    }
  },
  {
    "volume": 120,
    "product": null,
    "__v": 0,
    "_id": "63d8c727c115c661264521e9",
    "user": {
      "birth_day": "1970-01-01T05:33:10.501Z",
      "password": "$2b$10$E0uK7dNALudEaX3tb/O5guG3PsN27tMvbhwv.y0PFmENiCTdp12Q.",
      "role": [
        "User"
      ],
      "phone": "696104199",
      "isCreatedByAdmin": false,
      "__v": 0,
      "last_name": "popo",
      "_id": "63d2908040de16f6e3ab7b93",
      "isActive": false,
      "first_name": "toti",
      "email": "test1@test.com",
      "isEmailConfirmed": true
    }
  },
  {
    "volume": 870,
    "product": null,
    "__v": 0,
    "_id": "63d8c748c115c661264521ee",
    "user": {
      "birth_day": "1970-01-01T05:33:10.501Z",
      "password": "$2b$10$E0uK7dNALudEaX3tb/O5guG3PsN27tMvbhwv.y0PFmENiCTdp12Q.",
      "role": [
        "User"
      ],
      "phone": "696104199",
      "isCreatedByAdmin": false,
      "__v": 0,
      "last_name": "popo",
      "_id": "63d2908040de16f6e3ab7b93",
      "isActive": false,
      "first_name": "toti",
      "email": "test1@test.com",
      "isEmailConfirmed": true
    }
  },
  {
    "volume": 111,
    "product": null,
    "__v": 0,
    "_id": "63d8cb65c115c661264521f3",
    "user": {
      "birth_day": "1970-01-01T05:33:10.501Z",
      "password": "$2b$10$E0uK7dNALudEaX3tb/O5guG3PsN27tMvbhwv.y0PFmENiCTdp12Q.",
      "role": [
        "User"
      ],
      "phone": "696104199",
      "isCreatedByAdmin": false,
      "__v": 0,
      "last_name": "popo",
      "_id": "63d2908040de16f6e3ab7b93",
      "isActive": false,
      "first_name": "toti",
      "email": "test1@test.com",
      "isEmailConfirmed": true
    }
  },
  {
    "volume": 50,
    "product": null,
    "__v": 0,
    "_id": "63d8d1c9c115c661264521f9",
    "user": {
      "birth_day": "1970-01-01T05:33:10.501Z",
      "password": "$2b$10$E0uK7dNALudEaX3tb/O5guG3PsN27tMvbhwv.y0PFmENiCTdp12Q.",
      "role": [
        "User"
      ],
      "phone": "696104199",
      "isCreatedByAdmin": false,
      "__v": 0,
      "last_name": "popo",
      "_id": "63d2908040de16f6e3ab7b93",
      "isActive": false,
      "first_name": "toti",
      "email": "test1@test.com",
      "isEmailConfirmed": true
    }
  },
  {
    "volume": 70,
    "product": null,
    "__v": 0,
    "_id": "63d8de12f4337c63385fc47c",
    "user": {
      "birth_day": "1970-01-01T05:33:10.501Z",
      "password": "$2b$10$E0uK7dNALudEaX3tb/O5guG3PsN27tMvbhwv.y0PFmENiCTdp12Q.",
      "role": [
        "User"
      ],
      "phone": "696104199",
      "isCreatedByAdmin": false,
      "__v": 0,
      "last_name": "popo",
      "_id": "63d2908040de16f6e3ab7b93",
      "isActive": false,
      "first_name": "toti",
      "email": "test1@test.com",
      "isEmailConfirmed": true
    }
  },
  {
    "volume": 1222,
    "product": null,
    "__v": 0,
    "_id": "63d8e4d599787748813ed491",
    "user": {
      "birth_day": "1970-01-01T05:33:10.501Z",
      "password": "$2b$10$E0uK7dNALudEaX3tb/O5guG3PsN27tMvbhwv.y0PFmENiCTdp12Q.",
      "role": [
        "User"
      ],
      "phone": "696104199",
      "isCreatedByAdmin": false,
      "__v": 0,
      "last_name": "popo",
      "_id": "63d2908040de16f6e3ab7b93",
      "isActive": false,
      "first_name": "toti",
      "email": "test1@test.com",
      "isEmailConfirmed": true
    }
  },
  {
    "volume": 1222,
    "product": null,
    "__v": 0,
    "_id": "63d8e69d642c4a1e8bc81cb3",
    "user": {
      "birth_day": "1970-01-01T05:33:10.501Z",
      "password": "$2b$10$E0uK7dNALudEaX3tb/O5guG3PsN27tMvbhwv.y0PFmENiCTdp12Q.",
      "role": [
        "User"
      ],
      "phone": "696104199",
      "isCreatedByAdmin": false,
      "__v": 0,
      "last_name": "popo",
      "_id": "63d2908040de16f6e3ab7b93",
      "isActive": false,
      "first_name": "toti",
      "email": "test1@test.com",
      "isEmailConfirmed": true
    }
  },
  {
    "volume": 1552,
    "product": null,
    "__v": 0,
    "_id": "63d8e7251fa7a3af3d6f1088",
    "user": {
      "birth_day": "1970-01-01T05:33:10.501Z",
      "password": "$2b$10$E0uK7dNALudEaX3tb/O5guG3PsN27tMvbhwv.y0PFmENiCTdp12Q.",
      "role": [
        "User"
      ],
      "phone": "696104199",
      "isCreatedByAdmin": false,
      "__v": 0,
      "last_name": "popo",
      "_id": "63d2908040de16f6e3ab7b93",
      "isActive": false,
      "first_name": "toti",
      "email": "test1@test.com",
      "isEmailConfirmed": true
    }
  },
  {
    "volume": 1552,
    "product": null,
    "__v": 0,
    "_id": "63d8e8461fa7a3af3d6f108d",
    "user": {
      "birth_day": "1970-01-01T05:33:10.501Z",
      "password": "$2b$10$E0uK7dNALudEaX3tb/O5guG3PsN27tMvbhwv.y0PFmENiCTdp12Q.",
      "role": [
        "User"
      ],
      "phone": "696104199",
      "isCreatedByAdmin": false,
      "__v": 0,
      "last_name": "popo",
      "_id": "63d2908040de16f6e3ab7b93",
      "isActive": false,
      "first_name": "toti",
      "email": "test1@test.com",
      "isEmailConfirmed": true
    }
  },
  {
    "volume": 2,
    "product": null,
    "__v": 0,
    "_id": "63d8e8d81fa7a3af3d6f1092",
    "user": {
      "birth_day": "1970-01-01T05:33:10.501Z",
      "password": "$2b$10$E0uK7dNALudEaX3tb/O5guG3PsN27tMvbhwv.y0PFmENiCTdp12Q.",
      "role": [
        "User"
      ],
      "phone": "696104199",
      "isCreatedByAdmin": false,
      "__v": 0,
      "last_name": "popo",
      "_id": "63d2908040de16f6e3ab7b93",
      "isActive": false,
      "first_name": "toti",
      "email": "test1@test.com",
      "isEmailConfirmed": true
    }
  },
  {
    "volume": 2,
    "product": null,
    "__v": 0,
    "_id": "63d8e97774b498d160b20197",
    "user": {
      "birth_day": "1970-01-01T05:33:10.501Z",
      "password": "$2b$10$E0uK7dNALudEaX3tb/O5guG3PsN27tMvbhwv.y0PFmENiCTdp12Q.",
      "role": [
        "User"
      ],
      "phone": "696104199",
      "isCreatedByAdmin": false,
      "__v": 0,
      "last_name": "popo",
      "_id": "63d2908040de16f6e3ab7b93",
      "isActive": false,
      "first_name": "toti",
      "email": "test1@test.com",
      "isEmailConfirmed": true
    }
  },
  {
    "volume": 5,
    "product": null,
    "__v": 0,
    "_id": "63d8ea2a586b63e48b760dae",
    "user": {
      "birth_day": "1970-01-01T05:33:10.501Z",
      "password": "$2b$10$E0uK7dNALudEaX3tb/O5guG3PsN27tMvbhwv.y0PFmENiCTdp12Q.",
      "role": [
        "User"
      ],
      "phone": "696104199",
      "isCreatedByAdmin": false,
      "__v": 0,
      "last_name": "popo",
      "_id": "63d2908040de16f6e3ab7b93",
      "isActive": false,
      "first_name": "toti",
      "email": "test1@test.com",
      "isEmailConfirmed": true
    }
  },
  {
    "volume": 2,
    "product": null,
    "__v": 0,
    "_id": "63eb6b1bf61d6074af2501c6",
    "user": null
  },
  {
    "volume": 10,
    "product": null,
    "__v": 0,
    "_id": "63ece47f6cb610809cab45da",
    "user": {
      "birth_day": "1970-01-01T05:28:20.118Z",
      "password": "$2b$10$CmVSy8UmmadypLu7y7d/eOs4baSNkYk6ja2gsFrI/4Z74ix0r4PZy",
      "role": [
        "User"
      ],
      "phone": "696074199",
      "isCreatedByAdmin": false,
      "__v": 0,
      "last_name": "fafnirukihj",
      "_id": "63c80c13e56165ca64b4a6cb",
      "isActive": false,
      "first_name": "Fafnirou3kl",
      "email": "hamman2@mail.com",
      "isEmailConfirmed": false
    }
  }
]
 
16:49:36.474 [main] INFO  com.intuit.karate - [print] 200 
16:49:36.491 [main] DEBUG com.intuit.karate - request:
1 > GET https://pesa-backend-production.up.railway.app/api/v1/product-subscription/user/63d2908040de16f6e3ab7b93
1 > Content-type: application/json
1 > Authorization: Bearer eyJhbGciOiJIUzI1NiIsInR5cCI6IkpXVCJ9.eyJpZCI6IjYzZWNhNzVjMjFlNjcxM2Y4YjlmNTRiZiIsImlhdCI6MTY3NjU2MjU1MSwiZXhwIjoxNjc2NjQ4OTUxfQ.EmMsSpapiWV59ThGDr6mymQ2_M9OcsPSAQlJ073yrn4
1 > Host: pesa-backend-production.up.railway.app
1 > Connection: Keep-Alive
1 > User-Agent: Apache-HttpClient/4.5.13 (Java/17.0.1)
1 > Accept-Encoding: gzip,deflate


16:49:41.037 [main] DEBUG com.intuit.karate - response time in milliseconds: 4544
1 < 200
1 < x-powered-by: Express
1 < access-control-allow-origin: *
1 < content-type: application/json; charset=utf-8
1 < content-length: 11586
1 < etag: W/"2d42-hN0lllk7gMWpVBfe6fsRQ/GFIJw"
1 < date: Thu, 16 Feb 2023 15:49:37 GMT
1 < x-envoy-upstream-service-time: 518
1 < server: railway
[{"volume":3,"product":null,"__v":0,"_id":"63d2a4867ab834e9abe21c21","user":{"birth_day":"1970-01-01T05:33:10.501Z","password":"$2b$10$E0uK7dNALudEaX3tb\/O5guG3PsN27tMvbhwv.y0PFmENiCTdp12Q.","role":["User"],"phone":"696104199","isCreatedByAdmin":false,"__v":0,"last_name":"popo","_id":"63d2908040de16f6e3ab7b93","isActive":false,"first_name":"toti","email":"test1@test.com","isEmailConfirmed":true}},{"volume":1,"product":null,"__v":0,"_id":"63d2a5147ab834e9abe21c26","user":{"birth_day":"1970-01-01T05:33:10.501Z","password":"$2b$10$E0uK7dNALudEaX3tb\/O5guG3PsN27tMvbhwv.y0PFmENiCTdp12Q.","role":["User"],"phone":"696104199","isCreatedByAdmin":false,"__v":0,"last_name":"popo","_id":"63d2908040de16f6e3ab7b93","isActive":false,"first_name":"toti","email":"test1@test.com","isEmailConfirmed":true}},{"volume":7,"product":null,"__v":0,"_id":"63d2a5237ab834e9abe21c2b","user":{"birth_day":"1970-01-01T05:33:10.501Z","password":"$2b$10$E0uK7dNALudEaX3tb\/O5guG3PsN27tMvbhwv.y0PFmENiCTdp12Q.","role":["User"],"phone":"696104199","isCreatedByAdmin":false,"__v":0,"last_name":"popo","_id":"63d2908040de16f6e3ab7b93","isActive":false,"first_name":"toti","email":"test1@test.com","isEmailConfirmed":true}},{"volume":7,"product":null,"__v":0,"_id":"63d2a7217ab834e9abe21c39","user":{"birth_day":"1970-01-01T05:33:10.501Z","password":"$2b$10$E0uK7dNALudEaX3tb\/O5guG3PsN27tMvbhwv.y0PFmENiCTdp12Q.","role":["User"],"phone":"696104199","isCreatedByAdmin":false,"__v":0,"last_name":"popo","_id":"63d2908040de16f6e3ab7b93","isActive":false,"first_name":"toti","email":"test1@test.com","isEmailConfirmed":true}},{"volume":49,"product":null,"__v":0,"_id":"63d78c24c26fc1cbb6148485","user":{"birth_day":"1970-01-01T05:33:10.501Z","password":"$2b$10$E0uK7dNALudEaX3tb\/O5guG3PsN27tMvbhwv.y0PFmENiCTdp12Q.","role":["User"],"phone":"696104199","isCreatedByAdmin":false,"__v":0,"last_name":"popo","_id":"63d2908040de16f6e3ab7b93","isActive":false,"first_name":"toti","email":"test1@test.com","isEmailConfirmed":true}},{"volume":52,"product":null,"__v":0,"_id":"63d78c3cc26fc1cbb614848a","user":{"birth_day":"1970-01-01T05:33:10.501Z","password":"$2b$10$E0uK7dNALudEaX3tb\/O5guG3PsN27tMvbhwv.y0PFmENiCTdp12Q.","role":["User"],"phone":"696104199","isCreatedByAdmin":false,"__v":0,"last_name":"popo","_id":"63d2908040de16f6e3ab7b93","isActive":false,"first_name":"toti","email":"test1@test.com","isEmailConfirmed":true}},{"volume":1000,"product":null,"__v":0,"_id":"63d78d81c26fc1cbb6148499","user":{"birth_day":"1970-01-01T05:33:10.501Z","password":"$2b$10$E0uK7dNALudEaX3tb\/O5guG3PsN27tMvbhwv.y0PFmENiCTdp12Q.","role":["User"],"phone":"696104199","isCreatedByAdmin":false,"__v":0,"last_name":"popo","_id":"63d2908040de16f6e3ab7b93","isActive":false,"first_name":"toti","email":"test1@test.com","isEmailConfirmed":true}},{"volume":10,"product":null,"__v":0,"_id":"63d78d8fc26fc1cbb614849e","user":{"birth_day":"1970-01-01T05:33:10.501Z","password":"$2b$10$E0uK7dNALudEaX3tb\/O5guG3PsN27tMvbhwv.y0PFmENiCTdp12Q.","role":["User"],"phone":"696104199","isCreatedByAdmin":false,"__v":0,"last_name":"popo","_id":"63d2908040de16f6e3ab7b93","isActive":false,"first_name":"toti","email":"test1@test.com","isEmailConfirmed":true}},{"volume":5000,"product":null,"__v":0,"_id":"63d78f9071cc2c350eb03f62","user":{"birth_day":"1970-01-01T05:33:10.501Z","password":"$2b$10$E0uK7dNALudEaX3tb\/O5guG3PsN27tMvbhwv.y0PFmENiCTdp12Q.","role":["User"],"phone":"696104199","isCreatedByAdmin":false,"__v":0,"last_name":"popo","_id":"63d2908040de16f6e3ab7b93","isActive":false,"first_name":"toti","email":"test1@test.com","isEmailConfirmed":true}},{"volume":500,"product":null,"__v":0,"_id":"63d790ca1b9342000b2407b7","user":{"birth_day":"1970-01-01T05:33:10.501Z","password":"$2b$10$E0uK7dNALudEaX3tb\/O5guG3PsN27tMvbhwv.y0PFmENiCTdp12Q.","role":["User"],"phone":"696104199","isCreatedByAdmin":false,"__v":0,"last_name":"popo","_id":"63d2908040de16f6e3ab7b93","isActive":false,"first_name":"toti","email":"test1@test.com","isEmailConfirmed":true}},{"volume":50,"product":null,"__v":0,"_id":"63d7e4a30d128e9ea1d4d4b8","user":{"birth_day":"1970-01-01T05:33:10.501Z","password":"$2b$10$E0uK7dNALudEaX3tb\/O5guG3PsN27tMvbhwv.y0PFmENiCTdp12Q.","role":["User"],"phone":"696104199","isCreatedByAdmin":false,"__v":0,"last_name":"popo","_id":"63d2908040de16f6e3ab7b93","isActive":false,"first_name":"toti","email":"test1@test.com","isEmailConfirmed":true}},{"volume":50,"product":null,"__v":0,"_id":"63d7e805c88866b829b4f051","user":{"birth_day":"1970-01-01T05:33:10.501Z","password":"$2b$10$E0uK7dNALudEaX3tb\/O5guG3PsN27tMvbhwv.y0PFmENiCTdp12Q.","role":["User"],"phone":"696104199","isCreatedByAdmin":false,"__v":0,"last_name":"popo","_id":"63d2908040de16f6e3ab7b93","isActive":false,"first_name":"toti","email":"test1@test.com","isEmailConfirmed":true}},{"volume":100,"product":null,"__v":0,"_id":"63d7e98bbd1c75e2b2f288a2","user":{"birth_day":"1970-01-01T05:33:10.501Z","password":"$2b$10$E0uK7dNALudEaX3tb\/O5guG3PsN27tMvbhwv.y0PFmENiCTdp12Q.","role":["User"],"phone":"696104199","isCreatedByAdmin":false,"__v":0,"last_name":"popo","_id":"63d2908040de16f6e3ab7b93","isActive":false,"first_name":"toti","email":"test1@test.com","isEmailConfirmed":true}},{"volume":100,"product":null,"__v":0,"_id":"63d7eab96836e06eb2366c25","user":{"birth_day":"1970-01-01T05:33:10.501Z","password":"$2b$10$E0uK7dNALudEaX3tb\/O5guG3PsN27tMvbhwv.y0PFmENiCTdp12Q.","role":["User"],"phone":"696104199","isCreatedByAdmin":false,"__v":0,"last_name":"popo","_id":"63d2908040de16f6e3ab7b93","isActive":false,"first_name":"toti","email":"test1@test.com","isEmailConfirmed":true}},{"volume":880,"product":null,"__v":0,"_id":"63d7ec0b025975ef74cfc3a5","user":{"birth_day":"1970-01-01T05:33:10.501Z","password":"$2b$10$E0uK7dNALudEaX3tb\/O5guG3PsN27tMvbhwv.y0PFmENiCTdp12Q.","role":["User"],"phone":"696104199","isCreatedByAdmin":false,"__v":0,"last_name":"popo","_id":"63d2908040de16f6e3ab7b93","isActive":false,"first_name":"toti","email":"test1@test.com","isEmailConfirmed":true}},{"volume":980,"product":null,"__v":0,"_id":"63d7ef6bf8a6161502568776","user":{"birth_day":"1970-01-01T05:33:10.501Z","password":"$2b$10$E0uK7dNALudEaX3tb\/O5guG3PsN27tMvbhwv.y0PFmENiCTdp12Q.","role":["User"],"phone":"696104199","isCreatedByAdmin":false,"__v":0,"last_name":"popo","_id":"63d2908040de16f6e3ab7b93","isActive":false,"first_name":"toti","email":"test1@test.com","isEmailConfirmed":true}},{"volume":280,"product":null,"__v":0,"_id":"63d7f184c115c661264521e4","user":{"birth_day":"1970-01-01T05:33:10.501Z","password":"$2b$10$E0uK7dNALudEaX3tb\/O5guG3PsN27tMvbhwv.y0PFmENiCTdp12Q.","role":["User"],"phone":"696104199","isCreatedByAdmin":false,"__v":0,"last_name":"popo","_id":"63d2908040de16f6e3ab7b93","isActive":false,"first_name":"toti","email":"test1@test.com","isEmailConfirmed":true}},{"volume":120,"product":null,"__v":0,"_id":"63d8c727c115c661264521e9","user":{"birth_day":"1970-01-01T05:33:10.501Z","password":"$2b$10$E0uK7dNALudEaX3tb\/O5guG3PsN27tMvbhwv.y0PFmENiCTdp12Q.","role":["User"],"phone":"696104199","isCreatedByAdmin":false,"__v":0,"last_name":"popo","_id":"63d2908040de16f6e3ab7b93","isActive":false,"first_name":"toti","email":"test1@test.com","isEmailConfirmed":true}},{"volume":870,"product":null,"__v":0,"_id":"63d8c748c115c661264521ee","user":{"birth_day":"1970-01-01T05:33:10.501Z","password":"$2b$10$E0uK7dNALudEaX3tb\/O5guG3PsN27tMvbhwv.y0PFmENiCTdp12Q.","role":["User"],"phone":"696104199","isCreatedByAdmin":false,"__v":0,"last_name":"popo","_id":"63d2908040de16f6e3ab7b93","isActive":false,"first_name":"toti","email":"test1@test.com","isEmailConfirmed":true}},{"volume":111,"product":null,"__v":0,"_id":"63d8cb65c115c661264521f3","user":{"birth_day":"1970-01-01T05:33:10.501Z","password":"$2b$10$E0uK7dNALudEaX3tb\/O5guG3PsN27tMvbhwv.y0PFmENiCTdp12Q.","role":["User"],"phone":"696104199","isCreatedByAdmin":false,"__v":0,"last_name":"popo","_id":"63d2908040de16f6e3ab7b93","isActive":false,"first_name":"toti","email":"test1@test.com","isEmailConfirmed":true}},{"volume":50,"product":null,"__v":0,"_id":"63d8d1c9c115c661264521f9","user":{"birth_day":"1970-01-01T05:33:10.501Z","password":"$2b$10$E0uK7dNALudEaX3tb\/O5guG3PsN27tMvbhwv.y0PFmENiCTdp12Q.","role":["User"],"phone":"696104199","isCreatedByAdmin":false,"__v":0,"last_name":"popo","_id":"63d2908040de16f6e3ab7b93","isActive":false,"first_name":"toti","email":"test1@test.com","isEmailConfirmed":true}},{"volume":70,"product":null,"__v":0,"_id":"63d8de12f4337c63385fc47c","user":{"birth_day":"1970-01-01T05:33:10.501Z","password":"$2b$10$E0uK7dNALudEaX3tb\/O5guG3PsN27tMvbhwv.y0PFmENiCTdp12Q.","role":["User"],"phone":"696104199","isCreatedByAdmin":false,"__v":0,"last_name":"popo","_id":"63d2908040de16f6e3ab7b93","isActive":false,"first_name":"toti","email":"test1@test.com","isEmailConfirmed":true}},{"volume":1222,"product":null,"__v":0,"_id":"63d8e4d599787748813ed491","user":{"birth_day":"1970-01-01T05:33:10.501Z","password":"$2b$10$E0uK7dNALudEaX3tb\/O5guG3PsN27tMvbhwv.y0PFmENiCTdp12Q.","role":["User"],"phone":"696104199","isCreatedByAdmin":false,"__v":0,"last_name":"popo","_id":"63d2908040de16f6e3ab7b93","isActive":false,"first_name":"toti","email":"test1@test.com","isEmailConfirmed":true}},{"volume":1222,"product":null,"__v":0,"_id":"63d8e69d642c4a1e8bc81cb3","user":{"birth_day":"1970-01-01T05:33:10.501Z","password":"$2b$10$E0uK7dNALudEaX3tb\/O5guG3PsN27tMvbhwv.y0PFmENiCTdp12Q.","role":["User"],"phone":"696104199","isCreatedByAdmin":false,"__v":0,"last_name":"popo","_id":"63d2908040de16f6e3ab7b93","isActive":false,"first_name":"toti","email":"test1@test.com","isEmailConfirmed":true}},{"volume":1552,"product":null,"__v":0,"_id":"63d8e7251fa7a3af3d6f1088","user":{"birth_day":"1970-01-01T05:33:10.501Z","password":"$2b$10$E0uK7dNALudEaX3tb\/O5guG3PsN27tMvbhwv.y0PFmENiCTdp12Q.","role":["User"],"phone":"696104199","isCreatedByAdmin":false,"__v":0,"last_name":"popo","_id":"63d2908040de16f6e3ab7b93","isActive":false,"first_name":"toti","email":"test1@test.com","isEmailConfirmed":true}},{"volume":1552,"product":null,"__v":0,"_id":"63d8e8461fa7a3af3d6f108d","user":{"birth_day":"1970-01-01T05:33:10.501Z","password":"$2b$10$E0uK7dNALudEaX3tb\/O5guG3PsN27tMvbhwv.y0PFmENiCTdp12Q.","role":["User"],"phone":"696104199","isCreatedByAdmin":false,"__v":0,"last_name":"popo","_id":"63d2908040de16f6e3ab7b93","isActive":false,"first_name":"toti","email":"test1@test.com","isEmailConfirmed":true}},{"volume":2,"product":null,"__v":0,"_id":"63d8e8d81fa7a3af3d6f1092","user":{"birth_day":"1970-01-01T05:33:10.501Z","password":"$2b$10$E0uK7dNALudEaX3tb\/O5guG3PsN27tMvbhwv.y0PFmENiCTdp12Q.","role":["User"],"phone":"696104199","isCreatedByAdmin":false,"__v":0,"last_name":"popo","_id":"63d2908040de16f6e3ab7b93","isActive":false,"first_name":"toti","email":"test1@test.com","isEmailConfirmed":true}},{"volume":2,"product":null,"__v":0,"_id":"63d8e97774b498d160b20197","user":{"birth_day":"1970-01-01T05:33:10.501Z","password":"$2b$10$E0uK7dNALudEaX3tb\/O5guG3PsN27tMvbhwv.y0PFmENiCTdp12Q.","role":["User"],"phone":"696104199","isCreatedByAdmin":false,"__v":0,"last_name":"popo","_id":"63d2908040de16f6e3ab7b93","isActive":false,"first_name":"toti","email":"test1@test.com","isEmailConfirmed":true}},{"volume":5,"product":null,"__v":0,"_id":"63d8ea2a586b63e48b760dae","user":{"birth_day":"1970-01-01T05:33:10.501Z","password":"$2b$10$E0uK7dNALudEaX3tb\/O5guG3PsN27tMvbhwv.y0PFmENiCTdp12Q.","role":["User"],"phone":"696104199","isCreatedByAdmin":false,"__v":0,"last_name":"popo","_id":"63d2908040de16f6e3ab7b93","isActive":false,"first_name":"toti","email":"test1@test.com","isEmailConfirmed":true}}]
16:49:41.040 [main] INFO  com.intuit.karate - [print] [
  {
    "volume": 3,
    "product": null,
    "__v": 0,
    "_id": "63d2a4867ab834e9abe21c21",
    "user": {
      "birth_day": "1970-01-01T05:33:10.501Z",
      "password": "$2b$10$E0uK7dNALudEaX3tb/O5guG3PsN27tMvbhwv.y0PFmENiCTdp12Q.",
      "role": [
        "User"
      ],
      "phone": "696104199",
      "isCreatedByAdmin": false,
      "__v": 0,
      "last_name": "popo",
      "_id": "63d2908040de16f6e3ab7b93",
      "isActive": false,
      "first_name": "toti",
      "email": "test1@test.com",
      "isEmailConfirmed": true
    }
  },
  {
    "volume": 1,
    "product": null,
    "__v": 0,
    "_id": "63d2a5147ab834e9abe21c26",
    "user": {
      "birth_day": "1970-01-01T05:33:10.501Z",
      "password": "$2b$10$E0uK7dNALudEaX3tb/O5guG3PsN27tMvbhwv.y0PFmENiCTdp12Q.",
      "role": [
        "User"
      ],
      "phone": "696104199",
      "isCreatedByAdmin": false,
      "__v": 0,
      "last_name": "popo",
      "_id": "63d2908040de16f6e3ab7b93",
      "isActive": false,
      "first_name": "toti",
      "email": "test1@test.com",
      "isEmailConfirmed": true
    }
  },
  {
    "volume": 7,
    "product": null,
    "__v": 0,
    "_id": "63d2a5237ab834e9abe21c2b",
    "user": {
      "birth_day": "1970-01-01T05:33:10.501Z",
      "password": "$2b$10$E0uK7dNALudEaX3tb/O5guG3PsN27tMvbhwv.y0PFmENiCTdp12Q.",
      "role": [
        "User"
      ],
      "phone": "696104199",
      "isCreatedByAdmin": false,
      "__v": 0,
      "last_name": "popo",
      "_id": "63d2908040de16f6e3ab7b93",
      "isActive": false,
      "first_name": "toti",
      "email": "test1@test.com",
      "isEmailConfirmed": true
    }
  },
  {
    "volume": 7,
    "product": null,
    "__v": 0,
    "_id": "63d2a7217ab834e9abe21c39",
    "user": {
      "birth_day": "1970-01-01T05:33:10.501Z",
      "password": "$2b$10$E0uK7dNALudEaX3tb/O5guG3PsN27tMvbhwv.y0PFmENiCTdp12Q.",
      "role": [
        "User"
      ],
      "phone": "696104199",
      "isCreatedByAdmin": false,
      "__v": 0,
      "last_name": "popo",
      "_id": "63d2908040de16f6e3ab7b93",
      "isActive": false,
      "first_name": "toti",
      "email": "test1@test.com",
      "isEmailConfirmed": true
    }
  },
  {
    "volume": 49,
    "product": null,
    "__v": 0,
    "_id": "63d78c24c26fc1cbb6148485",
    "user": {
      "birth_day": "1970-01-01T05:33:10.501Z",
      "password": "$2b$10$E0uK7dNALudEaX3tb/O5guG3PsN27tMvbhwv.y0PFmENiCTdp12Q.",
      "role": [
        "User"
      ],
      "phone": "696104199",
      "isCreatedByAdmin": false,
      "__v": 0,
      "last_name": "popo",
      "_id": "63d2908040de16f6e3ab7b93",
      "isActive": false,
      "first_name": "toti",
      "email": "test1@test.com",
      "isEmailConfirmed": true
    }
  },
  {
    "volume": 52,
    "product": null,
    "__v": 0,
    "_id": "63d78c3cc26fc1cbb614848a",
    "user": {
      "birth_day": "1970-01-01T05:33:10.501Z",
      "password": "$2b$10$E0uK7dNALudEaX3tb/O5guG3PsN27tMvbhwv.y0PFmENiCTdp12Q.",
      "role": [
        "User"
      ],
      "phone": "696104199",
      "isCreatedByAdmin": false,
      "__v": 0,
      "last_name": "popo",
      "_id": "63d2908040de16f6e3ab7b93",
      "isActive": false,
      "first_name": "toti",
      "email": "test1@test.com",
      "isEmailConfirmed": true
    }
  },
  {
    "volume": 1000,
    "product": null,
    "__v": 0,
    "_id": "63d78d81c26fc1cbb6148499",
    "user": {
      "birth_day": "1970-01-01T05:33:10.501Z",
      "password": "$2b$10$E0uK7dNALudEaX3tb/O5guG3PsN27tMvbhwv.y0PFmENiCTdp12Q.",
      "role": [
        "User"
      ],
      "phone": "696104199",
      "isCreatedByAdmin": false,
      "__v": 0,
      "last_name": "popo",
      "_id": "63d2908040de16f6e3ab7b93",
      "isActive": false,
      "first_name": "toti",
      "email": "test1@test.com",
      "isEmailConfirmed": true
    }
  },
  {
    "volume": 10,
    "product": null,
    "__v": 0,
    "_id": "63d78d8fc26fc1cbb614849e",
    "user": {
      "birth_day": "1970-01-01T05:33:10.501Z",
      "password": "$2b$10$E0uK7dNALudEaX3tb/O5guG3PsN27tMvbhwv.y0PFmENiCTdp12Q.",
      "role": [
        "User"
      ],
      "phone": "696104199",
      "isCreatedByAdmin": false,
      "__v": 0,
      "last_name": "popo",
      "_id": "63d2908040de16f6e3ab7b93",
      "isActive": false,
      "first_name": "toti",
      "email": "test1@test.com",
      "isEmailConfirmed": true
    }
  },
  {
    "volume": 5000,
    "product": null,
    "__v": 0,
    "_id": "63d78f9071cc2c350eb03f62",
    "user": {
      "birth_day": "1970-01-01T05:33:10.501Z",
      "password": "$2b$10$E0uK7dNALudEaX3tb/O5guG3PsN27tMvbhwv.y0PFmENiCTdp12Q.",
      "role": [
        "User"
      ],
      "phone": "696104199",
      "isCreatedByAdmin": false,
      "__v": 0,
      "last_name": "popo",
      "_id": "63d2908040de16f6e3ab7b93",
      "isActive": false,
      "first_name": "toti",
      "email": "test1@test.com",
      "isEmailConfirmed": true
    }
  },
  {
    "volume": 500,
    "product": null,
    "__v": 0,
    "_id": "63d790ca1b9342000b2407b7",
    "user": {
      "birth_day": "1970-01-01T05:33:10.501Z",
      "password": "$2b$10$E0uK7dNALudEaX3tb/O5guG3PsN27tMvbhwv.y0PFmENiCTdp12Q.",
      "role": [
        "User"
      ],
      "phone": "696104199",
      "isCreatedByAdmin": false,
      "__v": 0,
      "last_name": "popo",
      "_id": "63d2908040de16f6e3ab7b93",
      "isActive": false,
      "first_name": "toti",
      "email": "test1@test.com",
      "isEmailConfirmed": true
    }
  },
  {
    "volume": 50,
    "product": null,
    "__v": 0,
    "_id": "63d7e4a30d128e9ea1d4d4b8",
    "user": {
      "birth_day": "1970-01-01T05:33:10.501Z",
      "password": "$2b$10$E0uK7dNALudEaX3tb/O5guG3PsN27tMvbhwv.y0PFmENiCTdp12Q.",
      "role": [
        "User"
      ],
      "phone": "696104199",
      "isCreatedByAdmin": false,
      "__v": 0,
      "last_name": "popo",
      "_id": "63d2908040de16f6e3ab7b93",
      "isActive": false,
      "first_name": "toti",
      "email": "test1@test.com",
      "isEmailConfirmed": true
    }
  },
  {
    "volume": 50,
    "product": null,
    "__v": 0,
    "_id": "63d7e805c88866b829b4f051",
    "user": {
      "birth_day": "1970-01-01T05:33:10.501Z",
      "password": "$2b$10$E0uK7dNALudEaX3tb/O5guG3PsN27tMvbhwv.y0PFmENiCTdp12Q.",
      "role": [
        "User"
      ],
      "phone": "696104199",
      "isCreatedByAdmin": false,
      "__v": 0,
      "last_name": "popo",
      "_id": "63d2908040de16f6e3ab7b93",
      "isActive": false,
      "first_name": "toti",
      "email": "test1@test.com",
      "isEmailConfirmed": true
    }
  },
  {
    "volume": 100,
    "product": null,
    "__v": 0,
    "_id": "63d7e98bbd1c75e2b2f288a2",
    "user": {
      "birth_day": "1970-01-01T05:33:10.501Z",
      "password": "$2b$10$E0uK7dNALudEaX3tb/O5guG3PsN27tMvbhwv.y0PFmENiCTdp12Q.",
      "role": [
        "User"
      ],
      "phone": "696104199",
      "isCreatedByAdmin": false,
      "__v": 0,
      "last_name": "popo",
      "_id": "63d2908040de16f6e3ab7b93",
      "isActive": false,
      "first_name": "toti",
      "email": "test1@test.com",
      "isEmailConfirmed": true
    }
  },
  {
    "volume": 100,
    "product": null,
    "__v": 0,
    "_id": "63d7eab96836e06eb2366c25",
    "user": {
      "birth_day": "1970-01-01T05:33:10.501Z",
      "password": "$2b$10$E0uK7dNALudEaX3tb/O5guG3PsN27tMvbhwv.y0PFmENiCTdp12Q.",
      "role": [
        "User"
      ],
      "phone": "696104199",
      "isCreatedByAdmin": false,
      "__v": 0,
      "last_name": "popo",
      "_id": "63d2908040de16f6e3ab7b93",
      "isActive": false,
      "first_name": "toti",
      "email": "test1@test.com",
      "isEmailConfirmed": true
    }
  },
  {
    "volume": 880,
    "product": null,
    "__v": 0,
    "_id": "63d7ec0b025975ef74cfc3a5",
    "user": {
      "birth_day": "1970-01-01T05:33:10.501Z",
      "password": "$2b$10$E0uK7dNALudEaX3tb/O5guG3PsN27tMvbhwv.y0PFmENiCTdp12Q.",
      "role": [
        "User"
      ],
      "phone": "696104199",
      "isCreatedByAdmin": false,
      "__v": 0,
      "last_name": "popo",
      "_id": "63d2908040de16f6e3ab7b93",
      "isActive": false,
      "first_name": "toti",
      "email": "test1@test.com",
      "isEmailConfirmed": true
    }
  },
  {
    "volume": 980,
    "product": null,
    "__v": 0,
    "_id": "63d7ef6bf8a6161502568776",
    "user": {
      "birth_day": "1970-01-01T05:33:10.501Z",
      "password": "$2b$10$E0uK7dNALudEaX3tb/O5guG3PsN27tMvbhwv.y0PFmENiCTdp12Q.",
      "role": [
        "User"
      ],
      "phone": "696104199",
      "isCreatedByAdmin": false,
      "__v": 0,
      "last_name": "popo",
      "_id": "63d2908040de16f6e3ab7b93",
      "isActive": false,
      "first_name": "toti",
      "email": "test1@test.com",
      "isEmailConfirmed": true
    }
  },
  {
    "volume": 280,
    "product": null,
    "__v": 0,
    "_id": "63d7f184c115c661264521e4",
    "user": {
      "birth_day": "1970-01-01T05:33:10.501Z",
      "password": "$2b$10$E0uK7dNALudEaX3tb/O5guG3PsN27tMvbhwv.y0PFmENiCTdp12Q.",
      "role": [
        "User"
      ],
      "phone": "696104199",
      "isCreatedByAdmin": false,
      "__v": 0,
      "last_name": "popo",
      "_id": "63d2908040de16f6e3ab7b93",
      "isActive": false,
      "first_name": "toti",
      "email": "test1@test.com",
      "isEmailConfirmed": true
    }
  },
  {
    "volume": 120,
    "product": null,
    "__v": 0,
    "_id": "63d8c727c115c661264521e9",
    "user": {
      "birth_day": "1970-01-01T05:33:10.501Z",
      "password": "$2b$10$E0uK7dNALudEaX3tb/O5guG3PsN27tMvbhwv.y0PFmENiCTdp12Q.",
      "role": [
        "User"
      ],
      "phone": "696104199",
      "isCreatedByAdmin": false,
      "__v": 0,
      "last_name": "popo",
      "_id": "63d2908040de16f6e3ab7b93",
      "isActive": false,
      "first_name": "toti",
      "email": "test1@test.com",
      "isEmailConfirmed": true
    }
  },
  {
    "volume": 870,
    "product": null,
    "__v": 0,
    "_id": "63d8c748c115c661264521ee",
    "user": {
      "birth_day": "1970-01-01T05:33:10.501Z",
      "password": "$2b$10$E0uK7dNALudEaX3tb/O5guG3PsN27tMvbhwv.y0PFmENiCTdp12Q.",
      "role": [
        "User"
      ],
      "phone": "696104199",
      "isCreatedByAdmin": false,
      "__v": 0,
      "last_name": "popo",
      "_id": "63d2908040de16f6e3ab7b93",
      "isActive": false,
      "first_name": "toti",
      "email": "test1@test.com",
      "isEmailConfirmed": true
    }
  },
  {
    "volume": 111,
    "product": null,
    "__v": 0,
    "_id": "63d8cb65c115c661264521f3",
    "user": {
      "birth_day": "1970-01-01T05:33:10.501Z",
      "password": "$2b$10$E0uK7dNALudEaX3tb/O5guG3PsN27tMvbhwv.y0PFmENiCTdp12Q.",
      "role": [
        "User"
      ],
      "phone": "696104199",
      "isCreatedByAdmin": false,
      "__v": 0,
      "last_name": "popo",
      "_id": "63d2908040de16f6e3ab7b93",
      "isActive": false,
      "first_name": "toti",
      "email": "test1@test.com",
      "isEmailConfirmed": true
    }
  },
  {
    "volume": 50,
    "product": null,
    "__v": 0,
    "_id": "63d8d1c9c115c661264521f9",
    "user": {
      "birth_day": "1970-01-01T05:33:10.501Z",
      "password": "$2b$10$E0uK7dNALudEaX3tb/O5guG3PsN27tMvbhwv.y0PFmENiCTdp12Q.",
      "role": [
        "User"
      ],
      "phone": "696104199",
      "isCreatedByAdmin": false,
      "__v": 0,
      "last_name": "popo",
      "_id": "63d2908040de16f6e3ab7b93",
      "isActive": false,
      "first_name": "toti",
      "email": "test1@test.com",
      "isEmailConfirmed": true
    }
  },
  {
    "volume": 70,
    "product": null,
    "__v": 0,
    "_id": "63d8de12f4337c63385fc47c",
    "user": {
      "birth_day": "1970-01-01T05:33:10.501Z",
      "password": "$2b$10$E0uK7dNALudEaX3tb/O5guG3PsN27tMvbhwv.y0PFmENiCTdp12Q.",
      "role": [
        "User"
      ],
      "phone": "696104199",
      "isCreatedByAdmin": false,
      "__v": 0,
      "last_name": "popo",
      "_id": "63d2908040de16f6e3ab7b93",
      "isActive": false,
      "first_name": "toti",
      "email": "test1@test.com",
      "isEmailConfirmed": true
    }
  },
  {
    "volume": 1222,
    "product": null,
    "__v": 0,
    "_id": "63d8e4d599787748813ed491",
    "user": {
      "birth_day": "1970-01-01T05:33:10.501Z",
      "password": "$2b$10$E0uK7dNALudEaX3tb/O5guG3PsN27tMvbhwv.y0PFmENiCTdp12Q.",
      "role": [
        "User"
      ],
      "phone": "696104199",
      "isCreatedByAdmin": false,
      "__v": 0,
      "last_name": "popo",
      "_id": "63d2908040de16f6e3ab7b93",
      "isActive": false,
      "first_name": "toti",
      "email": "test1@test.com",
      "isEmailConfirmed": true
    }
  },
  {
    "volume": 1222,
    "product": null,
    "__v": 0,
    "_id": "63d8e69d642c4a1e8bc81cb3",
    "user": {
      "birth_day": "1970-01-01T05:33:10.501Z",
      "password": "$2b$10$E0uK7dNALudEaX3tb/O5guG3PsN27tMvbhwv.y0PFmENiCTdp12Q.",
      "role": [
        "User"
      ],
      "phone": "696104199",
      "isCreatedByAdmin": false,
      "__v": 0,
      "last_name": "popo",
      "_id": "63d2908040de16f6e3ab7b93",
      "isActive": false,
      "first_name": "toti",
      "email": "test1@test.com",
      "isEmailConfirmed": true
    }
  },
  {
    "volume": 1552,
    "product": null,
    "__v": 0,
    "_id": "63d8e7251fa7a3af3d6f1088",
    "user": {
      "birth_day": "1970-01-01T05:33:10.501Z",
      "password": "$2b$10$E0uK7dNALudEaX3tb/O5guG3PsN27tMvbhwv.y0PFmENiCTdp12Q.",
      "role": [
        "User"
      ],
      "phone": "696104199",
      "isCreatedByAdmin": false,
      "__v": 0,
      "last_name": "popo",
      "_id": "63d2908040de16f6e3ab7b93",
      "isActive": false,
      "first_name": "toti",
      "email": "test1@test.com",
      "isEmailConfirmed": true
    }
  },
  {
    "volume": 1552,
    "product": null,
    "__v": 0,
    "_id": "63d8e8461fa7a3af3d6f108d",
    "user": {
      "birth_day": "1970-01-01T05:33:10.501Z",
      "password": "$2b$10$E0uK7dNALudEaX3tb/O5guG3PsN27tMvbhwv.y0PFmENiCTdp12Q.",
      "role": [
        "User"
      ],
      "phone": "696104199",
      "isCreatedByAdmin": false,
      "__v": 0,
      "last_name": "popo",
      "_id": "63d2908040de16f6e3ab7b93",
      "isActive": false,
      "first_name": "toti",
      "email": "test1@test.com",
      "isEmailConfirmed": true
    }
  },
  {
    "volume": 2,
    "product": null,
    "__v": 0,
    "_id": "63d8e8d81fa7a3af3d6f1092",
    "user": {
      "birth_day": "1970-01-01T05:33:10.501Z",
      "password": "$2b$10$E0uK7dNALudEaX3tb/O5guG3PsN27tMvbhwv.y0PFmENiCTdp12Q.",
      "role": [
        "User"
      ],
      "phone": "696104199",
      "isCreatedByAdmin": false,
      "__v": 0,
      "last_name": "popo",
      "_id": "63d2908040de16f6e3ab7b93",
      "isActive": false,
      "first_name": "toti",
      "email": "test1@test.com",
      "isEmailConfirmed": true
    }
  },
  {
    "volume": 2,
    "product": null,
    "__v": 0,
    "_id": "63d8e97774b498d160b20197",
    "user": {
      "birth_day": "1970-01-01T05:33:10.501Z",
      "password": "$2b$10$E0uK7dNALudEaX3tb/O5guG3PsN27tMvbhwv.y0PFmENiCTdp12Q.",
      "role": [
        "User"
      ],
      "phone": "696104199",
      "isCreatedByAdmin": false,
      "__v": 0,
      "last_name": "popo",
      "_id": "63d2908040de16f6e3ab7b93",
      "isActive": false,
      "first_name": "toti",
      "email": "test1@test.com",
      "isEmailConfirmed": true
    }
  },
  {
    "volume": 5,
    "product": null,
    "__v": 0,
    "_id": "63d8ea2a586b63e48b760dae",
    "user": {
      "birth_day": "1970-01-01T05:33:10.501Z",
      "password": "$2b$10$E0uK7dNALudEaX3tb/O5guG3PsN27tMvbhwv.y0PFmENiCTdp12Q.",
      "role": [
        "User"
      ],
      "phone": "696104199",
      "isCreatedByAdmin": false,
      "__v": 0,
      "last_name": "popo",
      "_id": "63d2908040de16f6e3ab7b93",
      "isActive": false,
      "first_name": "toti",
      "email": "test1@test.com",
      "isEmailConfirmed": true
    }
  }
]
 
16:49:41.044 [main] INFO  com.intuit.karate - [print] 200 
16:49:41.055 [main] DEBUG com.intuit.karate - request:
1 > GET https://pesa-backend-production.up.railway.app/api/v1/product-subscription/product/63d2a4867ab834e9abe21c21
1 > Content-type: application/json
1 > Authorization: Bearer eyJhbGciOiJIUzI1NiIsInR5cCI6IkpXVCJ9.eyJpZCI6IjYzZWNhNzVjMjFlNjcxM2Y4YjlmNTRiZiIsImlhdCI6MTY3NjU2MjU1MSwiZXhwIjoxNjc2NjQ4OTUxfQ.EmMsSpapiWV59ThGDr6mymQ2_M9OcsPSAQlJ073yrn4
1 > Host: pesa-backend-production.up.railway.app
1 > Connection: Keep-Alive
1 > User-Agent: Apache-HttpClient/4.5.13 (Java/17.0.1)
1 > Accept-Encoding: gzip,deflate


16:49:42.099 [main] DEBUG com.intuit.karate - response time in milliseconds: 1044
1 < 200
1 < x-powered-by: Express
1 < access-control-allow-origin: *
1 < content-type: application/json; charset=utf-8
1 < content-length: 2
1 < etag: W/"2-l9Fw4VUO7kr8CvBlt4zaMCqXZ0w"
1 < date: Thu, 16 Feb 2023 15:49:41 GMT
1 < x-envoy-upstream-service-time: 255
1 < server: railway
[]
16:49:42.101 [main] INFO  com.intuit.karate - [print] [
]
 
16:49:42.103 [main] INFO  com.intuit.karate - [print] 200 
16:49:42.111 [main] DEBUG com.intuit.karate - request:
1 > GET https://pesa-backend-production.up.railway.app/api/v1/product-subscription/63d2a4867ab834e9abe21c21
1 > Content-type: application/json
1 > Authorization: Bearer eyJhbGciOiJIUzI1NiIsInR5cCI6IkpXVCJ9.eyJpZCI6IjYzZWNhNzVjMjFlNjcxM2Y4YjlmNTRiZiIsImlhdCI6MTY3NjU2MjU1MSwiZXhwIjoxNjc2NjQ4OTUxfQ.EmMsSpapiWV59ThGDr6mymQ2_M9OcsPSAQlJ073yrn4
1 > Host: pesa-backend-production.up.railway.app
1 > Connection: Keep-Alive
1 > User-Agent: Apache-HttpClient/4.5.13 (Java/17.0.1)
1 > Accept-Encoding: gzip,deflate


16:49:44.125 [main] DEBUG com.intuit.karate - response time in milliseconds: 2013
1 < 200
1 < x-powered-by: Express
1 < access-control-allow-origin: *
1 < content-type: application/json; charset=utf-8
1 < content-length: 397
1 < etag: W/"18d-C4q2akXedVkX8BUEQGzpLMgVHoY"
1 < date: Thu, 16 Feb 2023 15:49:43 GMT
1 < x-envoy-upstream-service-time: 510
1 < server: railway
{"volume":3,"product":null,"__v":0,"_id":"63d2a4867ab834e9abe21c21","user":{"birth_day":"1970-01-01T05:33:10.501Z","password":"$2b$10$E0uK7dNALudEaX3tb\/O5guG3PsN27tMvbhwv.y0PFmENiCTdp12Q.","role":["User"],"phone":"696104199","isCreatedByAdmin":false,"__v":0,"last_name":"popo","_id":"63d2908040de16f6e3ab7b93","isActive":false,"first_name":"toti","email":"test1@test.com","isEmailConfirmed":true}}
16:49:44.126 [main] INFO  com.intuit.karate - [print] {
  "volume": 3,
  "product": null,
  "__v": 0,
  "_id": "63d2a4867ab834e9abe21c21",
  "user": {
    "birth_day": "1970-01-01T05:33:10.501Z",
    "password": "$2b$10$E0uK7dNALudEaX3tb/O5guG3PsN27tMvbhwv.y0PFmENiCTdp12Q.",
    "role": [
      "User"
    ],
    "phone": "696104199",
    "isCreatedByAdmin": false,
    "__v": 0,
    "last_name": "popo",
    "_id": "63d2908040de16f6e3ab7b93",
    "isActive": false,
    "first_name": "toti",
    "email": "test1@test.com",
    "isEmailConfirmed": true
  }
}
 
16:49:44.128 [main] INFO  com.intuit.karate - [print] 200 
---------------------------------------------------------
feature: classpath:examples/tests/Get.feature
scenarios: 11 | passed:  8 | failed:  3 | time: 32,3137
---------------------------------------------------------

16:49:45.723 [main] INFO  com.intuit.karate.Suite - <<fail>> feature 1 of 3 (0 remaining) classpath:examples/tests/Get.feature
16:49:45.743 [main] DEBUG com.intuit.karate - request:
1 > POST https://pesa-backend-production.up.railway.app/api/v1/auth/login
1 > Content-type: application/json; charset=UTF-8
1 > Content-Length: 51
1 > Host: pesa-backend-production.up.railway.app
1 > Connection: Keep-Alive
1 > User-Agent: Apache-HttpClient/4.5.13 (Java/17.0.1)
1 > Accept-Encoding: gzip,deflate
{"password":123457,"email":"gabitendong@gmail.com"}

16:49:46.853 [main] DEBUG com.intuit.karate - response time in milliseconds: 1108
1 < 201
1 < x-powered-by: Express
1 < access-control-allow-origin: *
1 < content-type: application/json; charset=utf-8
1 < content-length: 524
1 < etag: W/"20c-u7O/YO2RKF+iGFkEy6jrVC1+scs"
1 < date: Thu, 16 Feb 2023 15:49:46 GMT
1 < x-envoy-upstream-service-time: 336
1 < server: railway
{"user":{"birth_day":"2003-02-15T00:00:00.000Z","password":"$2b$10$P8AGzDh6FQ0R0DYi9sG3VeVJmVsLBVFFg85OUiFmxBbLOtmNBo2ki","role":["User"],"phone":"655757902","isCreatedByAdmin":false,"__v":0,"last_name":"Tendong","_id":"63eca75c21e6713f8b9f54bf","isActive":true,"first_name":"Gabriel","email":"gabitendong@gmail.com","isEmailConfirmed":true},"token":"eyJhbGciOiJIUzI1NiIsInR5cCI6IkpXVCJ9.eyJpZCI6IjYzZWNhNzVjMjFlNjcxM2Y4YjlmNTRiZiIsImlhdCI6MTY3NjU2MjU4NiwiZXhwIjoxNjc2NjQ4OTg2fQ.nSyP1KLGYDvgYz7w_TL_TPQDCSoQ74dMt-vRqCuOB_8"}
16:49:46.855 [main] INFO  com.intuit.karate - [print] {
  "user": {
    "birth_day": "2003-02-15T00:00:00.000Z",
    "password": "$2b$10$P8AGzDh6FQ0R0DYi9sG3VeVJmVsLBVFFg85OUiFmxBbLOtmNBo2ki",
    "role": [
      "User"
    ],
    "phone": "655757902",
    "isCreatedByAdmin": false,
    "__v": 0,
    "last_name": "Tendong",
    "_id": "63eca75c21e6713f8b9f54bf",
    "isActive": true,
    "first_name": "Gabriel",
    "email": "gabitendong@gmail.com",
    "isEmailConfirmed": true
  },
  "token": "eyJhbGciOiJIUzI1NiIsInR5cCI6IkpXVCJ9.eyJpZCI6IjYzZWNhNzVjMjFlNjcxM2Y4YjlmNTRiZiIsImlhdCI6MTY3NjU2MjU4NiwiZXhwIjoxNjc2NjQ4OTg2fQ.nSyP1KLGYDvgYz7w_TL_TPQDCSoQ74dMt-vRqCuOB_8"
}
 
---------------------------------------------------------
feature: classpath:examples/tests/login.feature
scenarios:  1 | passed:  1 | failed:  0 | time: 1,1151
---------------------------------------------------------

16:49:46.996 [main] INFO  com.intuit.karate.Suite - <<pass>> feature 2 of 3 (0 remaining) classpath:examples/tests/login.feature
16:49:47.019 [main] DEBUG com.intuit.karate - request:
1 > POST https://pesa-backend-production.up.railway.app/api/v1/user/register
1 > Content-type: application/json; charset=UTF-8
1 > Authorization: Bearer eyJhbGciOiJIUzI1NiIsInR5cCI6IkpXVCJ9.eyJpZCI6IjYzZWNhNzVjMjFlNjcxM2Y4YjlmNTRiZiIsImlhdCI6MTY3NjU2MjU1MSwiZXhwIjoxNjc2NjQ4OTUxfQ.EmMsSpapiWV59ThGDr6mymQ2_M9OcsPSAQlJ073yrn4
1 > Content-Length: 212
1 > Host: pesa-backend-production.up.railway.app
1 > Connection: Keep-Alive
1 > User-Agent: Apache-HttpClient/4.5.13 (Java/17.0.1)
1 > Accept-Encoding: gzip,deflate
{"birth_day":"19990509","password":362014,"role":["User"],"phone":"696894199","isCreatedByAdmin":true,"last_name":"Zara","isActive":true,"first_name":"Tesfaye7","email":"tesf5@gmail.com","isEmailConfirmed":false}

16:49:48.042 [main] DEBUG com.intuit.karate - response time in milliseconds: 1022
1 < 400
1 < x-powered-by: Express
1 < access-control-allow-origin: *
1 < content-type: application/json; charset=utf-8
1 < content-length: 60
1 < etag: W/"3c-sOjAHxUfop+VJJ441DfKxdsX/wo"
1 < date: Thu, 16 Feb 2023 15:49:47 GMT
1 < x-envoy-upstream-service-time: 260
1 < server: railway
{"message":"Cet utilisateur existe déjà","statusCode":400}
16:49:48.043 [main] ERROR com.intuit.karate - classpath:examples/tests/Post.feature:17
Then status 201
status code was: 400, expected: 201, response time in milliseconds: 1022, url: https://pesa-backend-production.up.railway.app/api/v1/user/register, response: 
{"statusCode":400,"message":"Cet utilisateur existe déjà"}
classpath:examples/tests/Post.feature:17
16:49:48.051 [main] DEBUG com.intuit.karate - request:
1 > POST https://pesa-backend-production.up.railway.app/api/v1/wallet
1 > Content-type: application/json; charset=UTF-8
1 > Authorization: Bearer eyJhbGciOiJIUzI1NiIsInR5cCI6IkpXVCJ9.eyJpZCI6IjYzZWNhNzVjMjFlNjcxM2Y4YjlmNTRiZiIsImlhdCI6MTY3NjU2MjU1MSwiZXhwIjoxNjc2NjQ4OTUxfQ.EmMsSpapiWV59ThGDr6mymQ2_M9OcsPSAQlJ073yrn4
1 > Content-Length: 257
1 > Host: pesa-backend-production.up.railway.app
1 > Connection: Keep-Alive
1 > User-Agent: Apache-HttpClient/4.5.13 (Java/17.0.1)
1 > Accept-Encoding: gzip,deflate
{"product":"63e4f9e4e1cbdc16bbbe9d82","initial_value":0,"cumulative_performance":0,"liquidity_value":0,"performance_hebdo":0,"liquidity_frequency":0,"YTD":0,"designation":"string","cumulative_performance_date":"2023-02-15","user":"63c80c13e56165ca64b4a6cb"}

16:49:50.374 [main] DEBUG com.intuit.karate - response time in milliseconds: 2323
1 < 201
1 < x-powered-by: Express
1 < access-control-allow-origin: *
1 < content-type: application/json; charset=utf-8
1 < content-length: 331
1 < etag: W/"14b-qAWFIfxLLOLgePb5DcBQsY+Ss7I"
1 < date: Thu, 16 Feb 2023 15:49:50 GMT
1 < x-envoy-upstream-service-time: 554
1 < server: railway
{"initial_value":0,"cumulative_performance":0,"liquidity_value":0,"performance_hebdo":0,"liquidity_frequency":0,"ytd":0,"products":[],"gestionnaire":"63c80c13e56165ca64b4a6cb","__v":0,"designation":"string","_id":"63ee509d8b2891650680a979","cumulative_performance_date":"2023-02-15T00:00:00.000Z","user":"63c80c13e56165ca64b4a6cb"}
16:49:50.375 [main] INFO  com.intuit.karate - [print] {
  "initial_value": 0,
  "cumulative_performance": 0,
  "liquidity_value": 0,
  "performance_hebdo": 0,
  "liquidity_frequency": 0,
  "ytd": 0,
  "products": [
  ],
  "gestionnaire": "63c80c13e56165ca64b4a6cb",
  "__v": 0,
  "designation": "string",
  "_id": "63ee509d8b2891650680a979",
  "cumulative_performance_date": "2023-02-15T00:00:00.000Z",
  "user": "63c80c13e56165ca64b4a6cb"
}
 
16:49:50.383 [main] DEBUG com.intuit.karate - request:
1 > POST https://pesa-backend-production.up.railway.app/api/v1/product
1 > Content-type: application/json; charset=UTF-8
1 > Authorization: Bearer eyJhbGciOiJIUzI1NiIsInR5cCI6IkpXVCJ9.eyJpZCI6IjYzZWNhNzVjMjFlNjcxM2Y4YjlmNTRiZiIsImlhdCI6MTY3NjU2MjU1MSwiZXhwIjoxNjc2NjQ4OTUxfQ.EmMsSpapiWV59ThGDr6mymQ2_M9OcsPSAQlJ073yrn4
1 > Content-Length: 335
1 > Host: pesa-backend-production.up.railway.app
1 > Connection: Keep-Alive
1 > User-Agent: Apache-HttpClient/4.5.13 (Java/17.0.1)
1 > Accept-Encoding: gzip,deflate
{"maturity":"ZZ20","subscription_deadline_date":"2023-02-15T13:38:10.988Z","value_initial":15000,"liquidity_frequency":"mensuel","Annual_rate":12,"Annual_return":13,"perfomance_hebdo":20,"type":"obligation","value_liquidity":10000,"designation":"Ulrich","rate_of_return":0,"transmitter":"Kamer","value_date":"2023-02-15T13:38:10.988Z"}

16:49:51.675 [main] DEBUG com.intuit.karate - response time in milliseconds: 1292
1 < 201
1 < x-powered-by: Express
1 < access-control-allow-origin: *
1 < content-type: application/json; charset=utf-8
1 < content-length: 454
1 < etag: W/"1c6-gCVkJjx6xFciXalQQDZ7RMIzc9s"
1 < date: Thu, 16 Feb 2023 15:49:51 GMT
1 < x-envoy-upstream-service-time: 527
1 < server: railway
{"maturity":"ZZ20","subscription_deadline_date":"2023-02-15T13:38:10.988Z","value_initial":15000,"liquidity_frequency":"mensuel","Annual_rate":12,"Annual_return":13,"perfomance_hebdo":20,"type":"obligation","createdAt":"2023-02-16T15:49:51.223Z","value_liquidity":10000,"__v":0,"designation":"Ulrich","_id":"63ee509f8b2891650680a97c","rate_of_return":0,"transmitter":"Kamer","value_date":"2023-02-15T13:38:10.988Z","updatedAt":"2023-02-16T15:49:51.223Z"}
16:49:51.676 [main] INFO  com.intuit.karate - [print] {
  "maturity": "ZZ20",
  "subscription_deadline_date": "2023-02-15T13:38:10.988Z",
  "value_initial": 15000,
  "liquidity_frequency": "mensuel",
  "Annual_rate": 12,
  "Annual_return": 13,
  "perfomance_hebdo": 20,
  "type": "obligation",
  "createdAt": "2023-02-16T15:49:51.223Z",
  "value_liquidity": 10000,
  "__v": 0,
  "designation": "Ulrich",
  "_id": "63ee509f8b2891650680a97c",
  "rate_of_return": 0,
  "transmitter": "Kamer",
  "value_date": "2023-02-15T13:38:10.988Z",
  "updatedAt": "2023-02-16T15:49:51.223Z"
}
 
16:49:51.685 [main] DEBUG com.intuit.karate - request:
1 > POST https://pesa-backend-production.up.railway.app/api/v1/product-subscription
1 > Content-type: application/json; charset=UTF-8
1 > Authorization: Bearer eyJhbGciOiJIUzI1NiIsInR5cCI6IkpXVCJ9.eyJpZCI6IjYzZWNhNzVjMjFlNjcxM2Y4YjlmNTRiZiIsImlhdCI6MTY3NjU2MjU1MSwiZXhwIjoxNjc2NjQ4OTUxfQ.EmMsSpapiWV59ThGDr6mymQ2_M9OcsPSAQlJ073yrn4
1 > Content-Length: 84
1 > Host: pesa-backend-production.up.railway.app
1 > Connection: Keep-Alive
1 > User-Agent: Apache-HttpClient/4.5.13 (Java/17.0.1)
1 > Accept-Encoding: gzip,deflate
{"volume":10,"product":"63e4f9e4e1cbdc16bbbe9d82","user":"63c80c13e56165ca64b4a6cb"}

16:49:54.030 [main] DEBUG com.intuit.karate - response time in milliseconds: 2345
1 < 500
1 < x-powered-by: Express
1 < access-control-allow-origin: *
1 < content-type: application/json; charset=utf-8
1 < content-length: 52
1 < etag: W/"34-rlKccw1E+/fV8niQk4oFitDfPro"
1 < date: Thu, 16 Feb 2023 15:49:53 GMT
1 < x-envoy-upstream-service-time: 1576
1 < server: railway
{"message":"Internal server error","statusCode":500}
16:49:54.031 [main] ERROR com.intuit.karate - classpath:examples/tests/Post.feature:45
Then status 201
status code was: 500, expected: 201, response time in milliseconds: 2345, url: https://pesa-backend-production.up.railway.app/api/v1/product-subscription, response: 
{"statusCode":500,"message":"Internal server error"}
classpath:examples/tests/Post.feature:45
---------------------------------------------------------
feature: classpath:examples/tests/Post.feature
scenarios:  4 | passed:  2 | failed:  2 | time: 7,0016
---------------------------------------------------------

16:49:54.319 [main] INFO  com.intuit.karate.Suite - <<fail>> feature 3 of 3 (0 remaining) classpath:examples/tests/Post.feature
16:49:54.321 [main] DEBUG com.intuit.karate.Suite - waiting for 3 features to complete
Karate version: 1.0.1
======================================================
elapsed:  47,96 | threads:    1 | thread time: 40,43 
features:     3 | skipped:    0 | efficiency: 0,84
scenarios:   16 | passed:    11 | failed: 5
======================================================
>>> failed features:
status code was: 400, expected: 201, response time in milliseconds: 1022, url: https://pesa-backend-production.up.railway.app/api/v1/user/register, response: 
{"statusCode":400,"message":"Cet utilisateur existe déjà"}
classpath:examples/tests/Post.feature:17
status code was: 500, expected: 201, response time in milliseconds: 2345, url: https://pesa-backend-production.up.railway.app/api/v1/product-subscription, response: 
{"statusCode":500,"message":"Internal server error"}
classpath:examples/tests/Post.feature:45
did not evaluate to 'true': response.length == 38
classpath:examples/tests/Get.feature:36
http call failed after 5006 milliseconds for url: https://pesa-backend-production.up.railway.app/api/v1/wallet/63df5c36ad437ea9f60e8034
classpath:examples/tests/Get.feature:43
match failed: EQUALS
  $ | data types don't match (NULL:STRING)
  null
  'SC GRé'

classpath:examples/tests/Get.feature:76
<<<

HTML report: (paste into browser to view) | Karate version: 1.0.1
file:///C:/Users/PC114_Zenity/Desktop/Ulrich/projets/KarateAPI/target/karate-reports/karate-summary.html
===================================================================

]]></system-out>
    <system-err><![CDATA[févr. 16, 2023 4:49:54 PM net.masterthought.cucumber.ReportParser parseJsonFiles
INFO: File 'C:\Users\PC114_Zenity\Desktop\Ulrich\projets\KarateAPI\target\karate-reports\examples.tests.Get.json' contains 1 feature(s)
févr. 16, 2023 4:49:54 PM net.masterthought.cucumber.ReportParser parseJsonFiles
INFO: File 'C:\Users\PC114_Zenity\Desktop\Ulrich\projets\KarateAPI\target\karate-reports\examples.tests.login.json' contains 1 feature(s)
févr. 16, 2023 4:49:54 PM net.masterthought.cucumber.ReportParser parseJsonFiles
INFO: File 'C:\Users\PC114_Zenity\Desktop\Ulrich\projets\KarateAPI\target\karate-reports\examples.tests.Post.json' contains 1 feature(s)
]]></system-err>
  </testcase>
</testsuite>